#
# A fatal error has been detected by the Java Runtime Environment:
#
#  EXCEPTION_ACCESS_VIOLATION (0xc0000005) at pc=0x0000000066cc4764, pid=7956, tid=0x0000000000002b8c
#
# JRE version: OpenJDK Runtime Environment (8.0_112-b06) (build 1.8.0_112-release-b06)
# Java VM: OpenJDK 64-Bit Server VM (25.112-b06 mixed mode windows-amd64 compressed oops)
# Problematic frame:
# V  [jvm.dll+0x434764]
#
# Failed to write core dump. Minidumps are not enabled by default on client versions of Windows
#
# If you would like to submit a bug report, please visit:
#   http://bugreport.java.com/bugreport/crash.jsp
#

---------------  T H R E A D  ---------------

Current thread (0x0000000018e31800):  JavaThread "C2 CompilerThread2" daemon [_thread_in_native, id=11148, stack(0x00000000197e0000,0x00000000198e0000)]

siginfo: ExceptionCode=0xc0000005, reading address 0xffffffffffffffff

Registers:
RAX=0xee38000000001f11, RBX=0x00000000198de940, RCX=0x0000000000000001, RDX=0x000000001fcb45d0
RSP=0x00000000198dc150, RBP=0x0000000000000008, RSI=0x0000000000000001, RDI=0x0000000000000000
R8 =0x00000000000000e4, R9 =0x000000001a21dc90, R10=0x000000001a21dc90, R11=0x00000000198dc148
R12=0x00000000198dc330, R13=0x000000001f11edd2, R14=0x000000000002ffff, R15=0x000000001fcb45e0
RIP=0x0000000066cc4764, EFLAGS=0x0000000000010216

Top of Stack: (sp=0x00000000198dc150)
0x00000000198dc150:   0000000019feb9c0 0000000000000159
0x00000000198dc160:   00000000198dc580 0000000019e6f348
0x00000000198dc170:   0000000019feb9c0 00000000198dc190
0x00000000198dc180:   000000001fcb45d0 00000000000000e4
0x00000000198dc190:   0000000000000018 0000000000000068
0x00000000198dc1a0:   0000000000000000 000000001fcb45e0
0x00000000198dc1b0:   0000000000000003 00000000000000e4
0x00000000198dc1c0:   0000000000000000 0000000000000000
0x00000000198dc1d0:   00000000000003d8 000000001f89b748
0x00000000198dc1e0:   000000001f89b370 0000000000000000
0x00000000198dc1f0:   00000000198dc580 000000001f89b360
0x00000000198dc200:   00000000198dc310 0000000066cc28c6
0x00000000198dc210:   00000000198dc330 00000000198dc690
0x00000000198dc220:   0000000000000001 00000000000f423f
0x00000000198dc230:   0000000000000002 000000001f89b360
0x00000000198dc240:   000000001f96c450 000000001f970420 

Instructions: (pc=0x0000000066cc4764)
0x0000000066cc4744:   ed 41 8b 45 18 83 f8 01 0f 86 31 01 00 00 bd 08
0x0000000066cc4754:   00 00 00 44 8d 70 ff 0f 1f 44 00 00 49 8b 45 08
0x0000000066cc4764:   48 8b 34 28 0f b7 46 2e 83 e0 01 0f 84 01 01 00
0x0000000066cc4774:   00 49 8b 7c 24 18 4c 63 46 28 8b c8 48 8b 46 08 


Register to memory mapping:

RAX=0xee38000000001f11 is an unknown value
RBX=0x00000000198de940 is pointing into the stack for thread: 0x0000000018e31800
RCX=0x0000000000000001 is an unknown value
RDX=0x000000001fcb45d0 is an unknown value
RSP=0x00000000198dc150 is pointing into the stack for thread: 0x0000000018e31800
RBP=0x0000000000000008 is an unknown value
RSI=0x0000000000000001 is an unknown value
RDI=0x0000000000000000 is an unknown value
R8 =0x00000000000000e4 is an unknown value
R9 =0x000000001a21dc90 is an unknown value
R10=0x000000001a21dc90 is an unknown value
R11=0x00000000198dc148 is pointing into the stack for thread: 0x0000000018e31800
R12=0x00000000198dc330 is pointing into the stack for thread: 0x0000000018e31800
R13=0x000000001f11edd2 is an unknown value
R14=0x000000000002ffff is an unknown value
R15=0x000000001fcb45e0 is an unknown value


Stack: [0x00000000197e0000,0x00000000198e0000],  sp=0x00000000198dc150,  free space=1008k
Native frames: (J=compiled Java code, j=interpreted, Vv=VM code, C=native code)
V  [jvm.dll+0x434764]
V  [jvm.dll+0x4328c6]
V  [jvm.dll+0x43d6bb]
V  [jvm.dll+0x43ff8e]
V  [jvm.dll+0x423242]
V  [jvm.dll+0x80b29]
V  [jvm.dll+0x8145f]
V  [jvm.dll+0x21be7f]
V  [jvm.dll+0x26c13a]
C  [msvcr100.dll+0x21d9f]
C  [msvcr100.dll+0x21e3b]
C  [KERNEL32.DLL+0x8364]
C  [ntdll.dll+0x670d1]


Current CompileTask:
C2:4178215 21641       4       com.android.dx.cf.code.ValueAwareMachine::run (1142 bytes)


---------------  P R O C E S S  ---------------

Java Threads: ( => current thread )
  0x000000001a068000 JavaThread "pool-101-thread-4" [_thread_in_Java, id=6908, stack(0x000000003dc30000,0x000000003dd30000)]
  0x000000001a067000 JavaThread "pool-101-thread-3" [_thread_in_Java, id=5936, stack(0x000000003db30000,0x000000003dc30000)]
  0x000000001a06a000 JavaThread "pool-101-thread-2" [_thread_in_Java, id=9264, stack(0x000000003da30000,0x000000003db30000)]
  0x000000001a066800 JavaThread "pool-102-thread-1" [_thread_blocked, id=10084, stack(0x000000003d930000,0x000000003da30000)]
  0x000000001a06b000 JavaThread "pool-101-thread-1" [_thread_in_Java, id=7184, stack(0x000000003d830000,0x000000003d930000)]
  0x000000001a05f000 JavaThread "pool-99-thread-1" [_thread_blocked, id=9336, stack(0x000000003d730000,0x000000003d830000)]
  0x000000001a065800 JavaThread "Cache update executor" [_thread_blocked, id=10080, stack(0x000000003d630000,0x000000003d730000)]
  0x000000001a062000 JavaThread "Stdin handler" [_thread_blocked, id=11528, stack(0x000000003d530000,0x000000003d630000)]
  0x000000001a063800 JavaThread "Asynchronous log dispatcher for org.gradle.launcher.daemon.server.DefaultDaemonConnection@5100beae" [_thread_blocked, id=10136, stack(0x000000003d430000,0x000000003d530000)]
  0x000000001a061000 JavaThread "Daemon worker Thread 7" [_thread_blocked, id=10628, stack(0x000000003d330000,0x000000003d430000)]
  0x000000001a062800 JavaThread "Cancel handler" [_thread_blocked, id=5412, stack(0x000000003d230000,0x000000003d330000)]
  0x000000001a05f800 JavaThread "Handler for socket connection from /127.0.0.1:56147 to /127.0.0.1:59178" [_thread_in_native, id=9400, stack(0x000000003d130000,0x000000003d230000)]
  0x000000001a060800 JavaThread "Daemon Thread 7" [_thread_blocked, id=10188, stack(0x000000003d030000,0x000000003d130000)]
  0x000000001c846800 JavaThread "pool-10-thread-4" [_thread_blocked, id=5940, stack(0x000000002e730000,0x000000002e830000)]
  0x000000001c849800 JavaThread "pool-10-thread-3" [_thread_in_Java, id=11644, stack(0x000000002b430000,0x000000002b530000)]
  0x000000001c84c800 JavaThread "pool-10-thread-2" [_thread_blocked, id=4480, stack(0x000000002b330000,0x000000002b430000)]
  0x000000001c850000 JavaThread "pool-10-thread-1" [_thread_blocked, id=10320, stack(0x000000002b230000,0x000000002b330000)]
  0x000000001c906800 JavaThread "File lock request listener" [_thread_in_native, id=10212, stack(0x000000001d880000,0x000000001d980000)]
  0x000000001ac76000 JavaThread "pool-1-thread-1" [_thread_blocked, id=10472, stack(0x000000001c1b0000,0x000000001c2b0000)]
  0x000000001b33b800 JavaThread "Incoming local TCP Connector on port 56147" [_thread_in_native, id=10440, stack(0x000000001b8f0000,0x000000001b9f0000)]
  0x0000000018eb4800 JavaThread "Service Thread" daemon [_thread_blocked, id=11112, stack(0x00000000199e0000,0x0000000019ae0000)]
  0x0000000018e37000 JavaThread "C1 CompilerThread3" daemon [_thread_blocked, id=9640, stack(0x00000000198e0000,0x00000000199e0000)]
=>0x0000000018e31800 JavaThread "C2 CompilerThread2" daemon [_thread_in_native, id=11148, stack(0x00000000197e0000,0x00000000198e0000)]
  0x0000000018e2f800 JavaThread "C2 CompilerThread1" daemon [_thread_in_native, id=10820, stack(0x00000000196e0000,0x00000000197e0000)]
  0x0000000018e2d800 JavaThread "C2 CompilerThread0" daemon [_thread_in_native, id=10760, stack(0x00000000195e0000,0x00000000196e0000)]
  0x0000000018e2b800 JavaThread "Attach Listener" daemon [_thread_blocked, id=10484, stack(0x00000000194e0000,0x00000000195e0000)]
  0x0000000018e2a800 JavaThread "Signal Dispatcher" daemon [_thread_blocked, id=11096, stack(0x00000000193e0000,0x00000000194e0000)]
  0x0000000018e20800 JavaThread "Finalizer" daemon [_thread_blocked, id=10436, stack(0x0000000019200000,0x0000000019300000)]
  0x0000000003179000 JavaThread "Reference Handler" daemon [_thread_blocked, id=11520, stack(0x0000000018d00000,0x0000000018e00000)]
  0x0000000003080800 JavaThread "main" [_thread_blocked, id=10112, stack(0x0000000002f80000,0x0000000003080000)]

Other Threads:
  0x0000000016f36800 VMThread [stack: 0x0000000018c00000,0x0000000018d00000] [id=11512]
  0x0000000018ec1800 WatcherThread [stack: 0x0000000019ae0000,0x0000000019be0000] [id=10444]

VM state:not at safepoint (normal execution)

VM Mutex/Monitor currently owned by a thread: None

Heap:
 PSYoungGen      total 440320K, used 301909K [0x00000000e0000000, 0x0000000100000000, 0x0000000100000000)
  eden space 389120K, 70% used [0x00000000e0000000,0x00000000f0b30e90,0x00000000f7c00000)
  from space 51200K, 55% used [0x00000000f7c00000,0x00000000f97a4958,0x00000000fae00000)
  to   space 50176K, 0% used [0x00000000fcf00000,0x00000000fcf00000,0x0000000100000000)
 ParOldGen       total 295424K, used 90687K [0x00000000a0000000, 0x00000000b2080000, 0x00000000e0000000)
  object space 295424K, 30% used [0x00000000a0000000,0x00000000a588fd70,0x00000000b2080000)
 Metaspace       used 76912K, capacity 83228K, committed 83328K, reserved 1122304K
  class space    used 9914K, capacity 10879K, committed 10880K, reserved 1048576K

Card table byte_map: [0x0000000012540000,0x0000000012850000] byte_map_base: 0x0000000012040000

Marking Bits: (ParMarkBitMap*) 0x00000000670518f0
 Begin Bits: [0x0000000013250000, 0x0000000014a50000)
 End Bits:   [0x0000000014a50000, 0x0000000016250000)

Polling page: 0x0000000002e30000

CodeCache: size=245760Kb used=59569Kb max_used=59569Kb free=186190Kb
 bounds [0x0000000003180000, 0x0000000006c50000, 0x0000000012180000]
 total_blobs=17319 nmethods=16520 adapters=710
 compilation: enabled

Compilation events (10 events):
Event: 4178.163 Thread 0x0000000018e37000 21652       2       com.android.dx.rop.code.ThrowingInsn::withAddedCatch (30 bytes)
Event: 4178.163 Thread 0x0000000018e37000 nmethod 21652 0x0000000004671250 code [0x00000000046713c0, 0x00000000046715f8]
Event: 4178.166 Thread 0x0000000018e37000 21653       2       com.android.dx.rop.code.RegisterSpecList::indexOfRegister (38 bytes)
Event: 4178.167 Thread 0x0000000018e37000 nmethod 21653 0x00000000048d9790 code [0x00000000048d9900, 0x00000000048d9b68]
Event: 4178.168 Thread 0x0000000018e37000 21654 %     3       com.android.dx.ssa.SsaBasicBlock::replaceSuccessor @ 37 (125 bytes)
Event: 4178.169 Thread 0x0000000018e37000 nmethod 21654% 0x0000000005f6dc50 code [0x0000000005f6dee0, 0x0000000005f6f018]
Event: 4178.169 Thread 0x0000000018e37000 21655       2       com.android.dx.ssa.LiteralOpUpgrader$1::visitNonMoveInsn (203 bytes)
Event: 4178.171 Thread 0x0000000018e37000 nmethod 21655 0x0000000005e04e90 code [0x0000000005e051e0, 0x0000000005e06028]
Event: 4178.171 Thread 0x0000000018e37000 21657       2       com.android.dx.ssa.LiteralOpUpgrader::access$100 (5 bytes)
Event: 4178.172 Thread 0x0000000018e37000 nmethod 21657 0x00000000056f6710 code [0x00000000056f6880, 0x00000000056f6a88]

GC Heap History (10 events):
Event: 3365.461 GC heap before
{Heap before GC invocations=26 (full 3):
 PSYoungGen      total 296960K, used 294702K [0x00000000e0000000, 0x00000000f4500000, 0x0000000100000000)
  eden space 277504K, 100% used [0x00000000e0000000,0x00000000f0f00000,0x00000000f0f00000)
  from space 19456K, 88% used [0x00000000f3200000,0x00000000f42cbbc8,0x00000000f4500000)
  to   space 27648K, 0% used [0x00000000f0f00000,0x00000000f0f00000,0x00000000f2a00000)
 ParOldGen       total 295424K, used 55846K [0x00000000a0000000, 0x00000000b2080000, 0x00000000e0000000)
  object space 295424K, 18% used [0x00000000a0000000,0x00000000a36899e8,0x00000000b2080000)
 Metaspace       used 75480K, capacity 80302K, committed 80512K, reserved 1120256K
  class space    used 9698K, capacity 10520K, committed 10624K, reserved 1048576K
Event: 3365.488 GC heap after
Heap after GC invocations=26 (full 3):
 PSYoungGen      total 305152K, used 27647K [0x00000000e0000000, 0x00000000f9180000, 0x0000000100000000)
  eden space 277504K, 0% used [0x00000000e0000000,0x00000000e0000000,0x00000000f0f00000)
  from space 27648K, 99% used [0x00000000f0f00000,0x00000000f29ffcb0,0x00000000f2a00000)
  to   space 33792K, 0% used [0x00000000f7080000,0x00000000f7080000,0x00000000f9180000)
 ParOldGen       total 295424K, used 63199K [0x00000000a0000000, 0x00000000b2080000, 0x00000000e0000000)
  object space 295424K, 21% used [0x00000000a0000000,0x00000000a3db7e28,0x00000000b2080000)
 Metaspace       used 75480K, capacity 80302K, committed 80512K, reserved 1120256K
  class space    used 9698K, capacity 10520K, committed 10624K, reserved 1048576K
}
Event: 3365.944 GC heap before
{Heap before GC invocations=27 (full 3):
 PSYoungGen      total 305152K, used 305151K [0x00000000e0000000, 0x00000000f9180000, 0x0000000100000000)
  eden space 277504K, 100% used [0x00000000e0000000,0x00000000f0f00000,0x00000000f0f00000)
  from space 27648K, 99% used [0x00000000f0f00000,0x00000000f29ffcb0,0x00000000f2a00000)
  to   space 33792K, 0% used [0x00000000f7080000,0x00000000f7080000,0x00000000f9180000)
 ParOldGen       total 295424K, used 63199K [0x00000000a0000000, 0x00000000b2080000, 0x00000000e0000000)
  object space 295424K, 21% used [0x00000000a0000000,0x00000000a3db7e28,0x00000000b2080000)
 Metaspace       used 75542K, capacity 80366K, committed 80512K, reserved 1120256K
  class space    used 9700K, capacity 10520K, committed 10624K, reserved 1048576K
Event: 3365.987 GC heap after
Heap after GC invocations=27 (full 3):
 PSYoungGen      total 363520K, used 33786K [0x00000000e0000000, 0x00000000fba00000, 0x0000000100000000)
  eden space 329728K, 0% used [0x00000000e0000000,0x00000000e0000000,0x00000000f4200000)
  from space 33792K, 99% used [0x00000000f7080000,0x00000000f917ea60,0x00000000f9180000)
  to   space 47616K, 0% used [0x00000000f4200000,0x00000000f4200000,0x00000000f7080000)
 ParOldGen       total 295424K, used 88485K [0x00000000a0000000, 0x00000000b2080000, 0x00000000e0000000)
  object space 295424K, 29% used [0x00000000a0000000,0x00000000a5669550,0x00000000b2080000)
 Metaspace       used 75542K, capacity 80366K, committed 80512K, reserved 1120256K
  class space    used 9700K, capacity 10520K, committed 10624K, reserved 1048576K
}
Event: 3387.812 GC heap before
{Heap before GC invocations=28 (full 3):
 PSYoungGen      total 363520K, used 363514K [0x00000000e0000000, 0x00000000fba00000, 0x0000000100000000)
  eden space 329728K, 100% used [0x00000000e0000000,0x00000000f4200000,0x00000000f4200000)
  from space 33792K, 99% used [0x00000000f7080000,0x00000000f917ea60,0x00000000f9180000)
  to   space 47616K, 0% used [0x00000000f4200000,0x00000000f4200000,0x00000000f7080000)
 ParOldGen       total 295424K, used 88485K [0x00000000a0000000, 0x00000000b2080000, 0x00000000e0000000)
  object space 295424K, 29% used [0x00000000a0000000,0x00000000a5669550,0x00000000b2080000)
 Metaspace       used 75804K, capacity 80898K, committed 81024K, reserved 1120256K
  class space    used 9726K, capacity 10553K, committed 10624K, reserved 1048576K
Event: 3387.835 GC heap after
Heap after GC invocations=28 (full 3):
 PSYoungGen      total 377344K, used 25987K [0x00000000e0000000, 0x00000000fdd00000, 0x0000000100000000)
  eden space 329728K, 0% used [0x00000000e0000000,0x00000000e0000000,0x00000000f4200000)
  from space 47616K, 54% used [0x00000000f4200000,0x00000000f5b60f68,0x00000000f7080000)
  to   space 46592K, 0% used [0x00000000faf80000,0x00000000faf80000,0x00000000fdd00000)
 ParOldGen       total 295424K, used 88869K [0x00000000a0000000, 0x00000000b2080000, 0x00000000e0000000)
  object space 295424K, 30% used [0x00000000a0000000,0x00000000a56c9550,0x00000000b2080000)
 Metaspace       used 75804K, capacity 80898K, committed 81024K, reserved 1120256K
  class space    used 9726K, capacity 10553K, committed 10624K, reserved 1048576K
}
Event: 3405.327 GC heap before
{Heap before GC invocations=29 (full 3):
 PSYoungGen      total 377344K, used 355715K [0x00000000e0000000, 0x00000000fdd00000, 0x0000000100000000)
  eden space 329728K, 100% used [0x00000000e0000000,0x00000000f4200000,0x00000000f4200000)
  from space 47616K, 54% used [0x00000000f4200000,0x00000000f5b60f68,0x00000000f7080000)
  to   space 46592K, 0% used [0x00000000faf80000,0x00000000faf80000,0x00000000fdd00000)
 ParOldGen       total 295424K, used 88869K [0x00000000a0000000, 0x00000000b2080000, 0x00000000e0000000)
  object space 295424K, 30% used [0x00000000a0000000,0x00000000a56c9550,0x00000000b2080000)
 Metaspace       used 76602K, capacity 82688K, committed 82816K, reserved 1122304K
  class space    used 9876K, capacity 10823K, committed 10880K, reserved 1048576K
Event: 3405.359 GC heap after
Heap after GC invocations=29 (full 3):
 PSYoungGen      total 435712K, used 40343K [0x00000000e0000000, 0x00000000fe000000, 0x0000000100000000)
  eden space 389120K, 0% used [0x00000000e0000000,0x00000000e0000000,0x00000000f7c00000)
  from space 46592K, 86% used [0x00000000faf80000,0x00000000fd6e5e58,0x00000000fdd00000)
  to   space 51200K, 0% used [0x00000000f7c00000,0x00000000f7c00000,0x00000000fae00000)
 ParOldGen       total 295424K, used 89345K [0x00000000a0000000, 0x00000000b2080000, 0x00000000e0000000)
  object space 295424K, 30% used [0x00000000a0000000,0x00000000a5740560,0x00000000b2080000)
 Metaspace       used 76602K, capacity 82688K, committed 82816K, reserved 1122304K
  class space    used 9876K, capacity 10823K, committed 10880K, reserved 1048576K
}
Event: 4177.906 GC heap before
{Heap before GC invocations=30 (full 3):
 PSYoungGen      total 435712K, used 429463K [0x00000000e0000000, 0x00000000fe000000, 0x0000000100000000)
  eden space 389120K, 100% used [0x00000000e0000000,0x00000000f7c00000,0x00000000f7c00000)
  from space 46592K, 86% used [0x00000000faf80000,0x00000000fd6e5e58,0x00000000fdd00000)
  to   space 51200K, 0% used [0x00000000f7c00000,0x00000000f7c00000,0x00000000fae00000)
 ParOldGen       total 295424K, used 89345K [0x00000000a0000000, 0x00000000b2080000, 0x00000000e0000000)
  object space 295424K, 30% used [0x00000000a0000000,0x00000000a5740560,0x00000000b2080000)
 Metaspace       used 76912K, capacity 83228K, committed 83328K, reserved 1122304K
  class space    used 9914K, capacity 10879K, committed 10880K, reserved 1048576K
Event: 4177.934 GC heap after
Heap after GC invocations=30 (full 3):
 PSYoungGen      total 440320K, used 28306K [0x00000000e0000000, 0x0000000100000000, 0x0000000100000000)
  eden space 389120K, 0% used [0x00000000e0000000,0x00000000e0000000,0x00000000f7c00000)
  from space 51200K, 55% used [0x00000000f7c00000,0x00000000f97a4958,0x00000000fae00000)
  to   space 50176K, 0% used [0x00000000fcf00000,0x00000000fcf00000,0x0000000100000000)
 ParOldGen       total 295424K, used 90687K [0x00000000a0000000, 0x00000000b2080000, 0x00000000e0000000)
  object space 295424K, 30% used [0x00000000a0000000,0x00000000a588fd70,0x00000000b2080000)
 Metaspace       used 76912K, capacity 83228K, committed 83328K, reserved 1122304K
  class space    used 9914K, capacity 10879K, committed 10880K, reserved 1048576K
}

Deoptimization events (10 events):
Event: 3383.216 Thread 0x000000001c842800 Uncommon trap: reason=unstable_if action=reinterpret pc=0x0000000005779290 method=com.sun.tools.javac.jvm.Pool.put(Ljava/lang/Object;)I @ 80
Event: 3383.657 Thread 0x000000001c842800 Uncommon trap: reason=bimorphic action=maybe_recompile pc=0x0000000005e75300 method=java.util.HashMap.removeNode(ILjava/lang/Object;Ljava/lang/Object;ZZ)Ljava/util/HashMap$Node; @ 143
Event: 3388.643 Thread 0x000000001c846800 Uncommon trap: reason=array_check action=maybe_recompile pc=0x00000000049dd270 method=java.util.TimSort.binarySort([Ljava/lang/Object;IIILjava/util/Comparator;)V @ 183
Event: 3388.735 Thread 0x000000001c84b800 Uncommon trap: reason=bimorphic action=maybe_recompile pc=0x00000000050ec6f0 method=java.util.concurrent.locks.AbstractQueuedSynchronizer.acquireQueued(Ljava/util/concurrent/locks/AbstractQueuedSynchronizer$Node;I)Z @ 22
Event: 3405.288 Thread 0x000000001c84b000 Uncommon trap: reason=unstable_if action=reinterpret pc=0x0000000005fb66ec method=com.android.dx.dex.code.RopTranslator.outputBlock(Lcom/android/dx/rop/code/BasicBlock;I)V @ 132
Event: 3405.297 Thread 0x000000001c850000 Uncommon trap: reason=array_check action=maybe_recompile pc=0x00000000049dd270 method=java.util.TimSort.binarySort([Ljava/lang/Object;IIILjava/util/Comparator;)V @ 183
Event: 3432.615 Thread 0x000000001c84c800 Uncommon trap: reason=array_check action=maybe_recompile pc=0x0000000004ffebf4 method=java.util.TimSort.binarySort([Ljava/lang/Object;IIILjava/util/Comparator;)V @ 183
Event: 3432.621 Thread 0x000000001cbc5000 Uncommon trap: reason=unstable_if action=reinterpret pc=0x0000000006b014c4 method=com.android.dx.rop.code.DexTranslationAdvice.hasConstantOperation(Lcom/android/dx/rop/code/Rop;Lcom/android/dx/rop/code/RegisterSpec;Lcom/android/dx/rop/code/RegisterSpec;)Z ”{ûóšQ°@
Event: 4177.605 Thread 0x000000001a061000 Uncommon trap: reason=unstable_if action=reinterpret pc=0x0000000006307e8c method=org.objectweb.asm.Item.a(Lorg/objectweb/asm/Item;)Z @ 345
Event: 4178.169 Thread 0x000000001a067000 Uncommon trap: reason=unstable_if action=reinterpret pc=0x0000000006ab9e08 method=com.android.dx.ssa.LiteralOpUpgrader$1.visitNonMoveInsn(Lcom/android/dx/ssa/NormalSsaInsn;)V @ 55

Internal exceptions (10 events):
Event: 3387.704 Thread 0x000000001c842800 Exception <a 'java/lang/ClassNotFoundException': asLocalRepo2895_cmwudrqdgu5l9xzzairpa21fqCustomizer> (0x00000000f1e36cc0) thrown at [C:\src\android\AOSP-openjdk\external\jetbrains\jdk\hotspot\src\share\vm\classfile\systemDictionary.cpp, line 210]
Event: 3388.939 Thread 0x000000001c842800 Exception <a 'sun/nio/fs/WindowsException'> (0x00000000e9a6b7c8) thrown at [C:\src\android\AOSP-openjdk\external\jetbrains\jdk\hotspot\src\share\vm\prims\jni.cpp, line 709]
Event: 3404.129 Thread 0x000000001c842800 Exception <a 'java/lang/ClassNotFoundException': asLocalRepo2888_em5lj1onfrfhlyqt57jfg7pznBeanInfo> (0x00000000ea004b08) thrown at [C:\src\android\AOSP-openjdk\external\jetbrains\jdk\hotspot\src\share\vm\classfile\systemDictionary.cpp, line 210]
Event: 3404.129 Thread 0x000000001c842800 Exception <a 'java/lang/ClassNotFoundException': asLocalRepo2888_em5lj1onfrfhlyqt57jfg7pznCustomizer> (0x00000000ea00f400) thrown at [C:\src\android\AOSP-openjdk\external\jetbrains\jdk\hotspot\src\share\vm\classfile\systemDictionary.cpp, line 210]
Event: 3405.642 Thread 0x000000001c842800 Exception <a 'sun/nio/fs/WindowsException'> (0x00000000e3634248) thrown at [C:\src\android\AOSP-openjdk\external\jetbrains\jdk\hotspot\src\share\vm\prims\jni.cpp, line 709]
Event: 3431.487 Thread 0x000000001c842800 Exception <a 'java/lang/ClassNotFoundException': asLocalRepo2143_a6ngqbqjnmsomq5358beaw8ipBeanInfo> (0x00000000e38120d8) thrown at [C:\src\android\AOSP-openjdk\external\jetbrains\jdk\hotspot\src\share\vm\classfile\systemDictionary.cpp, line 210]
Event: 3431.487 Thread 0x000000001c842800 Exception <a 'java/lang/ClassNotFoundException': asLocalRepo2143_a6ngqbqjnmsomq5358beaw8ipCustomizer> (0x00000000e381c9d0) thrown at [C:\src\android\AOSP-openjdk\external\jetbrains\jdk\hotspot\src\share\vm\classfile\systemDictionary.cpp, line 210]
Event: 3432.929 Thread 0x000000001c842800 Exception <a 'sun/nio/fs/WindowsException'> (0x00000000f0f06238) thrown at [C:\src\android\AOSP-openjdk\external\jetbrains\jdk\hotspot\src\share\vm\prims\jni.cpp, line 709]
Event: 4176.771 Thread 0x000000001a061000 Exception <a 'java/lang/ClassNotFoundException': asLocalRepo1266_e5e60rpnawb8pqu5u3sulycbnBeanInfo> (0x00000000f1939b58) thrown at [C:\src\android\AOSP-openjdk\external\jetbrains\jdk\hotspot\src\share\vm\classfile\systemDictionary.cpp, line 210]
Event: 4176.771 Thread 0x000000001a061000 Exception <a 'java/lang/ClassNotFoundException': asLocalRepo1266_e5e60rpnawb8pqu5u3sulycbnCustomizer> (0x00000000f1944450) thrown at [C:\src\android\AOSP-openjdk\external\jetbrains\jdk\hotspot\src\share\vm\classfile\systemDictionary.cpp, line 210]

Events (10 events):
Event: 4178.150 Thread 0x000000001a06b000 DEOPT UNPACKING pc=0x00000000031c75bf sp=0x000000003d92e350 mode 0
Event: 4178.159 Thread 0x000000001c849800 DEOPT PACKING pc=0x00000000060f6173 sp=0x000000002b52d9b0
Event: 4178.159 Thread 0x000000001c849800 DEOPT UNPACKING pc=0x00000000031c75bf sp=0x000000002b52d728 mode 0
Event: 4178.167 Thread 0x000000001a067000 DEOPT PACKING pc=0x00000000060d5bd7 sp=0x000000003dc2e980
Event: 4178.167 Thread 0x000000001a067000 DEOPT UNPACKING pc=0x00000000031c75bf sp=0x000000003dc2e6a8 mode 0
Event: 4178.169 Thread 0x000000001a067000 Uncommon trap: trap_request=0xffffff65 fr.pc=0x0000000006ab9e08
Event: 4178.169 Thread 0x000000001a067000 DEOPT PACKING pc=0x0000000006ab9e08 sp=0x000000003dc2e8c0
Event: 4178.169 Thread 0x000000001a067000 DEOPT UNPACKING pc=0x00000000031c556a sp=0x000000003dc2e870 mode 2
Event: 4178.173 Thread 0x000000001c849800 DEOPT PACKING pc=0x0000000004075d14 sp=0x000000002b52d910
Event: 4178.173 Thread 0x000000001c849800 DEOPT UNPACKING pc=0x00000000031c75bf sp=0x000000002b52d670 mode 0


Dynamic libraries:
0x00007ff7f5040000 - 0x00007ff7f5071000 	C:\Program Files\Android\Android Studio\jre\bin\java.exe
0x00007ffe9f980000 - 0x00007ffe9fb51000 	C:\WINDOWS\SYSTEM32\ntdll.dll
0x00007ffe9d350000 - 0x00007ffe9d3fb000 	C:\WINDOWS\System32\KERNEL32.DLL
0x00007ffe9be70000 - 0x00007ffe9c08d000 	C:\WINDOWS\System32\KERNELBASE.dll
0x00007ffe9eec0000 - 0x00007ffe9ef62000 	C:\WINDOWS\System32\ADVAPI32.dll
0x00007ffe9d8b0000 - 0x00007ffe9d94e000 	C:\WINDOWS\System32\msvcrt.dll
0x00007ffe9d070000 - 0x00007ffe9d0c9000 	C:\WINDOWS\System32\sechost.dll
0x00007ffe9cf40000 - 0x00007ffe9d061000 	C:\WINDOWS\System32\RPCRT4.dll
0x00007ffe9d400000 - 0x00007ffe9d565000 	C:\WINDOWS\System32\USER32.dll
0x00007ffe9c470000 - 0x00007ffe9c48e000 	C:\WINDOWS\System32\win32u.dll
0x00007ffe9f670000 - 0x00007ffe9f6a4000 	C:\WINDOWS\System32\GDI32.dll
0x00007ffe9cd10000 - 0x00007ffe9ce92000 	C:\WINDOWS\System32\gdi32full.dll
0x00007ffe94fb0000 - 0x00007ffe95229000 	C:\WINDOWS\WinSxS\amd64_microsoft.windows.common-controls_6595b64144ccf1df_6.0.14393.447_none_42191651c6827bb3\COMCTL32.dll
0x00007ffe9f6b0000 - 0x00007ffe9f978000 	C:\WINDOWS\System32\combase.dll
0x00007ffe9cc10000 - 0x00007ffe9cd05000 	C:\WINDOWS\System32\ucrtbase.dll
0x00007ffe9cea0000 - 0x00007ffe9cf0a000 	C:\WINDOWS\System32\bcryptPrimitives.dll
0x00007ffe9cf10000 - 0x00007ffe9cf3e000 	C:\WINDOWS\System32\IMM32.DLL
0x00000000667b0000 - 0x0000000066882000 	C:\Program Files\Android\Android Studio\jre\jre\bin\msvcr100.dll
0x0000000066890000 - 0x00000000670cc000 	C:\Program Files\Android\Android Studio\jre\jre\bin\server\jvm.dll
0x00007ffe9f660000 - 0x00007ffe9f668000 	C:\WINDOWS\System32\PSAPI.DLL
0x00007ffe981a0000 - 0x00007ffe981aa000 	C:\WINDOWS\SYSTEM32\VERSION.dll
0x00007ffe9a0f0000 - 0x00007ffe9a113000 	C:\WINDOWS\SYSTEM32\WINMM.dll
0x00007ffe88ae0000 - 0x00007ffe88ae9000 	C:\WINDOWS\SYSTEM32\WSOCK32.dll
0x00007ffe9f1c0000 - 0x00007ffe9f22a000 	C:\WINDOWS\System32\WS2_32.dll
0x00007ffe9a080000 - 0x00007ffe9a0ab000 	C:\WINDOWS\SYSTEM32\WINMMBASE.dll
0x00007ffe9c140000 - 0x00007ffe9c182000 	C:\WINDOWS\System32\cfgmgr32.dll
0x00007ffe99720000 - 0x00007ffe9972f000 	C:\Program Files\Android\Android Studio\jre\jre\bin\verify.dll
0x00007ffe93ca0000 - 0x00007ffe93cc9000 	C:\Program Files\Android\Android Studio\jre\jre\bin\java.dll
0x00007ffe98ad0000 - 0x00007ffe98ae6000 	C:\Program Files\Android\Android Studio\jre\jre\bin\zip.dll
0x00007ffe9d950000 - 0x00007ffe9ee59000 	C:\WINDOWS\System32\SHELL32.dll
0x00007ffe9c530000 - 0x00007ffe9cc0a000 	C:\WINDOWS\System32\windows.storage.dll
0x00007ffe9be10000 - 0x00007ffe9be5c000 	C:\WINDOWS\System32\powrprof.dll
0x00007ffe9d790000 - 0x00007ffe9d7e2000 	C:\WINDOWS\System32\shlwapi.dll
0x00007ffe9be60000 - 0x00007ffe9be6f000 	C:\WINDOWS\System32\kernel.appcore.dll
0x00007ffe9c090000 - 0x00007ffe9c139000 	C:\WINDOWS\System32\shcore.dll
0x00007ffe9bdf0000 - 0x00007ffe9be04000 	C:\WINDOWS\System32\profapi.dll
0x00007ffe969f0000 - 0x00007ffe96a0a000 	C:\Program Files\Android\Android Studio\jre\jre\bin\net.dll
0x00007ffe9b640000 - 0x00007ffe9b69c000 	C:\WINDOWS\system32\mswsock.dll
0x00007ffe93c80000 - 0x00007ffe93c91000 	C:\Program Files\Android\Android Studio\jre\jre\bin\nio.dll
0x00007ffe8b260000 - 0x00007ffe8b27e000 	C:\Users\cngz\.gradle\native\21\windows-amd64\native-platform.dll
0x00007ffe9b8c0000 - 0x00007ffe9b8d7000 	C:\WINDOWS\SYSTEM32\CRYPTSP.dll
0x00007ffe9b7c0000 - 0x00007ffe9b7f3000 	C:\WINDOWS\system32\rsaenh.dll
0x00007ffe9b9c0000 - 0x00007ffe9b9eb000 	C:\WINDOWS\SYSTEM32\bcrypt.dll
0x00007ffe9b4c0000 - 0x00007ffe9b4df000 	C:\WINDOWS\SYSTEM32\USERENV.dll
0x00007ffe9b8b0000 - 0x00007ffe9b8bb000 	C:\WINDOWS\SYSTEM32\CRYPTBASE.dll
0x00007ffe9b3d0000 - 0x00007ffe9b408000 	C:\WINDOWS\SYSTEM32\IPHLPAPI.DLL
0x00007ffe9d780000 - 0x00007ffe9d788000 	C:\WINDOWS\System32\NSI.dll
0x00007ffe97400000 - 0x00007ffe97416000 	C:\WINDOWS\SYSTEM32\dhcpcsvc6.DLL
0x00007ffe976c0000 - 0x00007ffe976da000 	C:\WINDOWS\SYSTEM32\dhcpcsvc.DLL
0x00007ffe92530000 - 0x00007ffe9253d000 	C:\Program Files\Android\Android Studio\jre\jre\bin\management.dll
0x00007ffe8a7d0000 - 0x00007ffe8a7f4000 	C:\Program Files\Android\Android Studio\jre\jre\bin\sunec.dll
0x00007ffe8fb70000 - 0x00007ffe8fb7b000 	C:\Program Files\Android\Android Studio\jre\jre\bin\sunmscapi.dll
0x00007ffe9c2a0000 - 0x00007ffe9c469000 	C:\WINDOWS\System32\CRYPT32.dll
0x00007ffe9bde0000 - 0x00007ffe9bdf0000 	C:\WINDOWS\System32\MSASN1.dll
0x00007ffe8f000000 - 0x00007ffe8f192000 	C:\WINDOWS\SYSTEM32\dbghelp.dll

VM Arguments:
jvm_args: -Xmx1536m -Dfile.encoding=windows-1254 -Duser.country=TR -Duser.language=tr -Duser.variant 
java_command: org.gradle.launcher.daemon.bootstrap.GradleDaemon 3.2
java_class_path (initial): C:\Users\cngz\.gradle\wrapper\dists\gradle-3.2-all\97ld1dyml0oep92x4lyn4g235\gradle-3.2\lib\gradle-launcher-3.2.jar
Launcher Type: SUN_STANDARD

Environment Variables:
PATH=C:\WINDOWS\system32;C:\WINDOWS;C:\WINDOWS\System32\Wbem;C:\WINDOWS\System32\WindowsPowerShell\v1.0\;C:\Program Files\Microsoft\Web Platform Installer\;C:\Program Files (x86)\Microsoft ASP.NET\ASP.NET Web Pages\v1.0\;C:\Program Files (x86)\Windows Kits\8.0\Windows Performance Toolkit\;C:\Program Files\Microsoft SQL Server\110\Tools\Binn\;C:\Program Files (x86)\Microsoft SQL Server\90\Tools\binn\;C:\Users\cngz\AppData\Local\Microsoft\WindowsApps;
USERNAME=cngz
OS=Windows_NT
PROCESSOR_IDENTIFIER=Intel64 Family 6 Model 58 Stepping 9, GenuineIntel



---------------  S Y S T E M  ---------------

OS: Windows 10.0 , 64 bit Build 14393 (10.0.14393.0)

CPU:total 8 (4 cores per cpu, 2 threads per core) family 6 model 58 stepping 9, cmov, cx8, fxsr, mmx, sse, sse2, sse3, ssse3, sse4.1, sse4.2, popcnt, avx, aes, clmul, erms, ht, tsc, tscinvbit, tscinv

Memory: 4k page, physical 16671536k(8602788k free), swap 19161904k(10678412k free)

vm_info: OpenJDK 64-Bit Server VM (25.112-b06) for windows-amd64 JRE (1.8.0_112-release-b06), built on Dec  8 2016 00:54:26 by "builder" with MS VC++ 10.0 (VS2010)

time: Thu Dec 22 10:59:21 2016
elapsed time: 4178 seconds (0d 1h 9m 38s)

