#
# A fatal error has been detected by the Java Runtime Environment:
#
#  EXCEPTION_ACCESS_VIOLATION (0xc0000005) at pc=0x00000000025f552a, pid=7124, tid=0x00000000000026f0
#
# JRE version: OpenJDK Runtime Environment (8.0_112-b06) (build 1.8.0_112-release-b06)
# Java VM: OpenJDK 64-Bit Server VM (25.112-b06 mixed mode windows-amd64 compressed oops)
# Problematic frame:
# j  com.sun.org.apache.xerces.internal.dom.DeferredDocumentImpl.clearChunkValue([[Ljava/lang/Object;II)Ljava/lang/String;+11
#
# Failed to write core dump. Minidumps are not enabled by default on client versions of Windows
#
# If you would like to submit a bug report, please visit:
#   http://bugreport.java.com/bugreport/crash.jsp
#

---------------  T H R E A D  ---------------

Current thread (0x000000001a2b1000):  JavaThread "Daemon worker" [_thread_in_Java, id=9968, stack(0x000000001c800000,0x000000001c900000)]

siginfo: ExceptionCode=0xc0000005, reading address 0x000000064b810030

Registers:
RAX=0x0000000100001610, RBX=0x000000064b810000, RCX=0x0000000000000030, RDX=0x00000000a00023d2
RSP=0x000000001c8fbdb8, RBP=0x000000001c8fbdf8, RSI=0x000000001fdef000, RDI=0x0000000000000001
R8 =0x0000000000ae3480, R9 =0x0000000000008000, R10=0x0000000074a51e80, R11=0x000000001c8fbd70
R12=0x0000000000000000, R13=0x000000001f120063, R14=0x000000001c8fbe30, R15=0x000000001a2b1000
RIP=0x00000000025f552a, EFLAGS=0x0000000000010206

Top of Stack: (sp=0x000000001c8fbdb8)
0x000000001c8fbdb8:   000000001c8fbdb8 000000001f120063
0x000000001c8fbdc8:   000000001c8fbe30 000000001f13e9b8
0x000000001c8fbdd8:   000000001f158f58 000000001f1200f8
0x000000001c8fbde8:   0000000000000000 000000001c8fbe18
0x000000001c8fbdf8:   000000001c8fbe78 00000000025d7e20
0x000000001c8fbe08:   0000000000000000 0000000000000000
0x000000001c8fbe18:   deaddeaf000000f4 deaddeaf0000001a
0x000000001c8fbe28:   00000000e5607c28 0000000000000000
0x000000001c8fbe38:   000000001c8fbe38 000000001f11db57
0x000000001c8fbe48:   000000001c8fbea8 000000001f13e9b8
0x000000001c8fbe58:   000000001f158838 000000001f11dbb8
0x000000001c8fbe68:   000000001c8fbe18 000000001c8fbeb0
0x000000001c8fbe78:   000000001c8fc268 0000000003a02a4c
0x000000001c8fbe88:   0000000000000000 0000000000000000
0x000000001c8fbe98:   0000000000000000 0000000000000000
0x000000001c8fbea8:   0000000000000000 000000001c8fc268 

Instructions: (pc=0x00000000025f552a)
0x00000000025f550a:   89 59 10 bf 01 00 00 00 48 89 79 18 48 83 c1 30
0x00000000025f551a:   48 89 4d e0 48 3b d8 0f 84 5b 00 00 00 8b 48 0c
0x00000000025f552a:   48 3b 04 0b 0f 84 4e 00 00 00 83 f9 18 0f 85 22
0x00000000025f553a:   00 00 00 50 48 8b c0 57 48 8b 7b 20 8b 0f 48 83 


Register to memory mapping:

RAX=0x0000000100001610 is pointing into metadata
RBX=0x000000064b810000 is an unknown value
RCX=0x0000000000000030 is an unknown value
RDX=0x00000000a00023d2 is pointing into object: 0x00000000a00023d0
java.lang.String 
 - klass: 'java/lang/String'
RSP=0x000000001c8fbdb8 is pointing into the stack for thread: 0x000000001a2b1000
RBP=0x000000001c8fbdf8 is pointing into the stack for thread: 0x000000001a2b1000
RSI=0x000000001fdef000 is an unknown value
RDI=0x0000000000000001 is an unknown value
R8 =0x0000000000ae3480 is an unknown value
R9 =0x0000000000008000 is an unknown value
R10=0x0000000074a51e80 is an unknown value
R11=0x000000001c8fbd70 is pointing into the stack for thread: 0x000000001a2b1000
R12=0x0000000000000000 is an unknown value
R13=0x000000001f120063 is pointing into metadata
R14=0x000000001c8fbe30 is pointing into the stack for thread: 0x000000001a2b1000
R15=0x000000001a2b1000 is a thread


Stack: [0x000000001c800000,0x000000001c900000],  sp=0x000000001c8fbdb8,  free space=1007k
Native frames: (J=compiled Java code, j=interpreted, Vv=VM code, C=native code)
C  0x00000000025f552a


---------------  P R O C E S S  ---------------

Java Threads: ( => current thread )
  0x000000001ea82000 JavaThread "pool-3-thread-1" [_thread_blocked, id=6920, stack(0x00000000240e0000,0x00000000241e0000)]
  0x000000001ea86800 JavaThread "Cache update executor" [_thread_blocked, id=900, stack(0x0000000022fb0000,0x00000000230b0000)]
  0x0000000021aa4000 JavaThread "File lock request listener" [_thread_in_native, id=8692, stack(0x0000000021ee0000,0x0000000021fe0000)]
  0x000000001a2af000 JavaThread "Stdin handler" [_thread_blocked, id=8644, stack(0x000000001ca00000,0x000000001cb00000)]
  0x000000001a296800 JavaThread "Asynchronous log dispatcher for org.gradle.launcher.daemon.server.DefaultDaemonConnection@2ef8625f" [_thread_blocked, id=5816, stack(0x000000001c900000,0x000000001ca00000)]
=>0x000000001a2b1000 JavaThread "Daemon worker" [_thread_in_Java, id=9968, stack(0x000000001c800000,0x000000001c900000)]
  0x000000001a29f800 JavaThread "Cancel handler" [_thread_blocked, id=5352, stack(0x000000001c700000,0x000000001c800000)]
  0x000000001a1de000 JavaThread "pool-1-thread-1" [_thread_blocked, id=8520, stack(0x000000001c600000,0x000000001c700000)]
  0x000000001a051000 JavaThread "Handler for socket connection from /127.0.0.1:59991 to /127.0.0.1:59992" [_thread_in_native, id=7780, stack(0x000000001c500000,0x000000001c600000)]
  0x0000000019e68000 JavaThread "Daemon" [_thread_blocked, id=592, stack(0x000000001c400000,0x000000001c500000)]
  0x000000001a027800 JavaThread "Incoming local TCP Connector on port 59991" [_thread_in_native, id=6404, stack(0x000000001ab40000,0x000000001ac40000)]
  0x000000001830f800 JavaThread "Service Thread" daemon [_thread_blocked, id=5280, stack(0x0000000018e30000,0x0000000018f30000)]
  0x000000001828f800 JavaThread "C1 CompilerThread3" daemon [_thread_blocked, id=5404, stack(0x0000000018d30000,0x0000000018e30000)]
  0x0000000018282000 JavaThread "C2 CompilerThread2" daemon [_thread_in_native, id=9396, stack(0x0000000018c30000,0x0000000018d30000)]
  0x0000000018280000 JavaThread "C2 CompilerThread1" daemon [_thread_in_native, id=8408, stack(0x0000000018b30000,0x0000000018c30000)]
  0x000000001827e000 JavaThread "C2 CompilerThread0" daemon [_thread_in_native, id=5128, stack(0x0000000018a30000,0x0000000018b30000)]
  0x000000001827c000 JavaThread "Attach Listener" daemon [_thread_blocked, id=4176, stack(0x0000000018930000,0x0000000018a30000)]
  0x000000001827b000 JavaThread "Signal Dispatcher" daemon [_thread_blocked, id=692, stack(0x0000000018830000,0x0000000018930000)]
  0x00000000025c9000 JavaThread "Finalizer" daemon [_thread_blocked, id=5856, stack(0x0000000018650000,0x0000000018750000)]
  0x000000001638b000 JavaThread "Reference Handler" daemon [_thread_blocked, id=4928, stack(0x0000000018150000,0x0000000018250000)]
  0x00000000024d0800 JavaThread "main" [_thread_blocked, id=8328, stack(0x0000000002300000,0x0000000002400000)]

Other Threads:
  0x0000000016387000 VMThread [stack: 0x0000000018050000,0x0000000018150000] [id=3148]
  0x0000000018310800 WatcherThread [stack: 0x0000000018f30000,0x0000000019030000] [id=9508]

VM state:not at safepoint (normal execution)

VM Mutex/Monitor currently owned by a thread: None

Heap:
 PSYoungGen      total 128512K, used 121631K [0x00000000e0000000, 0x00000000eb400000, 0x0000000100000000)
  eden space 114688K, 94% used [0x00000000e0000000,0x00000000e69499e8,0x00000000e7000000)
  from space 13824K, 99% used [0x00000000e7000000,0x00000000e7d7e5c8,0x00000000e7d80000)
  to   space 15872K, 0% used [0x00000000ea480000,0x00000000ea480000,0x00000000eb400000)
 ParOldGen       total 201216K, used 18155K [0x00000000a0000000, 0x00000000ac480000, 0x00000000e0000000)
  object space 201216K, 9% used [0x00000000a0000000,0x00000000a11bac98,0x00000000ac480000)
 Metaspace       used 50807K, capacity 52302K, committed 52480K, reserved 1095680K
  class space    used 6843K, capacity 7162K, committed 7168K, reserved 1048576K

Card table byte_map: [0x0000000011990000,0x0000000011ca0000] byte_map_base: 0x0000000011490000

Marking Bits: (ParMarkBitMap*) 0x0000000074a618f0
 Begin Bits: [0x00000000126a0000, 0x0000000013ea0000)
 End Bits:   [0x0000000013ea0000, 0x00000000156a0000)

Polling page: 0x00000000005a0000

CodeCache: size=245760Kb used=21620Kb max_used=21620Kb free=224139Kb
 bounds [0x00000000025d0000, 0x0000000003b00000, 0x00000000115d0000]
 total_blobs=6976 nmethods=6225 adapters=663
 compilation: enabled

Compilation events (10 events):
Event: 7.951 Thread 0x000000001828f800 6906       1       com.sun.org.apache.xerces.internal.dom.CharacterDataImpl$1::getLength (2 bytes)
Event: 7.951 Thread 0x000000001828f800 nmethod 6906 0x0000000003afdf10 code [0x0000000003afe060, 0x0000000003afe170]
Event: 7.951 Thread 0x000000001828f800 6916       3       com.sun.org.apache.xerces.internal.dom.CharacterDataImpl::getChildNodes (4 bytes)
Event: 7.951 Thread 0x000000001828f800 nmethod 6916 0x0000000003afe1d0 code [0x0000000003afe320, 0x0000000003afe470]
Event: 7.951 Thread 0x000000001828f800 6915       3       com.sun.org.apache.xerces.internal.dom.CoreDocumentImpl::createTextNode (10 bytes)
Event: 7.952 Thread 0x000000001828f800 nmethod 6915 0x0000000003afe4d0 code [0x0000000003afe660, 0x0000000003afea10]
Event: 7.953 Thread 0x000000001828f800 6917       3       com.android.ide.common.res2.ResourceItem::getDetailsXml (9 bytes)
Event: 7.953 Thread 0x000000001828f800 nmethod 6917 0x0000000003afec50 code [0x0000000003afedc0, 0x0000000003afeff8]
Event: 7.954 Thread 0x000000001828f800 6918       3       com.android.ide.common.res2.NodeUtils::duplicateAndAdoptNode (13 bytes)
Event: 7.954 Thread 0x000000001828f800 nmethod 6918 0x0000000003aff110 code [0x0000000003aff280, 0x0000000003aff438]

GC Heap History (10 events):
Event: 3.735 GC heap before
{Heap before GC invocations=5 (full 1):
 PSYoungGen      total 76288K, used 73390K [0x00000000e0000000, 0x00000000e6b80000, 0x0000000100000000)
  eden space 65536K, 100% used [0x00000000e0000000,0x00000000e4000000,0x00000000e4000000)
  from space 10752K, 73% used [0x00000000e4000000,0x00000000e47ab800,0x00000000e4a80000)
  to   space 10752K, 0% used [0x00000000e6100000,0x00000000e6100000,0x00000000e6b80000)
 ParOldGen       total 122880K, used 12425K [0x00000000a0000000, 0x00000000a7800000, 0x00000000e0000000)
  object space 122880K, 10% used [0x00000000a0000000,0x00000000a0c22500,0x00000000a7800000)
 Metaspace       used 29145K, capacity 29526K, committed 29696K, reserved 1075200K
  class space    used 3963K, capacity 4087K, committed 4096K, reserved 1048576K
Event: 3.741 GC heap after
Heap after GC invocations=5 (full 1):
 PSYoungGen      total 96256K, used 6886K [0x00000000e0000000, 0x00000000e6a00000, 0x0000000100000000)
  eden space 87040K, 0% used [0x00000000e0000000,0x00000000e0000000,0x00000000e5500000)
  from space 9216K, 74% used [0x00000000e6100000,0x00000000e67b99e0,0x00000000e6a00000)
  to   space 10752K, 0% used [0x00000000e5500000,0x00000000e5500000,0x00000000e5f80000)
 ParOldGen       total 122880K, used 12505K [0x00000000a0000000, 0x00000000a7800000, 0x00000000e0000000)
  object space 122880K, 10% used [0x00000000a0000000,0x00000000a0c36510,0x00000000a7800000)
 Metaspace       used 29145K, capacity 29526K, committed 29696K, reserved 1075200K
  class space    used 3963K, capacity 4087K, committed 4096K, reserved 1048576K
}
Event: 4.443 GC heap before
{Heap before GC invocations=6 (full 1):
 PSYoungGen      total 96256K, used 73664K [0x00000000e0000000, 0x00000000e6a00000, 0x0000000100000000)
  eden space 87040K, 76% used [0x00000000e0000000,0x00000000e41366c8,0x00000000e5500000)
  from space 9216K, 74% used [0x00000000e6100000,0x00000000e67b99e0,0x00000000e6a00000)
  to   space 10752K, 0% used [0x00000000e5500000,0x00000000e5500000,0x00000000e5f80000)
 ParOldGen       total 122880K, used 12505K [0x00000000a0000000, 0x00000000a7800000, 0x00000000e0000000)
  object space 122880K, 10% used [0x00000000a0000000,0x00000000a0c36510,0x00000000a7800000)
 Metaspace       used 34748K, capacity 35280K, committed 35496K, reserved 1079296K
  class space    used 4649K, capacity 4816K, committed 4864K, reserved 1048576K
Event: 4.452 GC heap after
Heap after GC invocations=6 (full 1):
 PSYoungGen      total 97792K, used 10734K [0x00000000e0000000, 0x00000000e9000000, 0x0000000100000000)
  eden space 87040K, 0% used [0x00000000e0000000,0x00000000e0000000,0x00000000e5500000)
  from space 10752K, 99% used [0x00000000e5500000,0x00000000e5f7b9e0,0x00000000e5f80000)
  to   space 14848K, 0% used [0x00000000e8180000,0x00000000e8180000,0x00000000e9000000)
 ParOldGen       total 122880K, used 13366K [0x00000000a0000000, 0x00000000a7800000, 0x00000000e0000000)
  object space 122880K, 10% used [0x00000000a0000000,0x00000000a0d0da68,0x00000000a7800000)
 Metaspace       used 34748K, capacity 35280K, committed 35496K, reserved 1079296K
  class space    used 4649K, capacity 4816K, committed 4864K, reserved 1048576K
}
Event: 4.452 GC heap before
{Heap before GC invocations=7 (full 2):
 PSYoungGen      total 97792K, used 10734K [0x00000000e0000000, 0x00000000e9000000, 0x0000000100000000)
  eden space 87040K, 0% used [0x00000000e0000000,0x00000000e0000000,0x00000000e5500000)
  from space 10752K, 99% used [0x00000000e5500000,0x00000000e5f7b9e0,0x00000000e5f80000)
  to   space 14848K, 0% used [0x00000000e8180000,0x00000000e8180000,0x00000000e9000000)
 ParOldGen       total 122880K, used 13366K [0x00000000a0000000, 0x00000000a7800000, 0x00000000e0000000)
  object space 122880K, 10% used [0x00000000a0000000,0x00000000a0d0da68,0x00000000a7800000)
 Metaspace       used 34748K, capacity 35280K, committed 35496K, reserved 1079296K
  class space    used 4649K, capacity 4816K, committed 4864K, reserved 1048576K
Event: 4.512 GC heap after
Heap after GC invocations=7 (full 2):
 PSYoungGen      total 97792K, used 0K [0x00000000e0000000, 0x00000000e9000000, 0x0000000100000000)
  eden space 87040K, 0% used [0x00000000e0000000,0x00000000e0000000,0x00000000e5500000)
  from space 10752K, 0% used [0x00000000e5500000,0x00000000e5500000,0x00000000e5f80000)
  to   space 14848K, 0% used [0x00000000e8180000,0x00000000e8180000,0x00000000e9000000)
 ParOldGen       total 201216K, used 17786K [0x00000000a0000000, 0x00000000ac480000, 0x00000000e0000000)
  object space 201216K, 8% used [0x00000000a0000000,0x00000000a115e950,0x00000000ac480000)
 Metaspace       used 34748K, capacity 35280K, committed 35496K, reserved 1079296K
  class space    used 4649K, capacity 4816K, committed 4864K, reserved 1048576K
}
Event: 5.320 GC heap before
{Heap before GC invocations=8 (full 2):
 PSYoungGen      total 97792K, used 87040K [0x00000000e0000000, 0x00000000e9000000, 0x0000000100000000)
  eden space 87040K, 100% used [0x00000000e0000000,0x00000000e5500000,0x00000000e5500000)
  from space 10752K, 0% used [0x00000000e5500000,0x00000000e5500000,0x00000000e5f80000)
  to   space 14848K, 0% used [0x00000000e8180000,0x00000000e8180000,0x00000000e9000000)
 ParOldGen       total 201216K, used 17786K [0x00000000a0000000, 0x00000000ac480000, 0x00000000e0000000)
  object space 201216K, 8% used [0x00000000a0000000,0x00000000a115e950,0x00000000ac480000)
 Metaspace       used 41803K, capacity 42610K, committed 43008K, reserved 1087488K
  class space    used 5605K, capacity 5812K, committed 5888K, reserved 1048576K
Event: 5.326 GC heap after
Heap after GC invocations=8 (full 2):
 PSYoungGen      total 123392K, used 9573K [0x00000000e0000000, 0x00000000e8b00000, 0x0000000100000000)
  eden space 113664K, 0% used [0x00000000e0000000,0x00000000e0000000,0x00000000e6f00000)
  from space 9728K, 98% used [0x00000000e8180000,0x00000000e8ad94b0,0x00000000e8b00000)
  to   space 13824K, 0% used [0x00000000e7000000,0x00000000e7000000,0x00000000e7d80000)
 ParOldGen       total 201216K, used 17794K [0x00000000a0000000, 0x00000000ac480000, 0x00000000e0000000)
  object space 201216K, 8% used [0x00000000a0000000,0x00000000a1160950,0x00000000ac480000)
 Metaspace       used 41803K, capacity 42610K, committed 43008K, reserved 1087488K
  class space    used 5605K, capacity 5812K, committed 5888K, reserved 1048576K
}
Event: 6.135 GC heap before
{Heap before GC invocations=9 (full 2):
 PSYoungGen      total 123392K, used 123237K [0x00000000e0000000, 0x00000000e8b00000, 0x0000000100000000)
  eden space 113664K, 100% used [0x00000000e0000000,0x00000000e6f00000,0x00000000e6f00000)
  from space 9728K, 98% used [0x00000000e8180000,0x00000000e8ad94b0,0x00000000e8b00000)
  to   space 13824K, 0% used [0x00000000e7000000,0x00000000e7000000,0x00000000e7d80000)
 ParOldGen       total 201216K, used 17794K [0x00000000a0000000, 0x00000000ac480000, 0x00000000e0000000)
  object space 201216K, 8% used [0x00000000a0000000,0x00000000a1160950,0x00000000ac480000)
 Metaspace       used 44933K, capacity 46104K, committed 46336K, reserved 1089536K
  class space    used 6021K, capacity 6319K, committed 6400K, reserved 1048576K
Event: 6.148 GC heap after
Heap after GC invocations=9 (full 2):
 PSYoungGen      total 128512K, used 13817K [0x00000000e0000000, 0x00000000eb400000, 0x0000000100000000)
  eden space 114688K, 0% used [0x00000000e0000000,0x00000000e0000000,0x00000000e7000000)
  from space 13824K, 99% used [0x00000000e7000000,0x00000000e7d7e5c8,0x00000000e7d80000)
  to   space 15872K, 0% used [0x00000000ea480000,0x00000000ea480000,0x00000000eb400000)
 ParOldGen       total 201216K, used 18155K [0x00000000a0000000, 0x00000000ac480000, 0x00000000e0000000)
  object space 201216K, 9% used [0x00000000a0000000,0x00000000a11bac98,0x00000000ac480000)
 Metaspace       used 44933K, capacity 46104K, committed 46336K, reserved 1089536K
  class space    used 6021K, capacity 6319K, committed 6400K, reserved 1048576K
}

Deoptimization events (10 events):
Event: 7.462 Thread 0x000000001a2b1000 Uncommon trap: reason=unstable_if action=reinterpret pc=0x0000000002f57c58 method=sun.nio.cs.UTF_8$Decoder.decodeArrayLoop(Ljava/nio/ByteBuffer;Ljava/nio/CharBuffer;)Ljava/nio/charset/CoderResult; @ 84
Event: 7.471 Thread 0x000000001a2b1000 Uncommon trap: reason=unstable_if action=reinterpret pc=0x0000000002a32f9c method=sun.nio.cs.UTF_8$Decoder.decodeArrayLoop(Ljava/nio/ByteBuffer;Ljava/nio/CharBuffer;)Ljava/nio/charset/CoderResult; @ 84
Event: 7.472 Thread 0x000000001a2b1000 Uncommon trap: reason=unstable_if action=reinterpret pc=0x0000000002eeb058 method=com.sun.org.apache.xerces.internal.dom.DeferredDocumentImpl.ensureCapacity(I)V @ 88
Event: 7.490 Thread 0x000000001a2b1000 Uncommon trap: reason=speculate_class_check action=maybe_recompile pc=0x000000000281e7c0 method=com.sun.org.apache.xerces.internal.dom.ParentNode.getChildNodes()Lorg/w3c/dom/NodeList; @ 8
Event: 7.491 Thread 0x000000001a2b1000 Uncommon trap: reason=unstable_if action=reinterpret pc=0x0000000002e7aaf8 method=com.sun.org.apache.xerces.internal.dom.DeferredDocumentImpl.clearChunkValue([[Ljava/lang/Object;II)Ljava/lang/String; @ 3
Event: 7.633 Thread 0x000000001a2b1000 Uncommon trap: reason=unstable_if action=reinterpret pc=0x0000000002a8fc44 method=java.util.regex.Pattern.append(II)V @ 6
Event: 7.882 Thread 0x000000001a2b1000 Uncommon trap: reason=class_check action=maybe_recompile pc=0x0000000002c905dc method=java.util.concurrent.ConcurrentHashMap.putVal(Ljava/lang/Object;Ljava/lang/Object;Z)Ljava/lang/Object; @ 192
Event: 7.913 Thread 0x000000001a2b1000 Uncommon trap: reason=unstable_if action=reinterpret pc=0x000000000293b7dc method=sun.nio.cs.SingleByte$Encoder.encodeArrayLoop(Ljava/nio/CharBuffer;Ljava/nio/ByteBuffer;)Ljava/nio/charset/CoderResult; @ 70
Event: 7.931 Thread 0x000000001a2b1000 Uncommon trap: reason=unstable_if action=reinterpret pc=0x0000000003a6e5d8 method=com.sun.org.apache.xerces.internal.dom.ElementImpl.getAttributes()Lorg/w3c/dom/NamedNodeMap; @ 4
Event: 7.957 Thread 0x000000001a2b1000 Uncommon trap: reason=class_check action=maybe_recompile pc=0x0000000002e3a8c0 method=com.sun.org.apache.xerces.internal.dom.DeferredDocumentImpl.clearChunkValue([[Ljava/lang/Object;II)Ljava/lang/String; @ 11

Internal exceptions (10 events):
Event: 6.734 Thread 0x000000001a2b1000 Exception <a 'java/lang/ClassNotFoundException': org/gradle/model/internal/core/ModelMapGroovyViewCustomizer> (0x00000000e3172d40) thrown at [C:\src\android\AOSP-openjdk\external\jetbrains\jdk\hotspot\src\share\vm\classfile\systemDictionary.cpp, line 210]
Event: 6.735 Thread 0x000000001a2b1000 Exception <a 'java/lang/ClassNotFoundException': org/gradle/model/internal/core/NodeBackedModelMapCustomizer> (0x00000000e3197450) thrown at [C:\src\android\AOSP-openjdk\external\jetbrains\jdk\hotspot\src\share\vm\classfile\systemDictionary.cpp, line 210]
Event: 6.737 Thread 0x000000001a2b1000 Exception <a 'java/lang/ClassNotFoundException': org/gradle/platform/base/BinaryContainer_ImplCustomizer> (0x00000000e31f5120) thrown at [C:\src\android\AOSP-openjdk\external\jetbrains\jdk\hotspot\src\share\vm\classfile\systemDictionary.cpp, line 210]
Event: 6.894 Thread 0x000000001a2b1000 Exception <a 'java/lang/NoSuchMethodError': <clinit>> (0x00000000e3724ac0) thrown at [C:\src\android\AOSP-openjdk\external\jetbrains\jdk\hotspot\src\share\vm\prims\jni.cpp, line 1613]
Event: 6.895 Thread 0x000000001a2b1000 Exception <a 'java/lang/NoSuchMethodError': <clinit>> (0x00000000e3731aa8) thrown at [C:\src\android\AOSP-openjdk\external\jetbrains\jdk\hotspot\src\share\vm\prims\jni.cpp, line 1613]
Event: 6.901 Thread 0x000000001a2b1000 Implicit null exception at 0x000000000275437a to 0x0000000002755641
Event: 6.913 Thread 0x000000001a2b1000 Exception <a 'java/lang/NoSuchMethodError': <clinit>> (0x00000000e3870d28) thrown at [C:\src\android\AOSP-openjdk\external\jetbrains\jdk\hotspot\src\share\vm\prims\jni.cpp, line 1613]
Event: 6.914 Thread 0x000000001a2b1000 Exception <a 'java/lang/NoSuchMethodError': <clinit>> (0x00000000e3889538) thrown at [C:\src\android\AOSP-openjdk\external\jetbrains\jdk\hotspot\src\share\vm\prims\jni.cpp, line 1613]
Event: 6.914 Thread 0x000000001a2b1000 Exception <a 'java/lang/NoSuchMethodError': <clinit>> (0x00000000e388aa50) thrown at [C:\src\android\AOSP-openjdk\external\jetbrains\jdk\hotspot\src\share\vm\prims\jni.cpp, line 1613]
Event: 7.491 Thread 0x000000001a2b1000 Implicit null exception at 0x0000000002e7a95e to 0x0000000002e7aae1

Events (10 events):
Event: 7.890 loading class java/util/concurrent/ConcurrentHashMap$MapEntry done
Event: 7.913 Thread 0x000000001a2b1000 Uncommon trap: trap_request=0xffffff65 fr.pc=0x000000000293b7dc
Event: 7.913 Thread 0x000000001a2b1000 DEOPT PACKING pc=0x000000000293b7dc sp=0x000000001c8fbd20
Event: 7.913 Thread 0x000000001a2b1000 DEOPT UNPACKING pc=0x000000000261556a sp=0x000000001c8fbc90 mode 2
Event: 7.931 Thread 0x000000001a2b1000 Uncommon trap: trap_request=0xffffff65 fr.pc=0x0000000003a6e5d8
Event: 7.931 Thread 0x000000001a2b1000 DEOPT PACKING pc=0x0000000003a6e5d8 sp=0x000000001c8fc2a0
Event: 7.931 Thread 0x000000001a2b1000 DEOPT UNPACKING pc=0x000000000261556a sp=0x000000001c8fc248 mode 2
Event: 7.957 Thread 0x000000001a2b1000 Uncommon trap: trap_request=0xffffffde fr.pc=0x0000000002e3a8c0
Event: 7.957 Thread 0x000000001a2b1000 DEOPT PACKING pc=0x0000000002e3a8c0 sp=0x000000001c8fbe70
Event: 7.958 Thread 0x000000001a2b1000 DEOPT UNPACKING pc=0x000000000261556a sp=0x000000001c8fbd80 mode 2


Dynamic libraries:
0x00007ff791a30000 - 0x00007ff791a61000 	C:\Program Files\Android\Android Studio\jre\bin\java.exe
0x00007ff9cde00000 - 0x00007ff9cdfd1000 	C:\WINDOWS\SYSTEM32\ntdll.dll
0x00007ff9cc930000 - 0x00007ff9cc9db000 	C:\WINDOWS\System32\KERNEL32.DLL
0x00007ff9cafc0000 - 0x00007ff9cb1dd000 	C:\WINDOWS\System32\KERNELBASE.dll
0x00007ff9ccb10000 - 0x00007ff9ccbb2000 	C:\WINDOWS\System32\ADVAPI32.dll
0x00007ff9cdbc0000 - 0x00007ff9cdc5e000 	C:\WINDOWS\System32\msvcrt.dll
0x00007ff9ccaa0000 - 0x00007ff9ccaf9000 	C:\WINDOWS\System32\sechost.dll
0x00007ff9cd6b0000 - 0x00007ff9cd7d1000 	C:\WINDOWS\System32\RPCRT4.dll
0x00007ff9ccff0000 - 0x00007ff9cd155000 	C:\WINDOWS\System32\USER32.dll
0x00007ff9ca5e0000 - 0x00007ff9ca5fe000 	C:\WINDOWS\System32\win32u.dll
0x00007ff9cc9e0000 - 0x00007ff9cca14000 	C:\WINDOWS\System32\GDI32.dll
0x00007ff9ca3a0000 - 0x00007ff9ca522000 	C:\WINDOWS\System32\gdi32full.dll
0x00007ff9c2a20000 - 0x00007ff9c2c99000 	C:\WINDOWS\WinSxS\amd64_microsoft.windows.common-controls_6595b64144ccf1df_6.0.14393.447_none_42191651c6827bb3\COMCTL32.dll
0x00007ff9ccbc0000 - 0x00007ff9cce88000 	C:\WINDOWS\System32\combase.dll
0x00007ff9cb1e0000 - 0x00007ff9cb2d5000 	C:\WINDOWS\System32\ucrtbase.dll
0x00007ff9ca7d0000 - 0x00007ff9ca83a000 	C:\WINDOWS\System32\bcryptPrimitives.dll
0x00007ff9cda20000 - 0x00007ff9cda4e000 	C:\WINDOWS\System32\IMM32.DLL
0x00000000741c0000 - 0x0000000074292000 	C:\Program Files\Android\Android Studio\jre\jre\bin\msvcr100.dll
0x00000000742a0000 - 0x0000000074adc000 	C:\Program Files\Android\Android Studio\jre\jre\bin\server\jvm.dll
0x00007ff9cca20000 - 0x00007ff9cca28000 	C:\WINDOWS\System32\PSAPI.DLL
0x00007ff9bc610000 - 0x00007ff9bc619000 	C:\WINDOWS\SYSTEM32\WSOCK32.dll
0x00007ff9c84f0000 - 0x00007ff9c8513000 	C:\WINDOWS\SYSTEM32\WINMM.dll
0x00007ff9c60f0000 - 0x00007ff9c60fa000 	C:\WINDOWS\SYSTEM32\VERSION.dll
0x00007ff9cdb50000 - 0x00007ff9cdbba000 	C:\WINDOWS\System32\WS2_32.dll
0x0000000000ab0000 - 0x0000000000adb000 	C:\WINDOWS\SYSTEM32\WINMMBASE.dll
0x00007ff9cb340000 - 0x00007ff9cb382000 	C:\WINDOWS\System32\cfgmgr32.dll
0x00007ff9c50c0000 - 0x00007ff9c50cf000 	C:\Program Files\Android\Android Studio\jre\jre\bin\verify.dll
0x00007ff9c2100000 - 0x00007ff9c2129000 	C:\Program Files\Android\Android Studio\jre\jre\bin\java.dll
0x00007ff9c2f20000 - 0x00007ff9c2f36000 	C:\Program Files\Android\Android Studio\jre\jre\bin\zip.dll
0x00007ff9cb420000 - 0x00007ff9cc929000 	C:\WINDOWS\System32\SHELL32.dll
0x00007ff9ca840000 - 0x00007ff9caf1a000 	C:\WINDOWS\System32\windows.storage.dll
0x00007ff9ca270000 - 0x00007ff9ca2bc000 	C:\WINDOWS\System32\powrprof.dll
0x00007ff9cd650000 - 0x00007ff9cd6a2000 	C:\WINDOWS\System32\shlwapi.dll
0x00007ff9ca2e0000 - 0x00007ff9ca2ef000 	C:\WINDOWS\System32\kernel.appcore.dll
0x00007ff9ca530000 - 0x00007ff9ca5d9000 	C:\WINDOWS\System32\shcore.dll
0x00007ff9ca2c0000 - 0x00007ff9ca2d4000 	C:\WINDOWS\System32\profapi.dll
0x00007ff9c2710000 - 0x00007ff9c272a000 	C:\Program Files\Android\Android Studio\jre\jre\bin\net.dll
0x00007ff9c9ac0000 - 0x00007ff9c9b1c000 	C:\WINDOWS\system32\mswsock.dll
0x00007ff9c13e0000 - 0x00007ff9c13f1000 	C:\Program Files\Android\Android Studio\jre\jre\bin\nio.dll
0x00007ff9b5070000 - 0x00007ff9b508e000 	C:\Users\cngz\.gradle\native\21\windows-amd64\native-platform.dll
0x00007ff9c9d40000 - 0x00007ff9c9d57000 	C:\WINDOWS\SYSTEM32\CRYPTSP.dll
0x00007ff9c9c40000 - 0x00007ff9c9c73000 	C:\WINDOWS\system32\rsaenh.dll
0x00007ff9c9e40000 - 0x00007ff9c9e6b000 	C:\WINDOWS\SYSTEM32\bcrypt.dll
0x00007ff9c9940000 - 0x00007ff9c995f000 	C:\WINDOWS\SYSTEM32\USERENV.dll
0x00007ff9c9d30000 - 0x00007ff9c9d3b000 	C:\WINDOWS\SYSTEM32\CRYPTBASE.dll
0x00007ff9c9850000 - 0x00007ff9c9888000 	C:\WINDOWS\SYSTEM32\IPHLPAPI.DLL
0x00007ff9cb410000 - 0x00007ff9cb418000 	C:\WINDOWS\System32\NSI.dll
0x00007ff9c3d50000 - 0x00007ff9c3d66000 	C:\WINDOWS\SYSTEM32\dhcpcsvc6.DLL
0x00007ff9c5390000 - 0x00007ff9c53aa000 	C:\WINDOWS\SYSTEM32\dhcpcsvc.DLL
0x00007ff9c13b0000 - 0x00007ff9c13bd000 	C:\Program Files\Android\Android Studio\jre\jre\bin\management.dll
0x00007ff9bb7b0000 - 0x00007ff9bb942000 	C:\WINDOWS\SYSTEM32\dbghelp.dll

VM Arguments:
jvm_args: -Xmx1536m -Dfile.encoding=windows-1254 -Duser.country=TR -Duser.language=tr -Duser.variant 
java_command: org.gradle.launcher.daemon.bootstrap.GradleDaemon 3.2
java_class_path (initial): C:\Users\cngz\.gradle\wrapper\dists\gradle-3.2-all\97ld1dyml0oep92x4lyn4g235\gradle-3.2\lib\gradle-launcher-3.2.jar
Launcher Type: SUN_STANDARD

Environment Variables:
PATH=C:\WINDOWS\system32;C:\WINDOWS;C:\WINDOWS\System32\Wbem;C:\WINDOWS\System32\WindowsPowerShell\v1.0\;C:\Program Files\Microsoft\Web Platform Installer\;C:\Program Files (x86)\Microsoft ASP.NET\ASP.NET Web Pages\v1.0\;C:\Program Files (x86)\Windows Kits\8.0\Windows Performance Toolkit\;C:\Program Files\Microsoft SQL Server\110\Tools\Binn\;C:\Program Files (x86)\Microsoft SQL Server\90\Tools\binn\;C:\Users\cngz\AppData\Local\Microsoft\WindowsApps;
USERNAME=cngz
OS=Windows_NT
PROCESSOR_IDENTIFIER=Intel64 Family 6 Model 58 Stepping 9, GenuineIntel



---------------  S Y S T E M  ---------------

OS: Windows 10.0 , 64 bit Build 14393 (10.0.14393.0)

CPU:total 8 (4 cores per cpu, 2 threads per core) family 6 model 58 stepping 9, cmov, cx8, fxsr, mmx, sse, sse2, sse3, ssse3, sse4.1, sse4.2, popcnt, avx, aes, clmul, erms, ht, tsc, tscinvbit, tscinv

Memory: 4k page, physical 16671536k(9763184k free), swap 19161904k(11582732k free)

vm_info: OpenJDK 64-Bit Server VM (25.112-b06) for windows-amd64 JRE (1.8.0_112-release-b06), built on Dec  8 2016 00:54:26 by "builder" with MS VC++ 10.0 (VS2010)

time: Fri Dec 23 13:27:56 2016
elapsed time: 7 seconds (0d 0h 0m 7s)

