#
# A fatal error has been detected by the Java Runtime Environment:
#
#  EXCEPTION_ACCESS_VIOLATION (0xc0000005) at pc=0x0000000066d6bc1b, pid=12148, tid=0x0000000000002d24
#
# JRE version: OpenJDK Runtime Environment (8.0_112-b06) (build 1.8.0_112-release-b06)
# Java VM: OpenJDK 64-Bit Server VM (25.112-b06 mixed mode windows-amd64 compressed oops)
# Problematic frame:
# V  [jvm.dll+0x4dbc1b]
#
# Failed to write core dump. Minidumps are not enabled by default on client versions of Windows
#
# If you would like to submit a bug report, please visit:
#   http://bugreport.java.com/bugreport/crash.jsp
#

---------------  T H R E A D  ---------------

Current thread (0x0000000016b0b000):  JavaThread "C2 CompilerThread2" daemon [_thread_in_native, id=11556, stack(0x00000000193b0000,0x00000000194b0000)]

siginfo: ExceptionCode=0xc0000005, reading address 0x000000000000002f

Registers:
RAX=0x0000000000000000, RBX=0x000000001e65ed18, RCX=0x0000000000000000, RDX=0x000000000000000f
RSP=0x00000000194ac160, RBP=0x0000000020108da8, RSI=0x0000000020108d70, RDI=0x00000000194ac900
R8 =0x000000001d6b5bf0, R9 =0x0000000000000003, R10=0x000000000000001d, R11=0x0000000000000020
R12=0x00000000000003e7, R13=0x000000001d6b5bf0, R14=0x000000000000000f, R15=0x00000000194ac900
RIP=0x0000000066d6bc1b, EFLAGS=0x0000000000010206

Top of Stack: (sp=0x00000000194ac160)
0x00000000194ac160:   0000000000000017 0000000066d6bf1c
0x00000000194ac170:   000000001d6b5d08 0000000066caa927
0x00000000194ac180:   000000001eaa98e0 000000000000001c
0x00000000194ac190:   0000000000000000 000000001d6b5bf0
0x00000000194ac1a0:   0000000000000005 0000000066d6c323
0x00000000194ac1b0:   0000000000000003 0000000020108d70
0x00000000194ac1c0:   00000000194ac900 0000000000000003
0x00000000194ac1d0:   00000000000021ea 0000000066cbe0a9
0x00000000194ac1e0:   000000001d6b5bf0 00000000194ac900
0x00000000194ac1f0:   0000000000000003 000000001eaa98e0
0x00000000194ac200:   0000000000000001 0000000066d6de97
0x00000000194ac210:   0000000020108da8 0000000000000000
0x00000000194ac220:   00000000194ac310 0000000000000001
0x00000000194ac230:   0000000000000003 00000000000021eb
0x00000000194ac240:   000000001dc5ac00 00000000194ac400
0x00000000194ac250:   00000000194ac470 0000000000000000 

Instructions: (pc=0x0000000066d6bc1b)
0x0000000066d6bbfb:   16 49 8b 45 00 8b 54 24 68 49 8b cd ff 90 88 00
0x0000000066d6bc0b:   00 00 48 8b d8 eb 03 49 8b de 8b 4d 24 8b 45 20
0x0000000066d6bc1b:   41 23 46 20 41 23 4e 24 0b c8 8b 45 1c 41 23 46
0x0000000066d6bc2b:   1c 0b c8 8b 45 18 41 23 46 18 0b c8 8b 45 14 41 


Register to memory mapping:

RAX=0x0000000000000000 is an unknown value
RBX=0x000000001e65ed18 is an unknown value
RCX=0x0000000000000000 is an unknown value
RDX=0x000000000000000f is an unknown value
RSP=0x00000000194ac160 is pointing into the stack for thread: 0x0000000016b0b000
RBP=0x0000000020108da8 is an unknown value
RSI=0x0000000020108d70 is an unknown value
RDI=0x00000000194ac900 is pointing into the stack for thread: 0x0000000016b0b000
R8 =0x000000001d6b5bf0 is an unknown value
R9 =0x0000000000000003 is an unknown value
R10=0x000000000000001d is an unknown value
R11=0x0000000000000020 is an unknown value
R12=0x00000000000003e7 is an unknown value
R13=0x000000001d6b5bf0 is an unknown value
R14=0x000000000000000f is an unknown value
R15=0x00000000194ac900 is pointing into the stack for thread: 0x0000000016b0b000


Stack: [0x00000000193b0000,0x00000000194b0000],  sp=0x00000000194ac160,  free space=1008k
Native frames: (J=compiled Java code, j=interpreted, Vv=VM code, C=native code)
V  [jvm.dll+0x4dbc1b]
V  [jvm.dll+0x4dc323]
V  [jvm.dll+0x4dde97]
V  [jvm.dll+0x432b72]
V  [jvm.dll+0x43d6bb]
V  [jvm.dll+0x43ff8e]
V  [jvm.dll+0x423242]
V  [jvm.dll+0x80b29]
V  [jvm.dll+0x8145f]
V  [jvm.dll+0x21be7f]
V  [jvm.dll+0x26c13a]
C  [msvcr100.dll+0x21d9f]
C  [msvcr100.dll+0x21e3b]
C  [KERNEL32.DLL+0x8364]
C  [ntdll.dll+0x670d1]


Current CompileTask:
C2:   7835 4480       4       java.io.WinNTFileSystem::normalize (143 bytes)


---------------  P R O C E S S  ---------------

Java Threads: ( => current thread )
  0x0000000019f12000 JavaThread "File lock request listener" [_thread_in_native, id=4264, stack(0x000000001fc00000,0x000000001fd00000)]
  0x000000001ab50000 JavaThread "Stdin handler" [_thread_blocked, id=396, stack(0x000000001d160000,0x000000001d260000)]
  0x000000001ab4f000 JavaThread "Asynchronous log dispatcher for org.gradle.launcher.daemon.server.DefaultDaemonConnection@2d6f4cc7" [_thread_blocked, id=9780, stack(0x000000001d060000,0x000000001d160000)]
  0x000000001a8b5000 JavaThread "Daemon worker" [_thread_in_vm, id=5252, stack(0x000000001cf60000,0x000000001d060000)]
  0x000000001a7cb800 JavaThread "Cancel handler" [_thread_blocked, id=7696, stack(0x000000001ce60000,0x000000001cf60000)]
  0x000000001a7ca000 JavaThread "pool-1-thread-1" [_thread_blocked, id=7568, stack(0x000000001cd60000,0x000000001ce60000)]
  0x000000001a888000 JavaThread "Handler for socket connection from /127.0.0.1:59412 to /127.0.0.1:59413" [_thread_in_native, id=7864, stack(0x000000001cc60000,0x000000001cd60000)]
  0x000000001a6aa000 JavaThread "Daemon" [_thread_blocked, id=9684, stack(0x000000001cb60000,0x000000001cc60000)]
  0x000000001a5be800 JavaThread "Incoming local TCP Connector on port 59412" [_thread_in_native, id=8116, stack(0x000000001af80000,0x000000001b080000)]
  0x0000000018a96000 JavaThread "Service Thread" daemon [_thread_blocked, id=12252, stack(0x00000000195b0000,0x00000000196b0000)]
  0x0000000018a0f800 JavaThread "C1 CompilerThread3" daemon [_thread_blocked, id=7964, stack(0x00000000194b0000,0x00000000195b0000)]
=>0x0000000016b0b000 JavaThread "C2 CompilerThread2" daemon [_thread_in_native, id=11556, stack(0x00000000193b0000,0x00000000194b0000)]
  0x00000000189ff000 JavaThread "C2 CompilerThread1" daemon [_thread_in_vm, id=9836, stack(0x00000000192b0000,0x00000000193b0000)]
  0x00000000189f7000 JavaThread "C2 CompilerThread0" daemon [_thread_in_native, id=10372, stack(0x00000000191b0000,0x00000000192b0000)]
  0x0000000018a05800 JavaThread "Attach Listener" daemon [_thread_blocked, id=4124, stack(0x00000000190b0000,0x00000000191b0000)]
  0x0000000018a04000 JavaThread "Signal Dispatcher" daemon [_thread_blocked, id=11920, stack(0x0000000018fb0000,0x00000000190b0000)]
  0x00000000189f0800 JavaThread "Finalizer" daemon [_thread_blocked, id=8768, stack(0x0000000018dd0000,0x0000000018ed0000)]
  0x0000000016afb800 JavaThread "Reference Handler" daemon [_thread_blocked, id=8200, stack(0x00000000188d0000,0x00000000189d0000)]
  0x0000000002b70800 JavaThread "main" [_thread_blocked, id=12140, stack(0x00000000029d0000,0x0000000002ad0000)]

Other Threads:
  0x0000000016af7800 VMThread [stack: 0x00000000187d0000,0x00000000188d0000] [id=10028]
  0x0000000018a96800 WatcherThread [stack: 0x00000000196b0000,0x00000000197b0000] [id=7580]

VM state:not at safepoint (normal execution)

VM Mutex/Monitor currently owned by a thread: None

Heap:
 PSYoungGen      total 126976K, used 35713K [0x00000000e0000000, 0x00000000e8f80000, 0x0000000100000000)
  eden space 117248K, 22% used [0x00000000e0000000,0x00000000e19dcba8,0x00000000e7280000)
  from space 9728K, 94% used [0x00000000e8600000,0x00000000e8f03b30,0x00000000e8f80000)
  to   space 13824K, 0% used [0x00000000e7480000,0x00000000e7480000,0x00000000e8200000)
 ParOldGen       total 196608K, used 17690K [0x00000000a0000000, 0x00000000ac000000, 0x00000000e0000000)
  object space 196608K, 8% used [0x00000000a0000000,0x00000000a11468a0,0x00000000ac000000)
 Metaspace       used 42139K, capacity 42942K, committed 43264K, reserved 1087488K
  class space    used 5634K, capacity 5856K, committed 5888K, reserved 1048576K

Card table byte_map: [0x0000000012100000,0x0000000012410000] byte_map_base: 0x0000000011c00000

Marking Bits: (ParMarkBitMap*) 0x00000000670518f0
 Begin Bits: [0x0000000012e10000, 0x0000000014610000)
 End Bits:   [0x0000000014610000, 0x0000000015e10000)

Polling page: 0x0000000001280000

CodeCache: size=245760Kb used=15512Kb max_used=15698Kb free=230248Kb
 bounds [0x0000000002d40000, 0x0000000003d20000, 0x0000000011d40000]
 total_blobs=4891 nmethods=4158 adapters=645
 compilation: enabled

Compilation events (10 events):
Event: 7.825 Thread 0x0000000018a0f800 4664       3       java.io.IOException::<init> (6 bytes)
Event: 7.825 Thread 0x0000000018a0f800 nmethod 4664 0x0000000003625ed0 code [0x0000000003626040, 0x0000000003626228]
Event: 7.825 Thread 0x0000000018a0f800 4665       3       sun.nio.fs.WindowsException::<init> (15 bytes)
Event: 7.825 Thread 0x0000000018a0f800 nmethod 4665 0x000000000366c450 code [0x000000000366c5e0, 0x000000000366c988]
Event: 7.825 Thread 0x0000000018a0f800 4666       3       sun.nio.fs.WindowsException::rethrowAsIOException (7 bytes)
Event: 7.825 Thread 0x0000000018a0f800 nmethod 4666 0x000000000366c090 code [0x000000000366c200, 0x000000000366c3a8]
Event: 7.825 Thread 0x0000000018a0f800 4667       1       java.util.stream.AbstractPipeline::getStreamAndOpFlags (5 bytes)
Event: 7.825 Thread 0x0000000018a0f800 nmethod 4667 0x0000000003625b50 code [0x0000000003625ca0, 0x0000000003625db0]
Event: 7.825 Thread 0x0000000018a0f800 4668       1       java.util.Spliterators$IteratorSpliterator::characteristics (5 bytes)
Event: 7.825 Thread 0x0000000018a0f800 nmethod 4668 0x000000000366bdd0 code [0x000000000366bf20, 0x000000000366c030]

GC Heap History (10 events):
Event: 4.229 GC heap before
{Heap before GC invocations=4 (full 1):
 PSYoungGen      total 76288K, used 65536K [0x00000000e0000000, 0x00000000e5500000, 0x0000000100000000)
  eden space 65536K, 100% used [0x00000000e0000000,0x00000000e4000000,0x00000000e4000000)
  from space 10752K, 0% used [0x00000000e4a80000,0x00000000e4a80000,0x00000000e5500000)
  to   space 10752K, 0% used [0x00000000e4000000,0x00000000e4000000,0x00000000e4a80000)
 ParOldGen       total 123392K, used 12463K [0x00000000a0000000, 0x00000000a7880000, 0x00000000e0000000)
  object space 123392K, 10% used [0x00000000a0000000,0x00000000a0c2bd10,0x00000000a7880000)
 Metaspace       used 25898K, capacity 26336K, committed 26624K, reserved 1073152K
  class space    used 3584K, capacity 3729K, committed 3840K, reserved 1048576K
Event: 4.235 GC heap after
Heap after GC invocations=4 (full 1):
 PSYoungGen      total 76288K, used 7836K [0x00000000e0000000, 0x00000000e6a80000, 0x0000000100000000)
  eden space 65536K, 0% used [0x00000000e0000000,0x00000000e0000000,0x00000000e4000000)
  from space 10752K, 72% used [0x00000000e4000000,0x00000000e47a71c0,0x00000000e4a80000)
  to   space 10752K, 0% used [0x00000000e6000000,0x00000000e6000000,0x00000000e6a80000)
 ParOldGen       total 123392K, used 12463K [0x00000000a0000000, 0x00000000a7880000, 0x00000000e0000000)
  object space 123392K, 10% used [0x00000000a0000000,0x00000000a0c2bd10,0x00000000a7880000)
 Metaspace       used 25898K, capacity 26336K, committed 26624K, reserved 1073152K
  class space    used 3584K, capacity 3729K, committed 3840K, reserved 1048576K
}
Event: 5.740 GC heap before
{Heap before GC invocations=5 (full 1):
 PSYoungGen      total 76288K, used 73372K [0x00000000e0000000, 0x00000000e6a80000, 0x0000000100000000)
  eden space 65536K, 100% used [0x00000000e0000000,0x00000000e4000000,0x00000000e4000000)
  from space 10752K, 72% used [0x00000000e4000000,0x00000000e47a71c0,0x00000000e4a80000)
  to   space 10752K, 0% used [0x00000000e6000000,0x00000000e6000000,0x00000000e6a80000)
 ParOldGen       total 123392K, used 12463K [0x00000000a0000000, 0x00000000a7880000, 0x00000000e0000000)
  object space 123392K, 10% used [0x00000000a0000000,0x00000000a0c2bd10,0x00000000a7880000)
 Metaspace       used 29296K, capacity 29788K, committed 29952K, reserved 1075200K
  class space    used 3981K, capacity 4089K, committed 4096K, reserved 1048576K
Event: 5.746 GC heap after
Heap after GC invocations=5 (full 1):
 PSYoungGen      total 95232K, used 6993K [0x00000000e0000000, 0x00000000e6900000, 0x0000000100000000)
  eden space 86016K, 0% used [0x00000000e0000000,0x00000000e0000000,0x00000000e5400000)
  from space 9216K, 75% used [0x00000000e6000000,0x00000000e66d4470,0x00000000e6900000)
  to   space 10752K, 0% used [0x00000000e5400000,0x00000000e5400000,0x00000000e5e80000)
 ParOldGen       total 123392K, used 12535K [0x00000000a0000000, 0x00000000a7880000, 0x00000000e0000000)
  object space 123392K, 10% used [0x00000000a0000000,0x00000000a0c3dd20,0x00000000a7880000)
 Metaspace       used 29296K, capacity 29788K, committed 29952K, reserved 1075200K
  class space    used 3981K, capacity 4089K, committed 4096K, reserved 1048576K
}
Event: 6.437 GC heap before
{Heap before GC invocations=6 (full 1):
 PSYoungGen      total 95232K, used 72942K [0x00000000e0000000, 0x00000000e6900000, 0x0000000100000000)
  eden space 86016K, 76% used [0x00000000e0000000,0x00000000e4067450,0x00000000e5400000)
  from space 9216K, 75% used [0x00000000e6000000,0x00000000e66d4470,0x00000000e6900000)
  to   space 10752K, 0% used [0x00000000e5400000,0x00000000e5400000,0x00000000e5e80000)
 ParOldGen       total 123392K, used 12535K [0x00000000a0000000, 0x00000000a7880000, 0x00000000e0000000)
  object space 123392K, 10% used [0x00000000a0000000,0x00000000a0c3dd20,0x00000000a7880000)
 Metaspace       used 34758K, capacity 35280K, committed 35496K, reserved 1079296K
  class space    used 4648K, capacity 4816K, committed 4864K, reserved 1048576K
Event: 6.451 GC heap after
Heap after GC invocations=6 (full 1):
 PSYoungGen      total 96768K, used 10730K [0x00000000e0000000, 0x00000000e9480000, 0x0000000100000000)
  eden space 86016K, 0% used [0x00000000e0000000,0x00000000e0000000,0x00000000e5400000)
  from space 10752K, 99% used [0x00000000e5400000,0x00000000e5e7a8e0,0x00000000e5e80000)
  to   space 14848K, 0% used [0x00000000e8600000,0x00000000e8600000,0x00000000e9480000)
 ParOldGen       total 123392K, used 13301K [0x00000000a0000000, 0x00000000a7880000, 0x00000000e0000000)
  object space 123392K, 10% used [0x00000000a0000000,0x00000000a0cfd588,0x00000000a7880000)
 Metaspace       used 34758K, capacity 35280K, committed 35496K, reserved 1079296K
  class space    used 4648K, capacity 4816K, committed 4864K, reserved 1048576K
}
Event: 6.451 GC heap before
{Heap before GC invocations=7 (full 2):
 PSYoungGen      total 96768K, used 10730K [0x00000000e0000000, 0x00000000e9480000, 0x0000000100000000)
  eden space 86016K, 0% used [0x00000000e0000000,0x00000000e0000000,0x00000000e5400000)
  from space 10752K, 99% used [0x00000000e5400000,0x00000000e5e7a8e0,0x00000000e5e80000)
  to   space 14848K, 0% used [0x00000000e8600000,0x00000000e8600000,0x00000000e9480000)
 ParOldGen       total 123392K, used 13301K [0x00000000a0000000, 0x00000000a7880000, 0x00000000e0000000)
  object space 123392K, 10% used [0x00000000a0000000,0x00000000a0cfd588,0x00000000a7880000)
 Metaspace       used 34758K, capacity 35280K, committed 35496K, reserved 1079296K
  class space    used 4648K, capacity 4816K, committed 4864K, reserved 1048576K
Event: 6.520 GC heap after
Heap after GC invocations=7 (full 2):
 PSYoungGen      total 96768K, used 0K [0x00000000e0000000, 0x00000000e9480000, 0x0000000100000000)
  eden space 86016K, 0% used [0x00000000e0000000,0x00000000e0000000,0x00000000e5400000)
  from space 10752K, 0% used [0x00000000e5400000,0x00000000e5400000,0x00000000e5e80000)
  to   space 14848K, 0% used [0x00000000e8600000,0x00000000e8600000,0x00000000e9480000)
 ParOldGen       total 196608K, used 17682K [0x00000000a0000000, 0x00000000ac000000, 0x00000000e0000000)
  object space 196608K, 8% used [0x00000000a0000000,0x00000000a11448a0,0x00000000ac000000)
 Metaspace       used 34758K, capacity 35280K, committed 35496K, reserved 1079296K
  class space    used 4648K, capacity 4816K, committed 4864K, reserved 1048576K
}
Event: 7.635 GC heap before
{Heap before GC invocations=8 (full 2):
 PSYoungGen      total 96768K, used 86016K [0x00000000e0000000, 0x00000000e9480000, 0x0000000100000000)
  eden space 86016K, 100% used [0x00000000e0000000,0x00000000e5400000,0x00000000e5400000)
  from space 10752K, 0% used [0x00000000e5400000,0x00000000e5400000,0x00000000e5e80000)
  to   space 14848K, 0% used [0x00000000e8600000,0x00000000e8600000,0x00000000e9480000)
 ParOldGen       total 196608K, used 17682K [0x00000000a0000000, 0x00000000ac000000, 0x00000000e0000000)
  object space 196608K, 8% used [0x00000000a0000000,0x00000000a11448a0,0x00000000ac000000)
 Metaspace       used 41816K, capacity 42614K, committed 43008K, reserved 1087488K
  class space    used 5605K, capacity 5812K, committed 5888K, reserved 1048576K
Event: 7.646 GC heap after
Heap after GC invocations=8 (full 2):
 PSYoungGen      total 126976K, used 9230K [0x00000000e0000000, 0x00000000e8f80000, 0x0000000100000000)
  eden space 117248K, 0% used [0x00000000e0000000,0x00000000e0000000,0x00000000e7280000)
  from space 9728K, 94% used [0x00000000e8600000,0x00000000e8f03b30,0x00000000e8f80000)
  to   space 13824K, 0% used [0x00000000e7480000,0x00000000e7480000,0x00000000e8200000)
 ParOldGen       total 196608K, used 17690K [0x00000000a0000000, 0x00000000ac000000, 0x00000000e0000000)
  object space 196608K, 8% used [0x00000000a0000000,0x00000000a11468a0,0x00000000ac000000)
 Metaspace       used 41816K, capacity 42614K, committed 43008K, reserved 1087488K
  class space    used 5605K, capacity 5812K, committed 5888K, reserved 1048576K
}

Deoptimization events (10 events):
Event: 7.258 Thread 0x000000001a8b5000 Uncommon trap: reason=class_check action=maybe_recompile pc=0x000000000324246c method=java.io.DataInputStream.readUnsignedShort()I @ 4
Event: 7.353 Thread 0x000000001a8b5000 Uncommon trap: reason=unstable_if action=reinterpret pc=0x0000000003723728 method=com.sun.org.apache.xerces.internal.utils.XMLLimitAnalyzer.addValue(ILjava/lang/String;I)V @ 68
Event: 7.353 Thread 0x000000001a8b5000 Uncommon trap: reason=unstable_if action=reinterpret pc=0x00000000036b05d0 method=com.sun.org.apache.xerces.internal.utils.XMLSecurityManager.isOverLimit(ILcom/sun/org/apache/xerces/internal/utils/XMLLimitAnalyzer;)Z @ 38
Event: 7.356 Thread 0x000000001a8b5000 Uncommon trap: reason=class_check action=maybe_recompile pc=0x0000000003794c30 method=com.sun.org.apache.xerces.internal.impl.XMLDocumentFragmentScannerImpl.scanEndElement()I @ 142
Event: 7.356 Thread 0x000000001a8b5000 Uncommon trap: reason=class_check action=maybe_recompile pc=0x0000000003794c30 method=com.sun.org.apache.xerces.internal.impl.XMLDocumentFragmentScannerImpl.scanEndElement()I @ 142
Event: 7.356 Thread 0x000000001a8b5000 Uncommon trap: reason=class_check action=maybe_recompile pc=0x0000000003794c30 method=com.sun.org.apache.xerces.internal.impl.XMLDocumentFragmentScannerImpl.scanEndElement()I @ 142
Event: 7.356 Thread 0x000000001a8b5000 Uncommon trap: reason=class_check action=maybe_recompile pc=0x0000000003794c30 method=com.sun.org.apache.xerces.internal.impl.XMLDocumentFragmentScannerImpl.scanEndElement()I @ 142
Event: 7.358 Thread 0x000000001a8b5000 Uncommon trap: reason=unstable_if action=reinterpret pc=0x0000000003535d7c method=java.util.WeakHashMap.remove(Ljava/lang/Object;)Ljava/lang/Object; @ 94
Event: 7.445 Thread 0x000000001a8b5000 Uncommon trap: reason=unstable_if action=reinterpret pc=0x000000000372fcc8 method=java.lang.CharacterDataLatin1.digit(II)I @ 31
Event: 7.462 Thread 0x000000001a8b5000 Uncommon trap: reason=unstable_if action=reinterpret pc=0x0000000003672ee8 method=java.lang.CharacterDataLatin1.digit(II)I @ 31

Internal exceptions (10 events):
Event: 7.825 Thread 0x000000001a8b5000 Exception <a 'sun/nio/fs/WindowsException'> (0x00000000e1926000) thrown at [C:\src\android\AOSP-openjdk\external\jetbrains\jdk\hotspot\src\share\vm\prims\jni.cpp, line 709]
Event: 7.825 Thread 0x000000001a8b5000 Exception <a 'sun/nio/fs/WindowsException'> (0x00000000e1928e30) thrown at [C:\src\android\AOSP-openjdk\external\jetbrains\jdk\hotspot\src\share\vm\prims\jni.cpp, line 709]
Event: 7.825 Thread 0x000000001a8b5000 Exception <a 'sun/nio/fs/WindowsException'> (0x00000000e1929aa0) thrown at [C:\src\android\AOSP-openjdk\external\jetbrains\jdk\hotspot\src\share\vm\prims\jni.cpp, line 709]
Event: 7.825 Thread 0x000000001a8b5000 Exception <a 'sun/nio/fs/WindowsException'> (0x00000000e192b758) thrown at [C:\src\android\AOSP-openjdk\external\jetbrains\jdk\hotspot\src\share\vm\prims\jni.cpp, line 709]
Event: 7.825 Thread 0x000000001a8b5000 Exception <a 'sun/nio/fs/WindowsException'> (0x00000000e192c400) thrown at [C:\src\android\AOSP-openjdk\external\jetbrains\jdk\hotspot\src\share\vm\prims\jni.cpp, line 709]
Event: 7.825 Thread 0x000000001a8b5000 Exception <a 'sun/nio/fs/WindowsException'> (0x00000000e192f3f0) thrown at [C:\src\android\AOSP-openjdk\external\jetbrains\jdk\hotspot\src\share\vm\prims\jni.cpp, line 709]
Event: 7.825 Thread 0x000000001a8b5000 Exception <a 'sun/nio/fs/WindowsException'> (0x00000000e19300c8) thrown at [C:\src\android\AOSP-openjdk\external\jetbrains\jdk\hotspot\src\share\vm\prims\jni.cpp, line 709]
Event: 7.826 Thread 0x000000001a8b5000 Exception <a 'sun/nio/fs/WindowsException'> (0x00000000e1931dd0) thrown at [C:\src\android\AOSP-openjdk\external\jetbrains\jdk\hotspot\src\share\vm\prims\jni.cpp, line 709]
Event: 7.826 Thread 0x000000001a8b5000 Exception <a 'sun/nio/fs/WindowsException'> (0x00000000e1932ae8) thrown at [C:\src\android\AOSP-openjdk\external\jetbrains\jdk\hotspot\src\share\vm\prims\jni.cpp, line 709]
Event: 7.826 Thread 0x000000001a8b5000 Exception <a 'sun/nio/fs/WindowsException'> (0x00000000e1936230) thrown at [C:\src\android\AOSP-openjdk\external\jetbrains\jdk\hotspot\src\share\vm\prims\jni.cpp, line 709]

Events (10 events):
Event: 7.818 loading class com/android/repository/impl/meta/RepositoryPackages
Event: 7.818 loading class com/android/repository/impl/meta/RepositoryPackages done
Event: 7.818 loading class com/android/repository/impl/meta/RepositoryPackages
Event: 7.818 loading class com/android/repository/impl/meta/RepositoryPackages done
Event: 7.818 loading class com/android/sdklib/repository/AndroidSdkHandler
Event: 7.818 loading class com/android/sdklib/repository/AndroidSdkHandler done
Event: 7.818 loading class com/android/repository/api/RepoManager$RepoLoadedCallback
Event: 7.818 loading class com/android/repository/api/RepoManager$RepoLoadedCallback done
Event: 7.819 loading class java/nio/file/attribute/FileTime
Event: 7.819 loading class java/nio/file/attribute/FileTime done


Dynamic libraries:
0x00007ff7f5040000 - 0x00007ff7f5071000 	C:\Program Files\Android\Android Studio\jre\bin\java.exe
0x00007ffe9f980000 - 0x00007ffe9fb51000 	C:\WINDOWS\SYSTEM32\ntdll.dll
0x00007ffe9d350000 - 0x00007ffe9d3fb000 	C:\WINDOWS\System32\KERNEL32.DLL
0x00007ffe9be70000 - 0x00007ffe9c08d000 	C:\WINDOWS\System32\KERNELBASE.dll
0x00007ffe9eec0000 - 0x00007ffe9ef62000 	C:\WINDOWS\System32\ADVAPI32.dll
0x00007ffe9d8b0000 - 0x00007ffe9d94e000 	C:\WINDOWS\System32\msvcrt.dll
0x00007ffe9d070000 - 0x00007ffe9d0c9000 	C:\WINDOWS\System32\sechost.dll
0x00007ffe9cf40000 - 0x00007ffe9d061000 	C:\WINDOWS\System32\RPCRT4.dll
0x00007ffe9d400000 - 0x00007ffe9d565000 	C:\WINDOWS\System32\USER32.dll
0x00007ffe9c470000 - 0x00007ffe9c48e000 	C:\WINDOWS\System32\win32u.dll
0x00007ffe9f670000 - 0x00007ffe9f6a4000 	C:\WINDOWS\System32\GDI32.dll
0x00007ffe9cd10000 - 0x00007ffe9ce92000 	C:\WINDOWS\System32\gdi32full.dll
0x00007ffe94fb0000 - 0x00007ffe95229000 	C:\WINDOWS\WinSxS\amd64_microsoft.windows.common-controls_6595b64144ccf1df_6.0.14393.447_none_42191651c6827bb3\COMCTL32.dll
0x00007ffe9f6b0000 - 0x00007ffe9f978000 	C:\WINDOWS\System32\combase.dll
0x00007ffe9cc10000 - 0x00007ffe9cd05000 	C:\WINDOWS\System32\ucrtbase.dll
0x00007ffe9cea0000 - 0x00007ffe9cf0a000 	C:\WINDOWS\System32\bcryptPrimitives.dll
0x00007ffe9cf10000 - 0x00007ffe9cf3e000 	C:\WINDOWS\System32\IMM32.DLL
0x00000000667b0000 - 0x0000000066882000 	C:\Program Files\Android\Android Studio\jre\jre\bin\msvcr100.dll
0x0000000066890000 - 0x00000000670cc000 	C:\Program Files\Android\Android Studio\jre\jre\bin\server\jvm.dll
0x00007ffe9f660000 - 0x00007ffe9f668000 	C:\WINDOWS\System32\PSAPI.DLL
0x00007ffe88ae0000 - 0x00007ffe88ae9000 	C:\WINDOWS\SYSTEM32\WSOCK32.dll
0x00007ffe9a0f0000 - 0x00007ffe9a113000 	C:\WINDOWS\SYSTEM32\WINMM.dll
0x00007ffe981a0000 - 0x00007ffe981aa000 	C:\WINDOWS\SYSTEM32\VERSION.dll
0x00007ffe9f1c0000 - 0x00007ffe9f22a000 	C:\WINDOWS\System32\WS2_32.dll
0x0000000001210000 - 0x000000000123b000 	C:\WINDOWS\SYSTEM32\WINMMBASE.dll
0x00007ffe9c140000 - 0x00007ffe9c182000 	C:\WINDOWS\System32\cfgmgr32.dll
0x00007ffe99720000 - 0x00007ffe9972f000 	C:\Program Files\Android\Android Studio\jre\jre\bin\verify.dll
0x00007ffe93ca0000 - 0x00007ffe93cc9000 	C:\Program Files\Android\Android Studio\jre\jre\bin\java.dll
0x00007ffe98ad0000 - 0x00007ffe98ae6000 	C:\Program Files\Android\Android Studio\jre\jre\bin\zip.dll
0x00007ffe9d950000 - 0x00007ffe9ee59000 	C:\WINDOWS\System32\SHELL32.dll
0x00007ffe9c530000 - 0x00007ffe9cc0a000 	C:\WINDOWS\System32\windows.storage.dll
0x00007ffe9be10000 - 0x00007ffe9be5c000 	C:\WINDOWS\System32\powrprof.dll
0x00007ffe9d790000 - 0x00007ffe9d7e2000 	C:\WINDOWS\System32\shlwapi.dll
0x00007ffe9be60000 - 0x00007ffe9be6f000 	C:\WINDOWS\System32\kernel.appcore.dll
0x00007ffe9c090000 - 0x00007ffe9c139000 	C:\WINDOWS\System32\shcore.dll
0x00007ffe9bdf0000 - 0x00007ffe9be04000 	C:\WINDOWS\System32\profapi.dll
0x00007ffe969f0000 - 0x00007ffe96a0a000 	C:\Program Files\Android\Android Studio\jre\jre\bin\net.dll
0x00007ffe9b640000 - 0x00007ffe9b69c000 	C:\WINDOWS\system32\mswsock.dll
0x00007ffe93c80000 - 0x00007ffe93c91000 	C:\Program Files\Android\Android Studio\jre\jre\bin\nio.dll
0x00007ffe8b260000 - 0x00007ffe8b27e000 	C:\Users\cngz\.gradle\native\21\windows-amd64\native-platform.dll
0x00007ffe9b8c0000 - 0x00007ffe9b8d7000 	C:\WINDOWS\SYSTEM32\CRYPTSP.dll
0x00007ffe9b7c0000 - 0x00007ffe9b7f3000 	C:\WINDOWS\system32\rsaenh.dll
0x00007ffe9b9c0000 - 0x00007ffe9b9eb000 	C:\WINDOWS\SYSTEM32\bcrypt.dll
0x00007ffe9b4c0000 - 0x00007ffe9b4df000 	C:\WINDOWS\SYSTEM32\USERENV.dll
0x00007ffe9b8b0000 - 0x00007ffe9b8bb000 	C:\WINDOWS\SYSTEM32\CRYPTBASE.dll
0x00007ffe9b3d0000 - 0x00007ffe9b408000 	C:\WINDOWS\SYSTEM32\IPHLPAPI.DLL
0x00007ffe9d780000 - 0x00007ffe9d788000 	C:\WINDOWS\System32\NSI.dll
0x00007ffe97400000 - 0x00007ffe97416000 	C:\WINDOWS\SYSTEM32\dhcpcsvc6.DLL
0x00007ffe976c0000 - 0x00007ffe976da000 	C:\WINDOWS\SYSTEM32\dhcpcsvc.DLL
0x00007ffe92530000 - 0x00007ffe9253d000 	C:\Program Files\Android\Android Studio\jre\jre\bin\management.dll
0x00007ffe8f000000 - 0x00007ffe8f192000 	C:\WINDOWS\SYSTEM32\dbghelp.dll

VM Arguments:
jvm_args: -Xmx1536m -Dfile.encoding=windows-1254 -Duser.country=TR -Duser.language=tr -Duser.variant 
java_command: org.gradle.launcher.daemon.bootstrap.GradleDaemon 3.2
java_class_path (initial): C:\Users\cngz\.gradle\wrapper\dists\gradle-3.2-all\97ld1dyml0oep92x4lyn4g235\gradle-3.2\lib\gradle-launcher-3.2.jar
Launcher Type: SUN_STANDARD

Environment Variables:
PATH=C:\WINDOWS\system32;C:\WINDOWS;C:\WINDOWS\System32\Wbem;C:\WINDOWS\System32\WindowsPowerShell\v1.0\;C:\Program Files\Microsoft\Web Platform Installer\;C:\Program Files (x86)\Microsoft ASP.NET\ASP.NET Web Pages\v1.0\;C:\Program Files (x86)\Windows Kits\8.0\Windows Performance Toolkit\;C:\Program Files\Microsoft SQL Server\110\Tools\Binn\;C:\Program Files (x86)\Microsoft SQL Server\90\Tools\binn\;C:\Users\cngz\AppData\Local\Microsoft\WindowsApps;
USERNAME=cngz
OS=Windows_NT
PROCESSOR_IDENTIFIER=Intel64 Family 6 Model 58 Stepping 9, GenuineIntel



---------------  S Y S T E M  ---------------

OS: Windows 10.0 , 64 bit Build 14393 (10.0.14393.0)

CPU:total 8 (4 cores per cpu, 2 threads per core) family 6 model 58 stepping 9, cmov, cx8, fxsr, mmx, sse, sse2, sse3, ssse3, sse4.1, sse4.2, popcnt, avx, aes, clmul, erms, ht, tsc, tscinvbit, tscinv

Memory: 4k page, physical 16671536k(6690608k free), swap 19161904k(8192588k free)

vm_info: OpenJDK 64-Bit Server VM (25.112-b06) for windows-amd64 JRE (1.8.0_112-release-b06), built on Dec  8 2016 00:54:26 by "builder" with MS VC++ 10.0 (VS2010)

time: Thu Dec 22 11:00:05 2016
elapsed time: 7 seconds (0d 0h 0m 7s)

