#
# A fatal error has been detected by the Java Runtime Environment:
#
#  EXCEPTION_ACCESS_VIOLATION (0xc0000005) at pc=0x0000000074174160, pid=10152, tid=0x00000000000029b0
#
# JRE version: OpenJDK Runtime Environment (8.0_112-b06) (build 1.8.0_112-release-b06)
# Java VM: OpenJDK 64-Bit Server VM (25.112-b06 mixed mode windows-amd64 compressed oops)
# Problematic frame:
# V  [jvm.dll+0x484160]
#
# Failed to write core dump. Minidumps are not enabled by default on client versions of Windows
#
# If you would like to submit a bug report, please visit:
#   http://bugreport.java.com/bugreport/crash.jsp
#

---------------  T H R E A D  ---------------

Current thread (0x000000001849d800):  JavaThread "C2 CompilerThread0" daemon [_thread_in_native, id=10672, stack(0x0000000018c50000,0x0000000018d50000)]

siginfo: ExceptionCode=0xc0000005, reading address 0x000000001f90fa00

Registers:
RAX=0x0000000018d4c840, RBX=0x000000000000000a, RCX=0x000000001d70fa00, RDX=0x0000000000880000
RSP=0x0000000018d4c300, RBP=0x000000001b5696c0, RSI=0xfffffffffffffff8, RDI=0x0000000018d4c480
R8 =0x0000000000000bd8, R9 =0x0000000018d4c350, R10=0x00000000744b2010, R11=0x0000000073cf0000
R12=0x00000000195134b0, R13=0x0000000000000010, R14=0x0000000021d7d642, R15=0x000000001e4e0590
RIP=0x0000000074174160, EFLAGS=0x0000000000010293

Top of Stack: (sp=0x0000000018d4c300)
0x0000000018d4c300:   0000000018d4c480 0000000000000001
0x0000000018d4c310:   000000001b56c2e0 0000000000000000
0x0000000018d4c320:   0000000000000bd8 0000000016595840
0x0000000018d4c330:   000000001b784c80 00000000001e9730
0x0000000018d4c340:   000000001b789c90 000000001b78cc68
0x0000000018d4c350:   0000000074324a28 0000000016595840
0x0000000018d4c360:   0000000000000020 000000001b5a9ae0
0x0000000018d4c370:   0000000018d4c440 00000000000003d8
0x0000000018d4c380:   000000001a46b778 000000001a46b3a0
0x0000000018d4c390:   0000000000000000 000000001a46b390
0x0000000018d4c3a0:   0000000018d4c4c0 0000000018d4c730
0x0000000018d4c3b0:   0000000018d4c840 0000000074122ab8
0x0000000018d4c3c0:   0000000000000009 000000000000000a
0x0000000018d4c3d0:   000000000000017c 0000000000000048
0x0000000018d4c3e0:   0000000000000002 000000001a46b390
0x0000000018d4c3f0:   00000000195b4d20 00000000195b99b0 

Instructions: (pc=0x0000000074174160)
0x0000000074174140:   eb 03 45 33 f6 41 0f b6 46 2c 24 0f 3c 0c 0f 84
0x0000000074174150:   86 01 00 00 48 8b 47 40 49 63 56 28 48 8b 48 18
0x0000000074174160:   8b 1c 91 85 db 74 54 49 8b 47 08 8b cb 48 c1 e9
0x0000000074174170:   08 4c 8b 0c c8 4d 3b ca 75 14 8b d3 49 8b cf e8 


Register to memory mapping:

RAX=0x0000000018d4c840 is pointing into the stack for thread: 0x000000001849d800
RBX=0x000000000000000a is an unknown value
RCX=0x000000001d70fa00 is an unknown value
RDX=0x0000000000880000 is an unknown value
RSP=0x0000000018d4c300 is pointing into the stack for thread: 0x000000001849d800
RBP=0x000000001b5696c0 is an unknown value
RSI=0xfffffffffffffff8 is an unknown value
RDI=0x0000000018d4c480 is pointing into the stack for thread: 0x000000001849d800
R8 =0x0000000000000bd8 is an unknown value
R9 =0x0000000018d4c350 is pointing into the stack for thread: 0x000000001849d800
R10=0x00000000744b2010 is an unknown value
R11=0x0000000073cf0000 is an unknown value
R12=0x00000000195134b0 is an unknown value
R13=0x0000000000000010 is an unknown value
R14=0x0000000021d7d642 is an unknown value
R15=0x000000001e4e0590 is an unknown value


Stack: [0x0000000018c50000,0x0000000018d50000],  sp=0x0000000018d4c300,  free space=1008k
Native frames: (J=compiled Java code, j=interpreted, Vv=VM code, C=native code)
V  [jvm.dll+0x484160]
V  [jvm.dll+0x432ab8]
V  [jvm.dll+0x43d6bb]
V  [jvm.dll+0x43ff8e]
V  [jvm.dll+0x423242]
V  [jvm.dll+0x80b29]
V  [jvm.dll+0x8145f]
V  [jvm.dll+0x21be7f]
V  [jvm.dll+0x26c13a]
C  [msvcr100.dll+0x21d9f]
C  [msvcr100.dll+0x21e3b]
C  [KERNEL32.DLL+0x8364]
C  [ntdll.dll+0x670d1]


Current CompileTask:
C2: 145038 11959   !   4       com.google.common.cache.LocalCache$Segment::lockedGetOrLoad (433 bytes)


---------------  P R O C E S S  ---------------

Java Threads: ( => current thread )
  0x00000000194ae800 JavaThread "Cache update executor" [_thread_blocked, id=11004, stack(0x0000000028a10000,0x0000000028b10000)]
  0x00000000194aa800 JavaThread "Stdin handler" [_thread_blocked, id=8628, stack(0x0000000028910000,0x0000000028a10000)]
  0x00000000194ad000 JavaThread "Asynchronous log dispatcher for org.gradle.launcher.daemon.server.DefaultDaemonConnection@4d0e3af" [_thread_blocked, id=9084, stack(0x0000000028810000,0x0000000028910000)]
  0x00000000194a9000 JavaThread "Cancel handler" [_thread_blocked, id=2544, stack(0x0000000028710000,0x0000000028810000)]
  0x00000000194b0000 JavaThread "Handler for socket connection from /127.0.0.1:64588 to /127.0.0.1:64623" [_thread_in_native, id=9432, stack(0x0000000028610000,0x0000000028710000)]
  0x00000000202c2800 JavaThread "File lock request listener" [_thread_in_native, id=1816, stack(0x000000001f3f0000,0x000000001f4f0000)]
  0x000000001a351000 JavaThread "Daemon worker" [_thread_in_native, id=10312, stack(0x000000001ca50000,0x000000001cb50000)]
  0x000000001a343000 JavaThread "pool-1-thread-1" [_thread_blocked, id=8364, stack(0x000000001c850000,0x000000001c950000)]
  0x000000001a40c000 JavaThread "Daemon" [_thread_blocked, id=3796, stack(0x000000001ae90000,0x000000001af90000)]
  0x000000001a0ba800 JavaThread "Incoming local TCP Connector on port 64588" [_thread_in_native, id=11336, stack(0x000000001aa20000,0x000000001ab20000)]
  0x0000000018531000 JavaThread "Service Thread" daemon [_thread_blocked, id=10120, stack(0x0000000019050000,0x0000000019150000)]
  0x00000000165ad000 JavaThread "C1 CompilerThread3" daemon [_thread_blocked, id=4524, stack(0x0000000018f50000,0x0000000019050000)]
  0x00000000184a1800 JavaThread "C2 CompilerThread2" daemon [_thread_blocked, id=13020, stack(0x0000000018e50000,0x0000000018f50000)]
  0x000000001849f800 JavaThread "C2 CompilerThread1" daemon [_thread_in_native, id=5856, stack(0x0000000018d50000,0x0000000018e50000)]
=>0x000000001849d800 JavaThread "C2 CompilerThread0" daemon [_thread_in_native, id=10672, stack(0x0000000018c50000,0x0000000018d50000)]
  0x000000001849b800 JavaThread "Attach Listener" daemon [_thread_blocked, id=9192, stack(0x0000000018b50000,0x0000000018c50000)]
  0x000000001849a000 JavaThread "Signal Dispatcher" daemon [_thread_blocked, id=12808, stack(0x0000000018a50000,0x0000000018b50000)]
  0x00000000027d8800 JavaThread "Finalizer" daemon [_thread_blocked, id=9848, stack(0x0000000018870000,0x0000000018970000)]
  0x000000001659a800 JavaThread "Reference Handler" daemon [_thread_blocked, id=6680, stack(0x0000000018370000,0x0000000018470000)]
  0x00000000026e0800 JavaThread "main" [_thread_blocked, id=3324, stack(0x00000000025e0000,0x00000000026e0000)]

Other Threads:
  0x0000000016596800 VMThread [stack: 0x0000000018270000,0x0000000018370000] [id=10800]
  0x0000000018531800 WatcherThread [stack: 0x0000000019150000,0x0000000019250000] [id=4556]

VM state:not at safepoint (normal execution)

VM Mutex/Monitor currently owned by a thread: None

Heap:
 PSYoungGen      total 206848K, used 80229K [0x00000000e0000000, 0x00000000efc80000, 0x0000000100000000)
  eden space 178176K, 35% used [0x00000000e0000000,0x00000000e3df5728,0x00000000eae00000)
  from space 28672K, 58% used [0x00000000eae00000,0x00000000ebe64030,0x00000000eca00000)
  to   space 27648K, 0% used [0x00000000ee180000,0x00000000ee180000,0x00000000efc80000)
 ParOldGen       total 309760K, used 36409K [0x00000000a0000000, 0x00000000b2e80000, 0x00000000e0000000)
  object space 309760K, 11% used [0x00000000a0000000,0x00000000a238e7b0,0x00000000b2e80000)
 Metaspace       used 60339K, capacity 63470K, committed 63744K, reserved 1103872K
  class space    used 7997K, capacity 8594K, committed 8704K, reserved 1048576K

Card table byte_map: [0x0000000011ba0000,0x0000000011eb0000] byte_map_base: 0x00000000116a0000

Marking Bits: (ParMarkBitMap*) 0x00000000744b18f0
 Begin Bits: [0x00000000128b0000, 0x00000000140b0000)
 End Bits:   [0x00000000140b0000, 0x00000000158b0000)

Polling page: 0x0000000000d80000

CodeCache: size=245760Kb used=35372Kb max_used=35388Kb free=210387Kb
 bounds [0x00000000027e0000, 0x0000000004aa0000, 0x00000000117e0000]
 total_blobs=10813 nmethods=10052 adapters=673
 compilation: enabled

Compilation events (10 events):
Event: 144.866 Thread 0x00000000165ad000 nmethod 11967 0x0000000004a8c290 code [0x0000000004a8c400, 0x0000000004a8c588]
Event: 144.866 Thread 0x00000000165ad000 11968       3       org.gradle.internal.logging.source.DefaultStdErrLoggingSystem::restore (6 bytes)
Event: 144.866 Thread 0x00000000165ad000 nmethod 11968 0x0000000004a7b110 code [0x0000000004a7b280, 0x0000000004a7b408]
Event: 144.866 Thread 0x00000000165ad000 11969   !   3       org.gradle.internal.logging.sink.OutputEventRenderer::restore (107 bytes)
Event: 144.867 Thread 0x00000000165ad000 nmethod 11969 0x0000000004a87d10 code [0x0000000004a87f40, 0x0000000004a88ae8]
Event: 144.896 Thread 0x00000000165ad000 11971       2       java.io.WinNTFileSystem::delete (20 bytes)
Event: 144.897 Thread 0x00000000165ad000 nmethod 11971 0x0000000004a7a890 code [0x0000000004a7aa20, 0x0000000004a7af28]
Event: 144.958 Thread 0x00000000184a1800 nmethod 11963 0x0000000004a95550 code [0x0000000004a95920, 0x0000000004a97be0]
Event: 144.958 Thread 0x00000000184a1800 11970       4       java.io.File::delete (33 bytes)
Event: 144.973 Thread 0x00000000184a1800 nmethod 11970 0x0000000004a91250 code [0x0000000004a913e0, 0x0000000004a91c08]

GC Heap History (10 events):
Event: 88.078 GC heap before
{Heap before GC invocations=12 (full 2):
 PSYoungGen      total 160256K, used 160252K [0x00000000e0000000, 0x00000000ec980000, 0x0000000100000000)
  eden space 139776K, 100% used [0x00000000e0000000,0x00000000e8880000,0x00000000e8880000)
  from space 20480K, 99% used [0x00000000e8880000,0x00000000e9c7f118,0x00000000e9c80000)
  to   space 23552K, 0% used [0x00000000eb280000,0x00000000eb280000,0x00000000ec980000)
 ParOldGen       total 205312K, used 26140K [0x00000000a0000000, 0x00000000ac880000, 0x00000000e0000000)
  object space 205312K, 12% used [0x00000000a0000000,0x00000000a1987010,0x00000000ac880000)
 Metaspace       used 55655K, capacity 57650K, committed 57728K, reserved 1099776K
  class space    used 7313K, capacity 7736K, committed 7808K, reserved 1048576K
Event: 88.156 GC heap after
Heap after GC invocations=12 (full 2):
 PSYoungGen      total 179200K, used 23532K [0x00000000e0000000, 0x00000000ecd80000, 0x0000000100000000)
  eden space 155648K, 0% used [0x00000000e0000000,0x00000000e0000000,0x00000000e9800000)
  from space 23552K, 99% used [0x00000000eb280000,0x00000000ec97b2a0,0x00000000ec980000)
  to   space 27136K, 0% used [0x00000000e9800000,0x00000000e9800000,0x00000000eb280000)
 ParOldGen       total 205312K, used 27778K [0x00000000a0000000, 0x00000000ac880000, 0x00000000e0000000)
  object space 205312K, 13% used [0x00000000a0000000,0x00000000a1b20968,0x00000000ac880000)
 Metaspace       used 55655K, capacity 57650K, committed 57728K, reserved 1099776K
  class space    used 7313K, capacity 7736K, committed 7808K, reserved 1048576K
}
Event: 92.418 GC heap before
{Heap before GC invocations=13 (full 2):
 PSYoungGen      total 179200K, used 151563K [0x00000000e0000000, 0x00000000ecd80000, 0x0000000100000000)
  eden space 155648K, 82% used [0x00000000e0000000,0x00000000e7d07ac8,0x00000000e9800000)
  from space 23552K, 99% used [0x00000000eb280000,0x00000000ec97b2a0,0x00000000ec980000)
  to   space 27136K, 0% used [0x00000000e9800000,0x00000000e9800000,0x00000000eb280000)
 ParOldGen       total 205312K, used 27778K [0x00000000a0000000, 0x00000000ac880000, 0x00000000e0000000)
  object space 205312K, 13% used [0x00000000a0000000,0x00000000a1b20968,0x00000000ac880000)
 Metaspace       used 56987K, capacity 59056K, committed 59160K, reserved 1099776K
  class space    used 7485K, capacity 7976K, committed 8064K, reserved 1048576K
Event: 92.455 GC heap after
Heap after GC invocations=13 (full 2):
 PSYoungGen      total 182784K, used 24772K [0x00000000e0000000, 0x00000000ee700000, 0x0000000100000000)
  eden space 155648K, 0% used [0x00000000e0000000,0x00000000e0000000,0x00000000e9800000)
  from space 27136K, 91% used [0x00000000e9800000,0x00000000eb031198,0x00000000eb280000)
  to   space 29696K, 0% used [0x00000000eca00000,0x00000000eca00000,0x00000000ee700000)
 ParOldGen       total 205312K, used 32761K [0x00000000a0000000, 0x00000000ac880000, 0x00000000e0000000)
  object space 205312K, 15% used [0x00000000a0000000,0x00000000a1ffe618,0x00000000ac880000)
 Metaspace       used 56987K, capacity 59056K, committed 59160K, reserved 1099776K
  class space    used 7485K, capacity 7976K, committed 8064K, reserved 1048576K
}
Event: 92.455 GC heap before
{Heap before GC invocations=14 (full 3):
 PSYoungGen      total 182784K, used 24772K [0x00000000e0000000, 0x00000000ee700000, 0x0000000100000000)
  eden space 155648K, 0% used [0x00000000e0000000,0x00000000e0000000,0x00000000e9800000)
  from space 27136K, 91% used [0x00000000e9800000,0x00000000eb031198,0x00000000eb280000)
  to   space 29696K, 0% used [0x00000000eca00000,0x00000000eca00000,0x00000000ee700000)
 ParOldGen       total 205312K, used 32761K [0x00000000a0000000, 0x00000000ac880000, 0x00000000e0000000)
  object space 205312K, 15% used [0x00000000a0000000,0x00000000a1ffe618,0x00000000ac880000)
 Metaspace       used 56987K, capacity 59056K, committed 59160K, reserved 1099776K
  class space    used 7485K, capacity 7976K, committed 8064K, reserved 1048576K
Event: 93.352 GC heap after
Heap after GC invocations=14 (full 3):
 PSYoungGen      total 182784K, used 0K [0x00000000e0000000, 0x00000000ee700000, 0x0000000100000000)
  eden space 155648K, 0% used [0x00000000e0000000,0x00000000e0000000,0x00000000e9800000)
  from space 27136K, 0% used [0x00000000e9800000,0x00000000e9800000,0x00000000eb280000)
  to   space 29696K, 0% used [0x00000000eca00000,0x00000000eca00000,0x00000000ee700000)
 ParOldGen       total 309760K, used 36393K [0x00000000a0000000, 0x00000000b2e80000, 0x00000000e0000000)
  object space 309760K, 11% used [0x00000000a0000000,0x00000000a238a7b0,0x00000000b2e80000)
 Metaspace       used 56985K, capacity 59050K, committed 59160K, reserved 1099776K
  class space    used 7485K, capacity 7975K, committed 8064K, reserved 1048576K
}
Event: 98.585 GC heap before
{Heap before GC invocations=15 (full 3):
 PSYoungGen      total 182784K, used 155648K [0x00000000e0000000, 0x00000000ee700000, 0x0000000100000000)
  eden space 155648K, 100% used [0x00000000e0000000,0x00000000e9800000,0x00000000e9800000)
  from space 27136K, 0% used [0x00000000e9800000,0x00000000e9800000,0x00000000eb280000)
  to   space 29696K, 0% used [0x00000000eca00000,0x00000000eca00000,0x00000000ee700000)
 ParOldGen       total 309760K, used 36393K [0x00000000a0000000, 0x00000000b2e80000, 0x00000000e0000000)
  object space 309760K, 11% used [0x00000000a0000000,0x00000000a238a7b0,0x00000000b2e80000)
 Metaspace       used 59372K, capacity 62148K, committed 62336K, reserved 1103872K
  class space    used 7923K, capacity 8492K, committed 8576K, reserved 1048576K
Event: 98.638 GC heap after
Heap after GC invocations=15 (full 3):
 PSYoungGen      total 207872K, used 15625K [0x00000000e0000000, 0x00000000eea00000, 0x0000000100000000)
  eden space 178176K, 0% used [0x00000000e0000000,0x00000000e0000000,0x00000000eae00000)
  from space 29696K, 52% used [0x00000000eca00000,0x00000000ed942448,0x00000000ee700000)
  to   space 28672K, 0% used [0x00000000eae00000,0x00000000eae00000,0x00000000eca00000)
 ParOldGen       total 309760K, used 36401K [0x00000000a0000000, 0x00000000b2e80000, 0x00000000e0000000)
  object space 309760K, 11% used [0x00000000a0000000,0x00000000a238c7b0,0x00000000b2e80000)
 Metaspace       used 59372K, capacity 62148K, committed 62336K, reserved 1103872K
  class space    used 7923K, capacity 8492K, committed 8576K, reserved 1048576K
}
Event: 143.112 GC heap before
{Heap before GC invocations=16 (full 3):
 PSYoungGen      total 207872K, used 193801K [0x00000000e0000000, 0x00000000eea00000, 0x0000000100000000)
  eden space 178176K, 100% used [0x00000000e0000000,0x00000000eae00000,0x00000000eae00000)
  from space 29696K, 52% used [0x00000000eca00000,0x00000000ed942448,0x00000000ee700000)
  to   space 28672K, 0% used [0x00000000eae00000,0x00000000eae00000,0x00000000eca00000)
 ParOldGen       total 309760K, used 36401K [0x00000000a0000000, 0x00000000b2e80000, 0x00000000e0000000)
  object space 309760K, 11% used [0x00000000a0000000,0x00000000a238c7b0,0x00000000b2e80000)
 Metaspace       used 60160K, capacity 63272K, committed 63360K, reserved 1103872K
  class space    used 7984K, capacity 8573K, committed 8576K, reserved 1048576K
Event: 143.133 GC heap after
Heap after GC invocations=16 (full 3):
 PSYoungGen      total 206848K, used 16784K [0x00000000e0000000, 0x00000000efc80000, 0x0000000100000000)
  eden space 178176K, 0% used [0x00000000e0000000,0x00000000e0000000,0x00000000eae00000)
  from space 28672K, 58% used [0x00000000eae00000,0x00000000ebe64030,0x00000000eca00000)
  to   space 27648K, 0% used [0x00000000ee180000,0x00000000ee180000,0x00000000efc80000)
 ParOldGen       total 309760K, used 36409K [0x00000000a0000000, 0x00000000b2e80000, 0x00000000e0000000)
  object space 309760K, 11% used [0x00000000a0000000,0x00000000a238e7b0,0x00000000b2e80000)
 Metaspace       used 60160K, capacity 63272K, committed 63360K, reserved 1103872K
  class space    used 7984K, capacity 8573K, committed 8576K, reserved 1048576K
}

Deoptimization events (10 events):
Event: 140.812 Thread 0x000000001a351000 Uncommon trap: reason=bimorphic action=maybe_recompile pc=0x00000000032fb640 method=sun.security.provider.DigestBase.engineUpdate([BII)V @ 128
Event: 140.955 Thread 0x000000001a351000 Uncommon trap: reason=class_check action=maybe_recompile pc=0x0000000003dd8af0 method=com.google.common.collect.AbstractMapBasedMultimap$WrappedCollection.refreshIfEmpty()V @ 40
Event: 141.206 Thread 0x000000001a351000 Uncommon trap: reason=class_check action=maybe_recompile pc=0x000000000391d944 method=sun.misc.URLClassPath.findResource(Ljava/lang/String;Z)Ljava/net/URL; @ 26
Event: 141.207 Thread 0x000000001a351000 Uncommon trap: reason=class_check action=maybe_recompile pc=0x000000000391d944 method=sun.misc.URLClassPath.findResource(Ljava/lang/String;Z)Ljava/net/URL; @ 26
Event: 141.233 Thread 0x000000001a351000 Uncommon trap: reason=speculate_class_check action=maybe_recompile pc=0x000000000484d630 method=sun.security.provider.DigestBase.engineReset()V @ 11
Event: 141.250 Thread 0x000000001a351000 Uncommon trap: reason=speculate_class_check action=maybe_recompile pc=0x000000000484d630 method=sun.security.provider.DigestBase.engineReset()V @ 11
Event: 141.323 Thread 0x000000001a351000 Uncommon trap: reason=speculate_class_check action=maybe_recompile pc=0x000000000484d630 method=sun.security.provider.DigestBase.engineReset()V @ 11
Event: 141.329 Thread 0x000000001a351000 Uncommon trap: reason=speculate_class_check action=maybe_recompile pc=0x000000000484d630 method=sun.security.provider.DigestBase.engineReset()V @ 11
Event: 143.699 Thread 0x000000001a351000 Uncommon trap: reason=class_check action=maybe_recompile pc=0x0000000003dd8af0 method=com.google.common.collect.AbstractMapBasedMultimap$WrappedCollection.refreshIfEmpty()V @ 40
Event: 144.852 Thread 0x000000001a351000 Uncommon trap: reason=unstable_if action=reinterpret pc=0x0000000003161ed8 method=java.util.concurrent.locks.ReentrantLock$FairSync.tryAcquire(I)Z @ 10

Internal exceptions (10 events):
Event: 143.694 Thread 0x000000001a351000 Exception <a 'sun/nio/fs/WindowsException'> (0x00000000e16f8f20) thrown at [C:\src\android\AOSP-openjdk\external\jetbrains\jdk\hotspot\src\share\vm\prims\jni.cpp, line 709]
Event: 143.694 Thread 0x000000001a351000 Exception <a 'sun/nio/fs/WindowsException'> (0x00000000e16f9ba8) thrown at [C:\src\android\AOSP-openjdk\external\jetbrains\jdk\hotspot\src\share\vm\prims\jni.cpp, line 709]
Event: 143.695 Thread 0x000000001a351000 Exception <a 'sun/nio/fs/WindowsException'> (0x00000000e16fd0a0) thrown at [C:\src\android\AOSP-openjdk\external\jetbrains\jdk\hotspot\src\share\vm\prims\jni.cpp, line 709]
Event: 143.695 Thread 0x000000001a351000 Exception <a 'sun/nio/fs/WindowsException'> (0x00000000e16fdc78) thrown at [C:\src\android\AOSP-openjdk\external\jetbrains\jdk\hotspot\src\share\vm\prims\jni.cpp, line 709]
Event: 143.695 Thread 0x000000001a351000 Exception <a 'sun/nio/fs/WindowsException'> (0x00000000e16ff890) thrown at [C:\src\android\AOSP-openjdk\external\jetbrains\jdk\hotspot\src\share\vm\prims\jni.cpp, line 709]
Event: 143.695 Thread 0x000000001a351000 Exception <a 'sun/nio/fs/WindowsException'> (0x00000000e17004a0) thrown at [C:\src\android\AOSP-openjdk\external\jetbrains\jdk\hotspot\src\share\vm\prims\jni.cpp, line 709]
Event: 143.695 Thread 0x000000001a351000 Exception <a 'sun/nio/fs/WindowsException'> (0x00000000e1702fd8) thrown at [C:\src\android\AOSP-openjdk\external\jetbrains\jdk\hotspot\src\share\vm\prims\jni.cpp, line 709]
Event: 143.695 Thread 0x000000001a351000 Exception <a 'sun/nio/fs/WindowsException'> (0x00000000e1703c28) thrown at [C:\src\android\AOSP-openjdk\external\jetbrains\jdk\hotspot\src\share\vm\prims\jni.cpp, line 709]
Event: 143.695 Thread 0x000000001a351000 Exception <a 'sun/nio/fs/WindowsException'> (0x00000000e17058b8) thrown at [C:\src\android\AOSP-openjdk\external\jetbrains\jdk\hotspot\src\share\vm\prims\jni.cpp, line 709]
Event: 143.695 Thread 0x000000001a351000 Exception <a 'sun/nio/fs/WindowsException'> (0x00000000e1706540) thrown at [C:\src\android\AOSP-openjdk\external\jetbrains\jdk\hotspot\src\share\vm\prims\jni.cpp, line 709]

Events (10 events):
Event: 144.248 Thread 0x00000000165ad000 flushing nmethod 0x00000000034d5010
Event: 144.248 Thread 0x00000000165ad000 flushing nmethod 0x000000000352d210
Event: 144.265 Thread 0x00000000165ad000 flushing nmethod 0x00000000037f23d0
Event: 144.267 Thread 0x00000000165ad000 flushing nmethod 0x00000000039c01d0
Event: 144.273 Thread 0x00000000165ad000 flushing nmethod 0x000000000421df50
Event: 144.274 Thread 0x00000000165ad000 flushing nmethod 0x00000000043fa110
Event: 144.274 Thread 0x00000000165ad000 flushing nmethod 0x00000000044366d0
Event: 144.852 Thread 0x000000001a351000 Uncommon trap: trap_request=0xffffff65 fr.pc=0x0000000003161ed8
Event: 144.852 Thread 0x000000001a351000 DEOPT PACKING pc=0x0000000003161ed8 sp=0x000000001cb4c640
Event: 144.852 Thread 0x000000001a351000 DEOPT UNPACKING pc=0x000000000282556a sp=0x000000001cb4c5d0 mode 2


Dynamic libraries:
0x00007ff751a70000 - 0x00007ff751aa1000 	C:\Program Files\Android\Android Studio\jre\bin\java.exe
0x00007ffce68a0000 - 0x00007ffce6a71000 	C:\WINDOWS\SYSTEM32\ntdll.dll
0x00007ffce5ff0000 - 0x00007ffce609b000 	C:\WINDOWS\System32\KERNEL32.DLL
0x00007ffce3a00000 - 0x00007ffce3c1d000 	C:\WINDOWS\System32\KERNELBASE.dll
0x00007ffce5930000 - 0x00007ffce59d2000 	C:\WINDOWS\System32\ADVAPI32.dll
0x00007ffce5ce0000 - 0x00007ffce5d7e000 	C:\WINDOWS\System32\msvcrt.dll
0x00007ffce5c80000 - 0x00007ffce5cd9000 	C:\WINDOWS\System32\sechost.dll
0x00007ffce5d80000 - 0x00007ffce5ea1000 	C:\WINDOWS\System32\RPCRT4.dll
0x00007ffce42b0000 - 0x00007ffce4415000 	C:\WINDOWS\System32\USER32.dll
0x00007ffce2e40000 - 0x00007ffce2e5e000 	C:\WINDOWS\System32\win32u.dll
0x00007ffce5eb0000 - 0x00007ffce5ee4000 	C:\WINDOWS\System32\GDI32.dll
0x00007ffce2f10000 - 0x00007ffce3092000 	C:\WINDOWS\System32\gdi32full.dll
0x00007ffcdbbd0000 - 0x00007ffcdbe49000 	C:\WINDOWS\WinSxS\amd64_microsoft.windows.common-controls_6595b64144ccf1df_6.0.14393.447_none_42191651c6827bb3\COMCTL32.dll
0x00007ffce3fe0000 - 0x00007ffce42a8000 	C:\WINDOWS\System32\combase.dll
0x00007ffce3d30000 - 0x00007ffce3e25000 	C:\WINDOWS\System32\ucrtbase.dll
0x00007ffce3c20000 - 0x00007ffce3c8a000 	C:\WINDOWS\System32\bcryptPrimitives.dll
0x00007ffce61e0000 - 0x00007ffce620e000 	C:\WINDOWS\System32\IMM32.DLL
0x0000000073c10000 - 0x0000000073ce2000 	C:\Program Files\Android\Android Studio\jre\jre\bin\msvcr100.dll
0x0000000073cf0000 - 0x000000007452c000 	C:\Program Files\Android\Android Studio\jre\jre\bin\server\jvm.dll
0x00007ffce61d0000 - 0x00007ffce61d8000 	C:\WINDOWS\System32\PSAPI.DLL
0x00007ffcd7df0000 - 0x00007ffcd7df9000 	C:\WINDOWS\SYSTEM32\WSOCK32.dll
0x00007ffce0f50000 - 0x00007ffce0f73000 	C:\WINDOWS\SYSTEM32\WINMM.dll
0x00007ffcde1d0000 - 0x00007ffcde1da000 	C:\WINDOWS\SYSTEM32\VERSION.dll
0x00007ffce6160000 - 0x00007ffce61ca000 	C:\WINDOWS\System32\WS2_32.dll
0x0000000000de0000 - 0x0000000000e0b000 	C:\WINDOWS\SYSTEM32\WINMMBASE.dll
0x00007ffce2e60000 - 0x00007ffce2ea2000 	C:\WINDOWS\System32\cfgmgr32.dll
0x00007ffcde2b0000 - 0x00007ffcde2bf000 	C:\Program Files\Android\Android Studio\jre\jre\bin\verify.dll
0x00007ffcdb510000 - 0x00007ffcdb539000 	C:\Program Files\Android\Android Studio\jre\jre\bin\java.dll
0x00007ffcde1e0000 - 0x00007ffcde1f6000 	C:\Program Files\Android\Android Studio\jre\jre\bin\zip.dll
0x00007ffce4420000 - 0x00007ffce5929000 	C:\WINDOWS\System32\SHELL32.dll
0x00007ffce3270000 - 0x00007ffce394a000 	C:\WINDOWS\System32\windows.storage.dll
0x00007ffce2d40000 - 0x00007ffce2d8c000 	C:\WINDOWS\System32\powrprof.dll
0x00007ffce6210000 - 0x00007ffce6262000 	C:\WINDOWS\System32\shlwapi.dll
0x00007ffce2d10000 - 0x00007ffce2d1f000 	C:\WINDOWS\System32\kernel.appcore.dll
0x00007ffce3950000 - 0x00007ffce39f9000 	C:\WINDOWS\System32\shcore.dll
0x00007ffce2d20000 - 0x00007ffce2d34000 	C:\WINDOWS\System32\profapi.dll
0x00007ffcdbe50000 - 0x00007ffcdbe6a000 	C:\Program Files\Android\Android Studio\jre\jre\bin\net.dll
0x00007ffce2560000 - 0x00007ffce25bc000 	C:\WINDOWS\system32\mswsock.dll
0x00007ffcdb6d0000 - 0x00007ffcdb6e1000 	C:\Program Files\Android\Android Studio\jre\jre\bin\nio.dll
0x00007ffcda810000 - 0x00007ffcda82e000 	C:\Users\cngz\.gradle\native\21\windows-amd64\native-platform.dll
0x00007ffce27e0000 - 0x00007ffce27f7000 	C:\WINDOWS\SYSTEM32\CRYPTSP.dll
0x00007ffce26e0000 - 0x00007ffce2713000 	C:\WINDOWS\system32\rsaenh.dll
0x00007ffce28e0000 - 0x00007ffce290b000 	C:\WINDOWS\SYSTEM32\bcrypt.dll
0x00007ffce23e0000 - 0x00007ffce23ff000 	C:\WINDOWS\SYSTEM32\USERENV.dll
0x00007ffce27d0000 - 0x00007ffce27db000 	C:\WINDOWS\SYSTEM32\CRYPTBASE.dll
0x00007ffce22f0000 - 0x00007ffce2328000 	C:\WINDOWS\SYSTEM32\IPHLPAPI.DLL
0x00007ffce6890000 - 0x00007ffce6898000 	C:\WINDOWS\System32\NSI.dll
0x00007ffcdd770000 - 0x00007ffcdd786000 	C:\WINDOWS\SYSTEM32\dhcpcsvc6.DLL
0x00007ffcde790000 - 0x00007ffcde7aa000 	C:\WINDOWS\SYSTEM32\dhcpcsvc.DLL
0x00007ffcde230000 - 0x00007ffcde23d000 	C:\Program Files\Android\Android Studio\jre\jre\bin\management.dll
0x00007ffcd4170000 - 0x00007ffcd4302000 	C:\WINDOWS\SYSTEM32\dbghelp.dll

VM Arguments:
jvm_args: -Xmx1536m -Dfile.encoding=windows-1254 -Duser.country=TR -Duser.language=tr -Duser.variant 
java_command: org.gradle.launcher.daemon.bootstrap.GradleDaemon 3.2
java_class_path (initial): C:\Users\cngz\.gradle\wrapper\dists\gradle-3.2-all\97ld1dyml0oep92x4lyn4g235\gradle-3.2\lib\gradle-launcher-3.2.jar
Launcher Type: SUN_STANDARD

Environment Variables:
PATH=C:\WINDOWS\system32;C:\WINDOWS;C:\WINDOWS\System32\Wbem;C:\WINDOWS\System32\WindowsPowerShell\v1.0\;C:\Program Files\Microsoft\Web Platform Installer\;C:\Program Files (x86)\Microsoft ASP.NET\ASP.NET Web Pages\v1.0\;C:\Program Files (x86)\Windows Kits\8.0\Windows Performance Toolkit\;C:\Program Files\Microsoft SQL Server\110\Tools\Binn\;C:\Program Files (x86)\Microsoft SQL Server\90\Tools\binn\;C:\Users\cngz\AppData\Local\Microsoft\WindowsApps;
USERNAME=cngz
OS=Windows_NT
PROCESSOR_IDENTIFIER=Intel64 Family 6 Model 58 Stepping 9, GenuineIntel



---------------  S Y S T E M  ---------------

OS: Windows 10.0 , 64 bit Build 14393 (10.0.14393.0)

CPU:total 8 (4 cores per cpu, 2 threads per core) family 6 model 58 stepping 9, cmov, cx8, fxsr, mmx, sse, sse2, sse3, ssse3, sse4.1, sse4.2, popcnt, avx, aes, clmul, erms, ht, tsc, tscinvbit, tscinv

Memory: 4k page, physical 16671536k(12815672k free), swap 19161904k(14654616k free)

vm_info: OpenJDK 64-Bit Server VM (25.112-b06) for windows-amd64 JRE (1.8.0_112-release-b06), built on Dec  8 2016 00:54:26 by "builder" with MS VC++ 10.0 (VS2010)

time: Wed Dec 28 11:16:05 2016
elapsed time: 145 seconds (0d 0h 2m 25s)

