#
# A fatal error has been detected by the Java Runtime Environment:
#
#  EXCEPTION_ACCESS_VIOLATION (0xc0000005) at pc=0x000000007470acf6, pid=240, tid=0x0000000000001574
#
# JRE version: OpenJDK Runtime Environment (8.0_112-b06) (build 1.8.0_112-release-b06)
# Java VM: OpenJDK 64-Bit Server VM (25.112-b06 mixed mode windows-amd64 compressed oops)
# Problematic frame:
# V  [jvm.dll+0x46acf6]
#
# Failed to write core dump. Minidumps are not enabled by default on client versions of Windows
#
# If you would like to submit a bug report, please visit:
#   http://bugreport.java.com/bugreport/crash.jsp
#

---------------  T H R E A D  ---------------

Current thread (0x0000000018c1d000):  JavaThread "C2 CompilerThread0" daemon [_thread_in_native, id=5492, stack(0x00000000193d0000,0x00000000194d0000)]

siginfo: ExceptionCode=0xc0000005, reading address 0x0000000008800000

Registers:
RAX=0x0000000018c1d000, RBX=0x00000000194ce8f0, RCX=0x0000000000000007, RDX=0x00000000000033af
RSP=0x00000000194cc080, RBP=0x00000000194cc530, RSI=0x000000001fad3f70, RDI=0x00000000000033af
R8 =0x0000000008800000, R9 =0x0000000074a62010, R10=0x00000000742a0000, R11=0x00000000000000e9
R12=0x0000000074a62010, R13=0x00000000742a0000, R14=0x00000000742a0000, R15=0x0000000000000000
RIP=0x000000007470acf6, EFLAGS=0x0000000000010206

Top of Stack: (sp=0x00000000194cc080)
0x00000000194cc080:   0000000000000103 00000000746d0014
0x00000000194cc090:   00000000194cc530 00000000194cc530
0x00000000194cc0a0:   00000000000033af 0000000074706574
0x00000000194cc0b0:   000000001fad3f70 00000000194cc240
0x00000000194cc0c0:   00000000194cc530 00000000194cc240
0x00000000194cc0d0:   000023e6023efff7 0000000000000008
0x00000000194cc0e0:   000000001c1d9ca0 0000000000000024
0x00000000194cc0f0:   000000001e42a700 0000000000000035
0x00000000194cc100:   000000001fb71db0 000000001ae8a688
0x00000000194cc110:   0000000000007535 ffffffffffffffff
0x00000000194cc120:   0000000000000001 00000000746d1004
0x00000000194cc130:   000000001fcf3ce0 00000000194cc530
0x00000000194cc140:   00000000000033af 0000000000204b80
0x00000000194cc150:   000033af00000000 0000000000000008
0x00000000194cc160:   000000001c1da920 0000000000000035
0x00000000194cc170:   000000001e42a208 0000000000000035 

Instructions: (pc=0x000000007470acf6)
0x000000007470acd6:   00 49 8b 98 88 00 00 00 4c 8b 83 f0 07 00 00 4d
0x000000007470ace6:   85 c0 75 0c e8 e1 fe ff ff 4c 8b 83 f0 07 00 00
0x000000007470acf6:   49 8b 00 48 8b d7 48 89 83 f0 07 00 00 48 8b 5c
0x000000007470ad06:   24 30 33 c0 49 89 00 49 89 40 08 49 89 40 10 49 


Register to memory mapping:

RAX=0x0000000018c1d000 is a thread
RBX=0x00000000194ce8f0 is pointing into the stack for thread: 0x0000000018c1d000
RCX=0x0000000000000007 is an unknown value
RDX=0x00000000000033af is an unknown value
RSP=0x00000000194cc080 is pointing into the stack for thread: 0x0000000018c1d000
RBP=0x00000000194cc530 is pointing into the stack for thread: 0x0000000018c1d000
RSI=0x000000001fad3f70 is an unknown value
RDI=0x00000000000033af is an unknown value
R8 =0x0000000008800000 is an unknown value
R9 =0x0000000074a62010 is an unknown value
R10=0x00000000742a0000 is an unknown value
R11=0x00000000000000e9 is an unknown value
R12=0x0000000074a62010 is an unknown value
R13=0x00000000742a0000 is an unknown value
R14=0x00000000742a0000 is an unknown value
R15=0x0000000000000000 is an unknown value


Stack: [0x00000000193d0000,0x00000000194d0000],  sp=0x00000000194cc080,  free space=1008k
Native frames: (J=compiled Java code, j=interpreted, Vv=VM code, C=native code)
V  [jvm.dll+0x46acf6]
V  [jvm.dll+0x466574]
V  [jvm.dll+0x431004]
V  [jvm.dll+0x432b2c]
V  [jvm.dll+0x43d6bb]
V  [jvm.dll+0x43ff8e]
V  [jvm.dll+0x423242]
V  [jvm.dll+0x80b29]
V  [jvm.dll+0x8145f]
V  [jvm.dll+0x21be7f]
V  [jvm.dll+0x26c13a]
C  [msvcr100.dll+0x21d9f]
C  [msvcr100.dll+0x21e3b]
C  [KERNEL32.DLL+0x8364]
C  [ntdll.dll+0x670d1]


Current CompileTask:
C2:   2343 1293       4       java.net.URLClassLoader$1::run (5 bytes)


---------------  P R O C E S S  ---------------

Java Threads: ( => current thread )
  0x000000001ab8f000 JavaThread "Stdin handler" [_thread_blocked, id=10372, stack(0x000000001d3c0000,0x000000001d4c0000)]
  0x000000001ab84800 JavaThread "Asynchronous log dispatcher for org.gradle.launcher.daemon.server.DefaultDaemonConnection@4d94c589" [_thread_blocked, id=7064, stack(0x000000001d2c0000,0x000000001d3c0000)]
  0x000000001a9ba800 JavaThread "Daemon worker" [_thread_in_vm, id=6724, stack(0x000000001d1c0000,0x000000001d2c0000)]
  0x000000001b05f000 JavaThread "Cancel handler" [_thread_blocked, id=10588, stack(0x000000001d0c0000,0x000000001d1c0000)]
  0x000000001a9c0000 JavaThread "pool-1-thread-1" [_thread_blocked, id=8684, stack(0x000000001cfc0000,0x000000001d0c0000)]
  0x000000001aab3000 JavaThread "Handler for socket connection from /127.0.0.1:60256 to /127.0.0.1:60257" [_thread_in_native, id=4624, stack(0x000000001cec0000,0x000000001cfc0000)]
  0x000000001aaaf800 JavaThread "Daemon" [_thread_blocked, id=10312, stack(0x000000001b600000,0x000000001b700000)]
  0x000000001b087800 JavaThread "Incoming local TCP Connector on port 60256" [_thread_in_native, id=5988, stack(0x000000001b1a0000,0x000000001b2a0000)]
  0x0000000016d3d800 JavaThread "Service Thread" daemon [_thread_blocked, id=6204, stack(0x00000000197d0000,0x00000000198d0000)]
  0x0000000016d3d000 JavaThread "C1 CompilerThread3" daemon [_thread_blocked, id=5328, stack(0x00000000196d0000,0x00000000197d0000)]
  0x0000000018c21000 JavaThread "C2 CompilerThread2" daemon [_thread_blocked, id=10868, stack(0x00000000195d0000,0x00000000196d0000)]
  0x0000000018c1f000 JavaThread "C2 CompilerThread1" daemon [_thread_in_native, id=8084, stack(0x00000000194d0000,0x00000000195d0000)]
=>0x0000000018c1d000 JavaThread "C2 CompilerThread0" daemon [_thread_in_native, id=5492, stack(0x00000000193d0000,0x00000000194d0000)]
  0x0000000018c1b000 JavaThread "Attach Listener" daemon [_thread_blocked, id=992, stack(0x00000000192d0000,0x00000000193d0000)]
  0x0000000018c1a000 JavaThread "Signal Dispatcher" daemon [_thread_blocked, id=6856, stack(0x00000000191d0000,0x00000000192d0000)]
  0x0000000018c10800 JavaThread "Finalizer" daemon [_thread_blocked, id=2536, stack(0x0000000018ff0000,0x00000000190f0000)]
  0x0000000016d2a800 JavaThread "Reference Handler" daemon [_thread_blocked, id=8528, stack(0x0000000018af0000,0x0000000018bf0000)]
  0x0000000002e70800 JavaThread "main" [_thread_blocked, id=4184, stack(0x0000000002c70000,0x0000000002d70000)]

Other Threads:
  0x0000000016d27800 VMThread [stack: 0x00000000189f0000,0x0000000018af0000] [id=4564]
  0x0000000018cb7800 WatcherThread [stack: 0x00000000198d0000,0x00000000199d0000] [id=10820]

VM state:not at safepoint (normal execution)

VM Mutex/Monitor currently owned by a thread: None

Heap:
 PSYoungGen      total 76288K, used 49438K [0x00000000e0000000, 0x00000000e5500000, 0x0000000100000000)
  eden space 65536K, 63% used [0x00000000e0000000,0x00000000e2857820,0x00000000e4000000)
  from space 10752K, 75% used [0x00000000e4000000,0x00000000e47f0168,0x00000000e4a80000)
  to   space 10752K, 0% used [0x00000000e4a80000,0x00000000e4a80000,0x00000000e5500000)
 ParOldGen       total 175104K, used 16K [0x00000000a0000000, 0x00000000aab00000, 0x00000000e0000000)
  object space 175104K, 0% used [0x00000000a0000000,0x00000000a0004000,0x00000000aab00000)
 Metaspace       used 17176K, capacity 17574K, committed 17664K, reserved 1064960K
  class space    used 2413K, capacity 2547K, committed 2560K, reserved 1048576K

Card table byte_map: [0x0000000012330000,0x0000000012640000] byte_map_base: 0x0000000011e30000

Marking Bits: (ParMarkBitMap*) 0x0000000074a618f0
 Begin Bits: [0x0000000013040000, 0x0000000014840000)
 End Bits:   [0x0000000014840000, 0x0000000016040000)

Polling page: 0x0000000001470000

CodeCache: size=245760Kb used=5080Kb max_used=5100Kb free=240679Kb
 bounds [0x0000000002f70000, 0x0000000003470000, 0x0000000011f70000]
 total_blobs=1867 nmethods=1459 adapters=321
 compilation: enabled

Compilation events (10 events):
Event: 2.086 Thread 0x0000000016d3d000 nmethod 1462 0x000000000344eed0 code [0x000000000344f020, 0x000000000344f1d0]
Event: 2.090 Thread 0x0000000018c21000 nmethod 1455 0x00000000034652d0 code [0x0000000003465500, 0x0000000003465fc0]
Event: 2.090 Thread 0x0000000018c21000 1457       4       sun.misc.URLClassPath::getResource (83 bytes)
Event: 2.093 Thread 0x0000000018c21000 nmethod 1457 0x000000000344e850 code [0x000000000344e9c0, 0x000000000344ecc8]
Event: 2.093 Thread 0x0000000018c21000 1461       4       java.io.DataInputStream::readUTF (501 bytes)
Event: 2.162 Thread 0x0000000018c21000 nmethod 1461 0x000000000346ac10 code [0x000000000346ae80, 0x000000000346d690]
Event: 2.162 Thread 0x0000000018c21000 1456   !   4       sun.misc.URLClassPath$JarLoader::ensureOpen (32 bytes)
Event: 2.170 Thread 0x0000000016d3d000 1463       3       java.util.concurrent.locks.LockSupport::setBlocker (12 bytes)
Event: 2.170 Thread 0x0000000018c21000 nmethod 1456 0x000000000345ef10 code [0x000000000345f080, 0x000000000345f1a8]
Event: 2.170 Thread 0x0000000016d3d000 nmethod 1463 0x00000000034604d0 code [0x0000000003460620, 0x0000000003460770]

GC Heap History (2 events):
Event: 1.458 GC heap before
{Heap before GC invocations=1 (full 0):
 PSYoungGen      total 76288K, used 65536K [0x00000000e0000000, 0x00000000e5500000, 0x0000000100000000)
  eden space 65536K, 100% used [0x00000000e0000000,0x00000000e4000000,0x00000000e4000000)
  from space 10752K, 0% used [0x00000000e4a80000,0x00000000e4a80000,0x00000000e5500000)
  to   space 10752K, 0% used [0x00000000e4000000,0x00000000e4000000,0x00000000e4a80000)
 ParOldGen       total 175104K, used 0K [0x00000000a0000000, 0x00000000aab00000, 0x00000000e0000000)
  object space 175104K, 0% used [0x00000000a0000000,0x00000000a0000000,0x00000000aab00000)
 Metaspace       used 12809K, capacity 13160K, committed 13440K, reserved 1060864K
  class space    used 1686K, capacity 1805K, committed 1920K, reserved 1048576K
Event: 1.467 GC heap after
Heap after GC invocations=1 (full 0):
 PSYoungGen      total 76288K, used 8128K [0x00000000e0000000, 0x00000000e5500000, 0x0000000100000000)
  eden space 65536K, 0% used [0x00000000e0000000,0x00000000e0000000,0x00000000e4000000)
  from space 10752K, 75% used [0x00000000e4000000,0x00000000e47f0168,0x00000000e4a80000)
  to   space 10752K, 0% used [0x00000000e4a80000,0x00000000e4a80000,0x00000000e5500000)
 ParOldGen       total 175104K, used 16K [0x00000000a0000000, 0x00000000aab00000, 0x00000000e0000000)
  object space 175104K, 0% used [0x00000000a0000000,0x00000000a0004000,0x00000000aab00000)
 Metaspace       used 12809K, capacity 13160K, committed 13440K, reserved 1060864K
  class space    used 1686K, capacity 1805K, committed 1920K, reserved 1048576K
}

Deoptimization events (10 events):
Event: 1.937 Thread 0x000000001a9ba800 Uncommon trap: reason=class_check action=maybe_recompile pc=0x0000000003149ba8 method=java.lang.String.equals(Ljava/lang/Object;)Z @ 8
Event: 1.937 Thread 0x000000001a9ba800 Uncommon trap: reason=class_check action=maybe_recompile pc=0x0000000003149ba8 method=java.lang.String.equals(Ljava/lang/Object;)Z @ 8
Event: 1.938 Thread 0x000000001a9ba800 Uncommon trap: reason=class_check action=maybe_recompile pc=0x0000000003149ba8 method=java.lang.String.equals(Ljava/lang/Object;)Z @ 8
Event: 1.938 Thread 0x000000001a9ba800 Uncommon trap: reason=class_check action=maybe_recompile pc=0x0000000003149ba8 method=java.lang.String.equals(Ljava/lang/Object;)Z @ 8
Event: 2.053 Thread 0x000000001a9ba800 Uncommon trap: reason=bimorphic action=maybe_recompile pc=0x00000000033b8628 method=java.lang.ClassLoader.loadClass(Ljava/lang/String;Z)Ljava/lang/Class; @ 38
Event: 2.053 Thread 0x000000001a9ba800 Uncommon trap: reason=bimorphic action=maybe_recompile pc=0x00000000033b8628 method=java.lang.ClassLoader.loadClass(Ljava/lang/String;Z)Ljava/lang/Class; @ 38
Event: 2.055 Thread 0x000000001a9ba800 Uncommon trap: reason=class_check action=maybe_recompile pc=0x000000000317260c method=sun.misc.URLClassPath.getLoader(I)Lsun/misc/URLClassPath$Loader; @ 94
Event: 2.055 Thread 0x000000001a9ba800 Uncommon trap: reason=class_check action=maybe_recompile pc=0x000000000324826c method=sun.misc.URLClassPath.getResource(Ljava/lang/String;Z)Lsun/misc/Resource; @ 62
Event: 2.057 Thread 0x000000001a9ba800 Uncommon trap: reason=bimorphic action=maybe_recompile pc=0x00000000033b8628 method=java.lang.ClassLoader.loadClass(Ljava/lang/String;Z)Ljava/lang/Class; @ 38
Event: 2.057 Thread 0x000000001a9ba800 Uncommon trap: reason=bimorphic action=maybe_recompile pc=0x00000000033b8628 method=java.lang.ClassLoader.loadClass(Ljava/lang/String;Z)Ljava/lang/Class; @ 38

Internal exceptions (10 events):
Event: 1.430 Thread 0x000000001a9ba800 Exception <a 'java/lang/NoSuchMethodError': <clinit>> (0x00000000e3c8bd48) thrown at [C:\src\android\AOSP-openjdk\external\jetbrains\jdk\hotspot\src\share\vm\prims\jni.cpp, line 1613]
Event: 1.455 Thread 0x000000001a9ba800 Exception <a 'java/lang/ArrayIndexOutOfBoundsException'> (0x00000000e3fa77a8) thrown at [C:\src\android\AOSP-openjdk\external\jetbrains\jdk\hotspot\src\share\vm\runtime\sharedRuntime.cpp, line 605]
Event: 1.474 Thread 0x000000001a9ba800 Exception <a 'java/lang/ArrayIndexOutOfBoundsException'> (0x00000000e0075ae0) thrown at [C:\src\android\AOSP-openjdk\external\jetbrains\jdk\hotspot\src\share\vm\runtime\sharedRuntime.cpp, line 605]
Event: 1.474 Thread 0x000000001a9ba800 Exception <a 'java/lang/ArrayIndexOutOfBoundsException'> (0x00000000e0076f80) thrown at [C:\src\android\AOSP-openjdk\external\jetbrains\jdk\hotspot\src\share\vm\runtime\sharedRuntime.cpp, line 605]
Event: 1.816 Thread 0x000000001a9ba800 Exception <a 'java/lang/NoSuchMethodError': <clinit>> (0x00000000e1dfba10) thrown at [C:\src\android\AOSP-openjdk\external\jetbrains\jdk\hotspot\src\share\vm\prims\jni.cpp, line 1613]
Event: 1.816 Thread 0x000000001a9ba800 Exception <a 'java/lang/NoSuchMethodError': <clinit>> (0x00000000e1dfe1e0) thrown at [C:\src\android\AOSP-openjdk\external\jetbrains\jdk\hotspot\src\share\vm\prims\jni.cpp, line 1613]
Event: 1.816 Thread 0x000000001a9ba800 Exception <a 'java/lang/NoSuchMethodError': <clinit>> (0x00000000e1e0a4c0) thrown at [C:\src\android\AOSP-openjdk\external\jetbrains\jdk\hotspot\src\share\vm\prims\jni.cpp, line 1613]
Event: 1.817 Thread 0x000000001a9ba800 Exception <a 'java/lang/NoSuchMethodError': <clinit>> (0x00000000e1e14ac0) thrown at [C:\src\android\AOSP-openjdk\external\jetbrains\jdk\hotspot\src\share\vm\prims\jni.cpp, line 1613]
Event: 1.861 Thread 0x000000001a9ba800 Implicit null exception at 0x000000000322d996 to 0x000000000322dd39
Event: 1.861 Thread 0x000000001a9ba800 Implicit null exception at 0x00000000031af2d6 to 0x00000000031af679

Events (10 events):
Event: 2.178 loading class org/codehaus/groovy/util/AbstractConcurrentMapBase
Event: 2.178 loading class org/codehaus/groovy/util/AbstractConcurrentMapBase done
Event: 2.179 loading class org/codehaus/groovy/util/AbstractConcurrentMapBase$Segment
Event: 2.179 loading class org/codehaus/groovy/util/AbstractConcurrentMapBase$Segment done
Event: 2.198 loading class org/codehaus/groovy/util/LockableObject
Event: 2.198 loading class org/codehaus/groovy/util/LockableObject done
Event: 2.318 loading class org/codehaus/groovy/util/AbstractConcurrentMap$Segment
Event: 2.318 loading class org/codehaus/groovy/util/AbstractConcurrentMap$Segment done
Event: 2.319 loading class org/codehaus/groovy/util/ManagedConcurrentMap$Segment
Event: 2.319 loading class org/codehaus/groovy/util/ManagedConcurrentMap$Segment done


Dynamic libraries:
0x00007ff791a30000 - 0x00007ff791a61000 	C:\Program Files\Android\Android Studio\jre\bin\java.exe
0x00007ff9cde00000 - 0x00007ff9cdfd1000 	C:\WINDOWS\SYSTEM32\ntdll.dll
0x00007ff9cc930000 - 0x00007ff9cc9db000 	C:\WINDOWS\System32\KERNEL32.DLL
0x00007ff9cafc0000 - 0x00007ff9cb1dd000 	C:\WINDOWS\System32\KERNELBASE.dll
0x00007ff9ccb10000 - 0x00007ff9ccbb2000 	C:\WINDOWS\System32\ADVAPI32.dll
0x00007ff9cdbc0000 - 0x00007ff9cdc5e000 	C:\WINDOWS\System32\msvcrt.dll
0x00007ff9ccaa0000 - 0x00007ff9ccaf9000 	C:\WINDOWS\System32\sechost.dll
0x00007ff9cd6b0000 - 0x00007ff9cd7d1000 	C:\WINDOWS\System32\RPCRT4.dll
0x00007ff9ccff0000 - 0x00007ff9cd155000 	C:\WINDOWS\System32\USER32.dll
0x00007ff9ca5e0000 - 0x00007ff9ca5fe000 	C:\WINDOWS\System32\win32u.dll
0x00007ff9cc9e0000 - 0x00007ff9cca14000 	C:\WINDOWS\System32\GDI32.dll
0x00007ff9ca3a0000 - 0x00007ff9ca522000 	C:\WINDOWS\System32\gdi32full.dll
0x00007ff9c2a20000 - 0x00007ff9c2c99000 	C:\WINDOWS\WinSxS\amd64_microsoft.windows.common-controls_6595b64144ccf1df_6.0.14393.447_none_42191651c6827bb3\COMCTL32.dll
0x00007ff9ccbc0000 - 0x00007ff9cce88000 	C:\WINDOWS\System32\combase.dll
0x00007ff9cb1e0000 - 0x00007ff9cb2d5000 	C:\WINDOWS\System32\ucrtbase.dll
0x00007ff9ca7d0000 - 0x00007ff9ca83a000 	C:\WINDOWS\System32\bcryptPrimitives.dll
0x00007ff9cda20000 - 0x00007ff9cda4e000 	C:\WINDOWS\System32\IMM32.DLL
0x00000000741c0000 - 0x0000000074292000 	C:\Program Files\Android\Android Studio\jre\jre\bin\msvcr100.dll
0x00000000742a0000 - 0x0000000074adc000 	C:\Program Files\Android\Android Studio\jre\jre\bin\server\jvm.dll
0x00007ff9cca20000 - 0x00007ff9cca28000 	C:\WINDOWS\System32\PSAPI.DLL
0x00007ff9c84f0000 - 0x00007ff9c8513000 	C:\WINDOWS\SYSTEM32\WINMM.dll
0x00007ff9c60f0000 - 0x00007ff9c60fa000 	C:\WINDOWS\SYSTEM32\VERSION.dll
0x00007ff9bc610000 - 0x00007ff9bc619000 	C:\WINDOWS\SYSTEM32\WSOCK32.dll
0x00007ff9cdb50000 - 0x00007ff9cdbba000 	C:\WINDOWS\System32\WS2_32.dll
0x00007ff9c8370000 - 0x00007ff9c839b000 	C:\WINDOWS\SYSTEM32\WINMMBASE.dll
0x00007ff9cb340000 - 0x00007ff9cb382000 	C:\WINDOWS\System32\cfgmgr32.dll
0x00007ff9c50c0000 - 0x00007ff9c50cf000 	C:\Program Files\Android\Android Studio\jre\jre\bin\verify.dll
0x00007ff9c2100000 - 0x00007ff9c2129000 	C:\Program Files\Android\Android Studio\jre\jre\bin\java.dll
0x00007ff9c2f20000 - 0x00007ff9c2f36000 	C:\Program Files\Android\Android Studio\jre\jre\bin\zip.dll
0x00007ff9cb420000 - 0x00007ff9cc929000 	C:\WINDOWS\System32\SHELL32.dll
0x00007ff9ca840000 - 0x00007ff9caf1a000 	C:\WINDOWS\System32\windows.storage.dll
0x00007ff9ca270000 - 0x00007ff9ca2bc000 	C:\WINDOWS\System32\powrprof.dll
0x00007ff9cd650000 - 0x00007ff9cd6a2000 	C:\WINDOWS\System32\shlwapi.dll
0x00007ff9ca2e0000 - 0x00007ff9ca2ef000 	C:\WINDOWS\System32\kernel.appcore.dll
0x00007ff9ca530000 - 0x00007ff9ca5d9000 	C:\WINDOWS\System32\shcore.dll
0x00007ff9ca2c0000 - 0x00007ff9ca2d4000 	C:\WINDOWS\System32\profapi.dll
0x00007ff9c2710000 - 0x00007ff9c272a000 	C:\Program Files\Android\Android Studio\jre\jre\bin\net.dll
0x00007ff9c9ac0000 - 0x00007ff9c9b1c000 	C:\WINDOWS\system32\mswsock.dll
0x00007ff9c13e0000 - 0x00007ff9c13f1000 	C:\Program Files\Android\Android Studio\jre\jre\bin\nio.dll
0x00007ff9b5070000 - 0x00007ff9b508e000 	C:\Users\cngz\.gradle\native\21\windows-amd64\native-platform.dll
0x00007ff9c9d40000 - 0x00007ff9c9d57000 	C:\WINDOWS\SYSTEM32\CRYPTSP.dll
0x00007ff9c9c40000 - 0x00007ff9c9c73000 	C:\WINDOWS\system32\rsaenh.dll
0x00007ff9c9e40000 - 0x00007ff9c9e6b000 	C:\WINDOWS\SYSTEM32\bcrypt.dll
0x00007ff9c9940000 - 0x00007ff9c995f000 	C:\WINDOWS\SYSTEM32\USERENV.dll
0x00007ff9c9d30000 - 0x00007ff9c9d3b000 	C:\WINDOWS\SYSTEM32\CRYPTBASE.dll
0x00007ff9c9850000 - 0x00007ff9c9888000 	C:\WINDOWS\SYSTEM32\IPHLPAPI.DLL
0x00007ff9cb410000 - 0x00007ff9cb418000 	C:\WINDOWS\System32\NSI.dll
0x00007ff9c3d50000 - 0x00007ff9c3d66000 	C:\WINDOWS\SYSTEM32\dhcpcsvc6.DLL
0x00007ff9c5390000 - 0x00007ff9c53aa000 	C:\WINDOWS\SYSTEM32\dhcpcsvc.DLL
0x00007ff9c13b0000 - 0x00007ff9c13bd000 	C:\Program Files\Android\Android Studio\jre\jre\bin\management.dll
0x00007ff9bb7b0000 - 0x00007ff9bb942000 	C:\WINDOWS\SYSTEM32\dbghelp.dll

VM Arguments:
jvm_args: -Xmx1536m -Dfile.encoding=windows-1254 -Duser.country=TR -Duser.language=tr -Duser.variant 
java_command: org.gradle.launcher.daemon.bootstrap.GradleDaemon 3.2
java_class_path (initial): C:\Users\cngz\.gradle\wrapper\dists\gradle-3.2-all\97ld1dyml0oep92x4lyn4g235\gradle-3.2\lib\gradle-launcher-3.2.jar
Launcher Type: SUN_STANDARD

Environment Variables:
PATH=C:\WINDOWS\system32;C:\WINDOWS;C:\WINDOWS\System32\Wbem;C:\WINDOWS\System32\WindowsPowerShell\v1.0\;C:\Program Files\Microsoft\Web Platform Installer\;C:\Program Files (x86)\Microsoft ASP.NET\ASP.NET Web Pages\v1.0\;C:\Program Files (x86)\Windows Kits\8.0\Windows Performance Toolkit\;C:\Program Files\Microsoft SQL Server\110\Tools\Binn\;C:\Program Files (x86)\Microsoft SQL Server\90\Tools\binn\;C:\Users\cngz\AppData\Local\Microsoft\WindowsApps;
USERNAME=cngz
OS=Windows_NT
PROCESSOR_IDENTIFIER=Intel64 Family 6 Model 58 Stepping 9, GenuineIntel



---------------  S Y S T E M  ---------------

OS: Windows 10.0 , 64 bit Build 14393 (10.0.14393.0)

CPU:total 8 (4 cores per cpu, 2 threads per core) family 6 model 58 stepping 9, cmov, cx8, fxsr, mmx, sse, sse2, sse3, ssse3, sse4.1, sse4.2, popcnt, avx, aes, clmul, erms, ht, tsc, tscinvbit, tscinv

Memory: 4k page, physical 16671536k(9711536k free), swap 19161904k(11422216k free)

vm_info: OpenJDK 64-Bit Server VM (25.112-b06) for windows-amd64 JRE (1.8.0_112-release-b06), built on Dec  8 2016 00:54:26 by "builder" with MS VC++ 10.0 (VS2010)

time: Fri Dec 23 13:29:21 2016
elapsed time: 2 seconds (0d 0h 0m 2s)

