#
# A fatal error has been detected by the Java Runtime Environment:
#
#  EXCEPTION_ACCESS_VIOLATION (0xc0000005) at pc=0x0000000073d8df90, pid=12164, tid=0x0000000000002198
#
# JRE version: OpenJDK Runtime Environment (8.0_112-b06) (build 1.8.0_112-release-b06)
# Java VM: OpenJDK 64-Bit Server VM (25.112-b06 mixed mode windows-amd64 compressed oops)
# Problematic frame:
# V  [jvm.dll+0x9df90]
#
# Failed to write core dump. Minidumps are not enabled by default on client versions of Windows
#
# If you would like to submit a bug report, please visit:
#   http://bugreport.java.com/bugreport/crash.jsp
#

---------------  T H R E A D  ---------------

Current thread (0x000000001a1b8800):  JavaThread "Daemon worker" [_thread_in_vm, id=8600, stack(0x000000001b9d0000,0x000000001bad0000)]

siginfo: ExceptionCode=0xc0000005, reading address 0x000000000000000b

Registers:
RAX=0x000000001ed1ecf0, RBX=0x0000000100003380, RCX=0x000000001ed1ed58, RDX=0x0000000019fb5758
RSP=0x000000001bacb160, RBP=0x000000001bacb270, RSI=0x0000000000000003, RDI=0x0000000100024800
R8 =0x000000000000000e, R9 =0x0000000019ff9bb0, R10=0x0000000015c84828, R11=0x0000000100003380
R12=0x000000001a1b8800, R13=0x000000001bacb1c0, R14=0x00000000026dd770, R15=0x00000000026d0890
RIP=0x0000000073d8df90, EFLAGS=0x0000000000010202

Top of Stack: (sp=0x000000001bacb160)
0x000000001bacb160:   000000001bacb270 0000000000000000
0x000000001bacb170:   000000001a1b8800 0000000000000000
0x000000001bacb180:   00000000027c6d60 0000000002cd19ba
0x000000001bacb190:   00000000ee8d9a90 0000000002e55bd5
0x000000001bacb1a0:   00000000ee8d9930 0000000000000012
0x000000001bacb1b0:   000000fc00000100 0000000015b7a4c8
0x000000001bacb1c0:   0000000015c84828 000000001a1b8800
0x000000001bacb1d0:   0000000015c84828 000000001a1b8800
0x000000001bacb1e0:   00000000000000b6 000000001bacb300
0x000000001bacb1f0:   000000000000000a 0000000019ff9bb0
0x000000001bacb200:   000000001bacb390 000000000000000a
0x000000001bacb210:   000000001bacb320 0000000073d8e62d
0x000000001bacb220:   000000001bacb320 0000000019fb5758
0x000000001bacb230:   000000001a1b8800 00000000000000fc
0x000000001bacb240:   000000001a1b8800 3236346263616231
0x000000001bacb250:   000000001a1b8800 0000000073d82190 

Instructions: (pc=0x0000000073d8df90)
0x0000000073d8df70:   49 39 74 24 08 75 63 48 8b 94 24 c8 00 00 00 48
0x0000000073d8df80:   85 d2 74 25 80 3d e6 98 71 00 00 48 8b 32 74 15
0x0000000073d8df90:   8b 76 08 8b 0d bf a6 6b 00 48 d3 e6 48 03 35 ad
0x0000000073d8dfa0:   a6 6b 00 eb 04 48 8b 76 08 48 8b 8c 24 c0 00 00 


Register to memory mapping:

RAX=0x000000001ed1ecf0 is an unknown value
RBX=0x0000000100003380 is pointing into metadata
RCX=0x000000001ed1ed58 is an unknown value
RDX=0x0000000019fb5758 is an unknown value
RSP=0x000000001bacb160 is pointing into the stack for thread: 0x000000001a1b8800
RBP=0x000000001bacb270 is pointing into the stack for thread: 0x000000001a1b8800
RSI=0x0000000000000003 is an unknown value
RDI=0x0000000100024800 is pointing into metadata
R8 =0x000000000000000e is an unknown value
R9 =0x0000000019ff9bb0 is an unknown value
R10=0x0000000015c84828 is pointing into metadata
R11=0x0000000100003380 is pointing into metadata
R12=0x000000001a1b8800 is a thread
R13=0x000000001bacb1c0 is pointing into the stack for thread: 0x000000001a1b8800
R14=0x00000000026dd770 is an unknown value
R15=0x00000000026d0890 is an unknown value


Stack: [0x000000001b9d0000,0x000000001bad0000],  sp=0x000000001bacb160,  free space=1004k
Native frames: (J=compiled Java code, j=interpreted, Vv=VM code, C=native code)
V  [jvm.dll+0x9df90]
V  [jvm.dll+0x9e62d]
V  [jvm.dll+0x96af6]
C  0x00000000027a38de

Java frames: (J=compiled Java code, j=interpreted, Vv=VM code)
j  java.io.FileInputStream.<init>(Ljava/io/File;)V+48
J 7404 C1 com.google.common.io.Files$FileByteSource.openStream()Ljava/io/FileInputStream; (12 bytes) @ 0x0000000002b8aecc [0x0000000002b8ae00+0xcc]
j  com.google.common.io.Files$FileByteSource.read()[B+6
j  com.google.common.io.Files.toByteArray(Ljava/io/File;)[B+4
j  com.android.build.gradle.internal.incremental.IncrementalVisitor.instrumentClass(ILjava/io/File;Ljava/io/File;Ljava/io/File;Lcom/android/build/gradle/internal/incremental/IncrementalVisitor$VisitorBuilder;Lcom/android/utils/ILogger;)Ljava/io/File;+46
j  com.android.build.gradle.internal.transforms.InstantRunTransform.transformToClasses2Format(Ljava/io/File;Ljava/io/File;Ljava/io/File;Lcom/android/build/api/transform/Status;)V+28
j  com.android.build.gradle.internal.transforms.InstantRunTransform.lambda$transform$0(Ljava/lang/ClassLoader;Lcom/android/build/api/transform/TransformInvocation;Ljava/io/File;Ljava/io/File;ZLcom/android/build/api/transform/DirectoryInput;)V+316
j  com.android.build.gradle.internal.transforms.InstantRunTransform$$Lambda$354.accept(Ljava/lang/Object;)V+28
j  java.util.stream.ForEachOps$ForEachOp$OfRef.accept(Ljava/lang/Object;)V+5
J 9333 C1 java.util.Iterator.forEachRemaining(Ljava/util/function/Consumer;)V (30 bytes) @ 0x0000000004380f0c [0x0000000004380cc0+0x24c]
J 13991 C1 java.util.Spliterators$IteratorSpliterator.forEachRemaining(Ljava/util/function/Consumer;)V (58 bytes) @ 0x0000000004e50c1c [0x0000000004e50900+0x31c]
J 13017 C1 java.util.stream.AbstractPipeline.copyInto(Ljava/util/stream/Sink;Ljava/util/Spliterator;)V (53 bytes) @ 0x000000000488c6ec [0x000000000488c200+0x4ec]
j  java.util.stream.ForEachOps$ForEachTask.compute()V+103
j  java.util.concurrent.CountedCompleter.exec()Z+1
j  java.util.concurrent.ForkJoinTask.doExec()I+10
j  java.util.concurrent.ForkJoinTask.doInvoke()I+1
j  java.util.concurrent.ForkJoinTask.invoke()Ljava/lang/Object;+1
j  java.util.stream.ForEachOps$ForEachOp.evaluateParallel(Ljava/util/stream/PipelineHelper;Ljava/util/Spliterator;)Ljava/lang/Void;+38
j  java.util.stream.ForEachOps$ForEachOp$OfRef.evaluateParallel(Ljava/util/stream/PipelineHelper;Ljava/util/Spliterator;)Ljava/lang/Object;+3
J 9285 C1 java.util.stream.AbstractPipeline.evaluate(Ljava/util/stream/TerminalOp;)Ljava/lang/Object; (94 bytes) @ 0x00000000043603bc [0x0000000004360080+0x33c]
j  java.util.stream.ReferencePipeline.forEach(Ljava/util/function/Consumer;)V+6
j  java.util.stream.ReferencePipeline$Head.forEach(Ljava/util/function/Consumer;)V+22
j  com.android.build.gradle.internal.transforms.InstantRunTransform.transform(Lcom/android/build/api/transform/TransformInvocation;)V+227
j  com.android.build.gradle.internal.pipeline.TransformTask$2.call()Ljava/lang/Void;+103
j  com.android.build.gradle.internal.pipeline.TransformTask$2.call()Ljava/lang/Object;+1
j  com.android.builder.profile.ThreadRecorder.record(Lcom/google/wireless/android/sdk/stats/GradleBuildProfileSpan$ExecutionType;Lcom/google/wireless/android/sdk/stats/GradleTransformExecution;Ljava/lang/String;Ljava/lang/String;Lcom/android/builder/profile/Recorder$Block;)Ljava/lang/Object;+17
j  com.android.build.gradle.internal.pipeline.TransformTask.transform(Lorg/gradle/api/tasks/incremental/IncrementalTaskInputs;)V+189
v  ~StubRoutines::call_stub
J 2061  sun.reflect.NativeMethodAccessorImpl.invoke0(Ljava/lang/reflect/Method;Ljava/lang/Object;[Ljava/lang/Object;)Ljava/lang/Object; (0 bytes) @ 0x0000000002f4d57f [0x0000000002f4d500+0x7f]
J 15657 C2 sun.reflect.NativeMethodAccessorImpl.invoke(Ljava/lang/Object;[Ljava/lang/Object;)Ljava/lang/Object; (104 bytes) @ 0x0000000005433294 [0x0000000005433220+0x74]
J 15606 C2 org.gradle.internal.reflect.JavaMethod.invoke(Ljava/lang/Object;[Ljava/lang/Object;)Ljava/lang/Object; (74 bytes) @ 0x00000000053f5e10 [0x00000000053f5d80+0x90]
j  org.gradle.api.internal.project.taskfactory.DefaultTaskClassInfoStore$IncrementalTaskAction.doExecute(Lorg/gradle/api/Task;Ljava/lang/String;)V+35
j  org.gradle.api.internal.project.taskfactory.DefaultTaskClassInfoStore$StandardTaskAction.execute(Lorg/gradle/api/Task;)V+32
j  org.gradle.api.internal.project.taskfactory.DefaultTaskClassInfoStore$StandardTaskAction.execute(Ljava/lang/Object;)V+5
J 16332 C1 org.gradle.api.internal.tasks.execution.ExecuteActionsTaskExecuter.executeAction(Lorg/gradle/api/internal/TaskInternal;Lorg/gradle/api/internal/tasks/ContextAwareTaskAction;Lorg/gradle/api/internal/tasks/TaskExecutionContext;)V (37 bytes) @ 0x00000000055db3e4 [0x00000000055db220+0x1c4]
j  org.gradle.api.internal.tasks.execution.ExecuteActionsTaskExecuter.executeActions(Lorg/gradle/api/internal/TaskInternal;Lorg/gradle/api/internal/tasks/TaskStateInternal;Lorg/gradle/api/internal/tasks/TaskExecutionContext;)Lorg/gradle/api/GradleException;+79
j  org.gradle.api.internal.tasks.execution.ExecuteActionsTaskExecuter.execute(Lorg/gradle/api/internal/TaskInternal;Lorg/gradle/api/internal/tasks/TaskStateInternal;Lorg/gradle/api/internal/tasks/TaskExecutionContext;)V+42
J 15940 C1 org.gradle.api.internal.tasks.execution.SkipUpToDateTaskExecuter.execute(Lorg/gradle/api/internal/TaskInternal;Lorg/gradle/api/internal/tasks/TaskStateInternal;Lorg/gradle/api/internal/tasks/TaskExecutionContext;)V (213 bytes) @ 0x000000000557e8d4 [0x000000000557c8e0+0x1ff4]
J 15939 C1 org.gradle.api.internal.tasks.execution.ValidatingTaskExecuter.execute(Lorg/gradle/api/internal/TaskInternal;Lorg/gradle/api/internal/tasks/TaskStateInternal;Lorg/gradle/api/internal/tasks/TaskExecutionContext;)V (221 bytes) @ 0x00000000055669e4 [0x0000000005563ea0+0x2b44]
J 15635 C1 org.gradle.api.internal.tasks.execution.SkipEmptySourceFilesTaskExecuter.execute(Lorg/gradle/api/internal/TaskInternal;Lorg/gradle/api/internal/tasks/TaskStateInternal;Lorg/gradle/api/internal/tasks/TaskExecutionContext;)V (341 bytes) @ 0x00000000054159f4 [0x00000000054113e0+0x4614]
J 15633 C1 org.gradle.api.internal.tasks.execution.ResolveTaskArtifactStateTaskExecuter.execute(Lorg/gradle/api/internal/TaskInternal;Lorg/gradle/api/internal/tasks/TaskStateInternal;Lorg/gradle/api/internal/tasks/TaskExecutionContext;)V (96 bytes) @ 0x000000000540dd64 [0x000000000540ce80+0xee4]
J 17671 C1 org.gradle.api.internal.tasks.execution.SkipTaskWithNoActionsExecuter.execute(Lorg/gradle/api/internal/TaskInternal;Lorg/gradle/api/internal/tasks/TaskStateInternal;Lorg/gradle/api/internal/tasks/TaskExecutionContext;)V (125 bytes) @ 0x00000000052a5d3c [0x00000000052a4780+0x15bc]
j  org.gradle.api.internal.tasks.execution.SkipOnlyIfTaskExecuter.execute(Lorg/gradle/api/internal/TaskInternal;Lorg/gradle/api/internal/tasks/TaskStateInternal;Lorg/gradle/api/internal/tasks/TaskExecutionContext;)V+85
j  org.gradle.api.internal.tasks.execution.ExecuteAtMostOnceTaskExecuter.execute(Lorg/gradle/api/internal/TaskInternal;Lorg/gradle/api/internal/tasks/TaskStateInternal;Lorg/gradle/api/internal/tasks/TaskExecutionContext;)V+26
j  org.gradle.api.internal.tasks.execution.CatchExceptionTaskExecuter.execute(Lorg/gradle/api/internal/TaskInternal;Lorg/gradle/api/internal/tasks/TaskStateInternal;Lorg/gradle/api/internal/tasks/TaskExecutionContext;)V+7
j  org.gradle.execution.taskgraph.DefaultTaskGraphExecuter$EventFiringTaskWorker.execute(Lorg/gradle/api/internal/TaskInternal;)V+106
j  org.gradle.execution.taskgraph.DefaultTaskGraphExecuter$EventFiringTaskWorker.execute(Ljava/lang/Object;)V+5
j  org.gradle.execution.taskgraph.AbstractTaskPlanExecutor$TaskExecutorWorker.processTask(Lorg/gradle/execution/taskgraph/TaskInfo;)V+8
j  org.gradle.execution.taskgraph.AbstractTaskPlanExecutor$TaskExecutorWorker.run()V+67
j  org.gradle.execution.taskgraph.DefaultTaskPlanExecutor.process(Lorg/gradle/execution/taskgraph/TaskExecutionPlan;Lorg/gradle/api/Action;)V+10
j  org.gradle.execution.taskgraph.DefaultTaskGraphExecuter.execute()V+65
j  org.gradle.execution.SelectedTaskExecutionAction.execute(Lorg/gradle/execution/BuildExecutionContext;)V+55
j  org.gradle.execution.DefaultBuildExecuter.execute(Lorg/gradle/api/internal/GradleInternal;I)V+37
j  org.gradle.execution.DefaultBuildExecuter.access$000(Lorg/gradle/execution/DefaultBuildExecuter;Lorg/gradle/api/internal/GradleInternal;I)V+3
j  org.gradle.execution.DefaultBuildExecuter$1.proceed()V+14
j  org.gradle.execution.DryRunBuildExecutionAction.execute(Lorg/gradle/execution/BuildExecutionContext;)V+68
j  org.gradle.execution.DefaultBuildExecuter.execute(Lorg/gradle/api/internal/GradleInternal;I)V+37
j  org.gradle.execution.DefaultBuildExecuter.execute(Lorg/gradle/api/internal/GradleInternal;)V+3
j  org.gradle.initialization.DefaultGradleLauncher$4.run()V+14
J 2889 C1 org.gradle.internal.Factories$1.create()Ljava/lang/Object; (11 bytes) @ 0x00000000032c12c4 [0x00000000032c11c0+0x104]
j  org.gradle.internal.progress.DefaultBuildOperationExecutor.run(Lorg/gradle/internal/progress/BuildOperationDetails;Lorg/gradle/internal/Factory;)Ljava/lang/Object;+171
j  org.gradle.internal.progress.DefaultBuildOperationExecutor.run(Ljava/lang/String;Ljava/lang/Runnable;)V+12
j  org.gradle.initialization.DefaultGradleLauncher.doBuildStages(Lorg/gradle/initialization/DefaultGradleLauncher$Stage;)V+154
j  org.gradle.initialization.DefaultGradleLauncher.access$200(Lorg/gradle/initialization/DefaultGradleLauncher;Lorg/gradle/initialization/DefaultGradleLauncher$Stage;)V+2
j  org.gradle.initialization.DefaultGradleLauncher$1.create()Lorg/gradle/BuildResult;+29
j  org.gradle.initialization.DefaultGradleLauncher$1.create()Ljava/lang/Object;+1
j  org.gradle.internal.progress.DefaultBuildOperationExecutor.run(Lorg/gradle/internal/progress/BuildOperationDetails;Lorg/gradle/internal/Factory;)Ljava/lang/Object;+171
j  org.gradle.internal.progress.DefaultBuildOperationExecutor.run(Ljava/lang/String;Lorg/gradle/internal/Factory;)Ljava/lang/Object;+9
j  org.gradle.initialization.DefaultGradleLauncher.doBuild(Lorg/gradle/initialization/DefaultGradleLauncher$Stage;)Lorg/gradle/BuildResult;+15
j  org.gradle.initialization.DefaultGradleLauncher.run()Lorg/gradle/BuildResult;+4
j  org.gradle.launcher.exec.GradleBuildController.run()Lorg/gradle/api/internal/GradleInternal;+4
j  org.gradle.tooling.internal.provider.runner.BuildModelActionRunner.run(Lorg/gradle/internal/invocation/BuildAction;Lorg/gradle/internal/invocation/BuildController;)V+48
j  org.gradle.launcher.exec.ChainingBuildActionRunner.run(Lorg/gradle/internal/invocation/BuildAction;Lorg/gradle/internal/invocation/BuildController;)V+34
j  org.gradle.tooling.internal.provider.runner.SubscribableBuildActionRunner.run(Lorg/gradle/internal/invocation/BuildAction;Lorg/gradle/internal/invocation/BuildController;)V+37
j  org.gradle.launcher.exec.ChainingBuildActionRunner.run(Lorg/gradle/internal/invocation/BuildAction;Lorg/gradle/internal/invocation/BuildController;)V+34
j  org.gradle.launcher.exec.InProcessBuildActionExecuter.execute(Lorg/gradle/internal/invocation/BuildAction;Lorg/gradle/initialization/BuildRequestContext;Lorg/gradle/launcher/exec/BuildActionParameters;Lorg/gradle/internal/service/ServiceRegistry;)Ljava/lang/Object;+64
j  org.gradle.launcher.exec.InProcessBuildActionExecuter.execute(Lorg/gradle/internal/invocation/BuildAction;Lorg/gradle/initialization/BuildRequestContext;Ljava/lang/Object;Lorg/gradle/internal/service/ServiceRegistry;)Ljava/lang/Object;+9
j  org.gradle.tooling.internal.provider.ContinuousBuildActionExecuter.execute(Lorg/gradle/internal/invocation/BuildAction;Lorg/gradle/initialization/BuildRequestContext;Lorg/gradle/launcher/exec/BuildActionParameters;Lorg/gradle/internal/service/ServiceRegistry;)Ljava/lang/Object;+28
j  org.gradle.tooling.internal.provider.ContinuousBuildActionExecuter.execute(Lorg/gradle/internal/invocation/BuildAction;Lorg/gradle/initialization/BuildRequestContext;Ljava/lang/Object;Lorg/gradle/internal/service/ServiceRegistry;)Ljava/lang/Object;+9
j  org.gradle.tooling.internal.provider.ServicesSetupBuildActionExecuter.execute(Lorg/gradle/internal/invocation/BuildAction;Lorg/gradle/initialization/BuildRequestContext;Lorg/gradle/launcher/exec/BuildActionParameters;Lorg/gradle/internal/service/ServiceRegistry;)Ljava/lang/Object;+52
j  org.gradle.tooling.internal.provider.ServicesSetupBuildActionExecuter.execute(Lorg/gradle/internal/invocation/BuildAction;Lorg/gradle/initialization/BuildRequestContext;Ljava/lang/Object;Lorg/gradle/internal/service/ServiceRegistry;)Ljava/lang/Object;+9
j  org.gradle.launcher.daemon.server.exec.ExecuteBuild.doBuild(Lorg/gradle/launcher/daemon/server/api/DaemonCommandExecution;Lorg/gradle/launcher/daemon/protocol/Build;)V+114
j  org.gradle.launcher.daemon.server.exec.BuildCommandOnly.execute(Lorg/gradle/launcher/daemon/server/api/DaemonCommandExecution;)V+49
j  org.gradle.launcher.daemon.server.api.DaemonCommandExecution.proceed()Z+28
j  org.gradle.launcher.daemon.server.exec.WatchForDisconnection.execute(Lorg/gradle/launcher/daemon/server/api/DaemonCommandExecution;)V+19
j  org.gradle.launcher.daemon.server.api.DaemonCommandExecution.proceed()Z+28
j  org.gradle.launcher.daemon.server.exec.ResetDeprecationLogger.execute(Lorg/gradle/launcher/daemon/server/api/DaemonCommandExecution;)V+4
j  org.gradle.launcher.daemon.server.api.DaemonCommandExecution.proceed()Z+28
j  org.gradle.launcher.daemon.server.exec.RequestStopIfSingleUsedDaemon.execute(Lorg/gradle/launcher/daemon/server/api/DaemonCommandExecution;)V+33
j  org.gradle.launcher.daemon.server.api.DaemonCommandExecution.proceed()Z+28
j  org.gradle.launcher.daemon.server.exec.ForwardClientInput$2.call()Ljava/lang/Void;+4
j  org.gradle.launcher.daemon.server.exec.ForwardClientInput$2.call()Ljava/lang/Object;+1
j  org.gradle.util.Swapper.swap(Ljava/lang/Object;Ljava/util/concurrent/Callable;)Ljava/lang/Object;+21
j  org.gradle.launcher.daemon.server.exec.ForwardClientInput.execute(Lorg/gradle/launcher/daemon/server/api/DaemonCommandExecution;)V+63
j  org.gradle.launcher.daemon.server.api.DaemonCommandExecution.proceed()Z+28
j  org.gradle.launcher.daemon.server.exec.LogAndCheckHealth.execute(Lorg/gradle/launcher/daemon/server/api/DaemonCommandExecution;)V+28
j  org.gradle.launcher.daemon.server.api.DaemonCommandExecution.proceed()Z+28
j  org.gradle.launcher.daemon.server.exec.LogToClient.doBuild(Lorg/gradle/launcher/daemon/server/api/DaemonCommandExecution;Lorg/gradle/launcher/daemon/protocol/Build;)V+87
j  org.gradle.launcher.daemon.server.exec.BuildCommandOnly.execute(Lorg/gradle/launcher/daemon/server/api/DaemonCommandExecution;)V+49
j  org.gradle.launcher.daemon.server.api.DaemonCommandExecution.proceed()Z+28
j  org.gradle.launcher.daemon.server.exec.EstablishBuildEnvironment.doBuild(Lorg/gradle/launcher/daemon/server/api/DaemonCommandExecution;Lorg/gradle/launcher/daemon/protocol/Build;)V+279
j  org.gradle.launcher.daemon.server.exec.BuildCommandOnly.execute(Lorg/gradle/launcher/daemon/server/api/DaemonCommandExecution;)V+49
j  org.gradle.launcher.daemon.server.api.DaemonCommandExecution.proceed()Z+28
j  org.gradle.launcher.daemon.server.exec.StartBuildOrRespondWithBusy$1.run()V+44
j  org.gradle.launcher.daemon.server.DaemonStateCoordinator$1.run()V+4
J 6494 C1 org.gradle.internal.concurrent.ExecutorPolicy$CatchAndRecordFailures.onExecute(Ljava/lang/Runnable;)V (29 bytes) @ 0x0000000003bddf9c [0x0000000003bdde80+0x11c]
j  org.gradle.internal.concurrent.StoppableExecutorImpl$1.run()V+25
j  java.util.concurrent.ThreadPoolExecutor.runWorker(Ljava/util/concurrent/ThreadPoolExecutor$Worker;)V+95
j  java.util.concurrent.ThreadPoolExecutor$Worker.run()V+5
j  java.lang.Thread.run()V+11
v  ~StubRoutines::call_stub

---------------  P R O C E S S  ---------------

Java Threads: ( => current thread )
  0x0000000021387800 JavaThread "pool-38-thread-8" [_thread_blocked, id=7288, stack(0x0000000030010000,0x0000000030110000)]
  0x0000000021385800 JavaThread "pool-38-thread-7" [_thread_blocked, id=912, stack(0x000000002ff10000,0x0000000030010000)]
  0x000000002138c000 JavaThread "pool-38-thread-6" [_thread_blocked, id=8100, stack(0x000000002fe10000,0x000000002ff10000)]
  0x0000000021384000 JavaThread "pool-38-thread-5" [_thread_blocked, id=10232, stack(0x000000002fd10000,0x000000002fe10000)]
  0x000000002138a800 JavaThread "pool-38-thread-4" [_thread_blocked, id=4720, stack(0x000000002fc10000,0x000000002fd10000)]
  0x0000000021384800 JavaThread "pool-38-thread-3" [_thread_blocked, id=10364, stack(0x000000002fb10000,0x000000002fc10000)]
  0x000000002138a000 JavaThread "pool-38-thread-2" [_thread_blocked, id=2152, stack(0x000000002fa10000,0x000000002fb10000)]
  0x0000000021389000 JavaThread "pool-38-thread-1" [_thread_blocked, id=6568, stack(0x000000002f910000,0x000000002fa10000)]
  0x000000002000e800 JavaThread "Cache update executor" [_thread_blocked, id=9456, stack(0x000000002f810000,0x000000002f910000)]
  0x000000002000f000 JavaThread "Stdin handler" [_thread_blocked, id=6496, stack(0x000000002f710000,0x000000002f810000)]
  0x000000002000d000 JavaThread "Asynchronous log dispatcher for org.gradle.launcher.daemon.server.DefaultDaemonConnection@6825bf59" [_thread_blocked, id=1236, stack(0x000000002f610000,0x000000002f710000)]
  0x000000002000c000 JavaThread "Cancel handler" [_thread_blocked, id=4764, stack(0x000000002f510000,0x000000002f610000)]
  0x000000002000a800 JavaThread "Handler for socket connection from /127.0.0.1:64656 to /127.0.0.1:64896" [_thread_in_native, id=2540, stack(0x000000002f410000,0x000000002f510000)]
  0x00000000228a3000 JavaThread "pool-7-thread-4" [_thread_blocked, id=9092, stack(0x0000000027410000,0x0000000027510000)]
  0x000000002289d000 JavaThread "pool-7-thread-3" [_thread_blocked, id=5300, stack(0x0000000027310000,0x0000000027410000)]
  0x00000000228a0000 JavaThread "pool-7-thread-2" [_thread_blocked, id=5588, stack(0x0000000027210000,0x0000000027310000)]
  0x000000002289b800 JavaThread "pool-7-thread-1" [_thread_blocked, id=2028, stack(0x0000000027110000,0x0000000027210000)]
  0x000000002000b800 JavaThread "File lock request listener" [_thread_in_native, id=8036, stack(0x0000000023730000,0x0000000023830000)]
=>0x000000001a1b8800 JavaThread "Daemon worker" [_thread_in_vm, id=8600, stack(0x000000001b9d0000,0x000000001bad0000)]
  0x0000000019ff3800 JavaThread "pool-1-thread-1" [_thread_blocked, id=8284, stack(0x000000001b7d0000,0x000000001b8d0000)]
  0x000000001a2a6800 JavaThread "Daemon" [_thread_blocked, id=4320, stack(0x000000001b5d0000,0x000000001b6d0000)]
  0x000000001a919800 JavaThread "Incoming local TCP Connector on port 64656" [_thread_in_native, id=7892, stack(0x000000001a9b0000,0x000000001aab0000)]
  0x000000001654e800 JavaThread "Service Thread" daemon [_thread_blocked, id=8396, stack(0x0000000018fe0000,0x00000000190e0000)]
  0x000000001843f000 JavaThread "C1 CompilerThread3" daemon [_thread_blocked, id=11404, stack(0x0000000018ee0000,0x0000000018fe0000)]
  0x0000000018432800 JavaThread "C2 CompilerThread2" daemon [_thread_blocked, id=2616, stack(0x0000000018de0000,0x0000000018ee0000)]
  0x0000000018431000 JavaThread "C2 CompilerThread1" daemon [_thread_blocked, id=8476, stack(0x0000000018ce0000,0x0000000018de0000)]
  0x000000001842f000 JavaThread "C2 CompilerThread0" daemon [_thread_blocked, id=13064, stack(0x0000000018be0000,0x0000000018ce0000)]
  0x000000001842c800 JavaThread "Attach Listener" daemon [_thread_blocked, id=10348, stack(0x0000000018ae0000,0x0000000018be0000)]
  0x0000000018429800 JavaThread "Signal Dispatcher" daemon [_thread_blocked, id=6308, stack(0x00000000189e0000,0x0000000018ae0000)]
  0x0000000018420800 JavaThread "Finalizer" daemon [_thread_blocked, id=9120, stack(0x0000000018800000,0x0000000018900000)]
  0x000000001653b800 JavaThread "Reference Handler" daemon [_thread_blocked, id=1288, stack(0x0000000018300000,0x0000000018400000)]
  0x0000000002680800 JavaThread "main" [_thread_blocked, id=6980, stack(0x0000000002510000,0x0000000002610000)]

Other Threads:
  0x0000000016537800 VMThread [stack: 0x0000000018200000,0x0000000018300000] [id=1276]
  0x0000000018455000 WatcherThread [stack: 0x00000000190e0000,0x00000000191e0000] [id=5988]

VM state:not at safepoint (normal execution)

VM Mutex/Monitor currently owned by a thread: None

Heap:
 PSYoungGen      total 464384K, used 251370K [0x00000000e0000000, 0x0000000100000000, 0x0000000100000000)
  eden space 406016K, 59% used [0x00000000e0000000,0x00000000eeb6b8f8,0x00000000f8c80000)
  from space 58368K, 17% used [0x00000000f8c80000,0x00000000f968ef80,0x00000000fc580000)
  to   space 57344K, 0% used [0x00000000fc800000,0x00000000fc800000,0x0000000100000000)
 ParOldGen       total 299008K, used 111833K [0x00000000a0000000, 0x00000000b2400000, 0x00000000e0000000)
  object space 299008K, 37% used [0x00000000a0000000,0x00000000a6d36730,0x00000000b2400000)
 Metaspace       used 71325K, capacity 74634K, committed 74752K, reserved 1114112K
  class space    used 8872K, capacity 9462K, committed 9472K, reserved 1048576K

Card table byte_map: [0x0000000011b40000,0x0000000011e50000] byte_map_base: 0x0000000011640000

Marking Bits: (ParMarkBitMap*) 0x00000000744b18f0
 Begin Bits: [0x0000000012850000, 0x0000000014050000)
 End Bits:   [0x0000000014050000, 0x0000000015850000)

Polling page: 0x0000000000d70000

CodeCache: size=245760Kb used=50620Kb max_used=50633Kb free=195139Kb
 bounds [0x0000000002780000, 0x0000000005940000, 0x0000000011780000]
 total_blobs=15182 nmethods=14388 adapters=705
 compilation: enabled

Compilation events (10 events):
Event: 153.761 Thread 0x000000001843f000 nmethod 17836 0x0000000004bd3950 code [0x0000000004bd3aa0, 0x0000000004bd3c90]
Event: 153.761 Thread 0x000000001843f000 17837       3       com.android.build.gradle.internal.incremental.StringSwitch::writeMissingMessageWithHash (140 bytes)
Event: 153.762 Thread 0x000000001843f000 nmethod 17837 0x0000000005929110 code [0x00000000059294e0, 0x000000000592b7e8]
Event: 153.762 Thread 0x000000001843f000 17838       3       org.objectweb.asm.commons.GeneratorAdapter::throwException (11 bytes)
Event: 153.763 Thread 0x000000001843f000 nmethod 17838 0x000000000592c510 code [0x000000000592c680, 0x000000000592c8a8]
Event: 153.772 Thread 0x0000000018431000 nmethod 17833 0x0000000005930390 code [0x0000000005930580, 0x0000000005931370]
Event: 153.792 Thread 0x000000001842f000 17839       4       java.util.regex.Matcher::quoteReplacement (82 bytes)
Event: 153.811 Thread 0x000000001842f000 nmethod 17839 0x0000000005931ed0 code [0x0000000005932060, 0x0000000005932cf8]
Event: 153.826 Thread 0x000000001843f000 17840       3       java.io.FileOutputStream::write (13 bytes)
Event: 153.827 Thread 0x000000001843f000 nmethod 17840 0x000000000592ff90 code [0x0000000005930100, 0x00000000059302a8]

GC Heap History (10 events):
Event: 22.077 GC heap before
{Heap before GC invocations=20 (full 3):
 PSYoungGen      total 334848K, used 334817K [0x00000000e0000000, 0x00000000fa400000, 0x0000000100000000)
  eden space 287744K, 99% used [0x00000000e0000000,0x00000000f18f92e0,0x00000000f1900000)
  from space 47104K, 99% used [0x00000000f5300000,0x00000000f80ff420,0x00000000f8100000)
  to   space 59392K, 0% used [0x00000000f1900000,0x00000000f1900000,0x00000000f5300000)
 ParOldGen       total 299008K, used 76243K [0x00000000a0000000, 0x00000000b2400000, 0x00000000e0000000)
  object space 299008K, 25% used [0x00000000a0000000,0x00000000a4a74c50,0x00000000b2400000)
 Metaspace       used 65693K, capacity 67826K, committed 68096K, reserved 1107968K
  class space    used 8444K, capacity 8900K, committed 8960K, reserved 1048576K
Event: 22.106 GC heap after
Heap after GC invocations=20 (full 3):
 PSYoungGen      total 347136K, used 40447K [0x00000000e0000000, 0x00000000fdd00000, 0x0000000100000000)
  eden space 287744K, 0% used [0x00000000e0000000,0x00000000e0000000,0x00000000f1900000)
  from space 59392K, 68% used [0x00000000f1900000,0x00000000f407fce0,0x00000000f5300000)
  to   space 62464K, 0% used [0x00000000fa000000,0x00000000fa000000,0x00000000fdd00000)
 ParOldGen       total 299008K, used 76955K [0x00000000a0000000, 0x00000000b2400000, 0x00000000e0000000)
  object space 299008K, 25% used [0x00000000a0000000,0x00000000a4b26c50,0x00000000b2400000)
 Metaspace       used 65693K, capacity 67826K, committed 68096K, reserved 1107968K
  class space    used 8444K, capacity 8900K, committed 8960K, reserved 1048576K
}
Event: 89.390 GC heap before
{Heap before GC invocations=21 (full 3):
 PSYoungGen      total 347136K, used 328191K [0x00000000e0000000, 0x00000000fdd00000, 0x0000000100000000)
  eden space 287744K, 100% used [0x00000000e0000000,0x00000000f1900000,0x00000000f1900000)
  from space 59392K, 68% used [0x00000000f1900000,0x00000000f407fce0,0x00000000f5300000)
  to   space 62464K, 0% used [0x00000000fa000000,0x00000000fa000000,0x00000000fdd00000)
 ParOldGen       total 299008K, used 76955K [0x00000000a0000000, 0x00000000b2400000, 0x00000000e0000000)
  object space 299008K, 25% used [0x00000000a0000000,0x00000000a4b26c50,0x00000000b2400000)
 Metaspace       used 68223K, capacity 70474K, committed 70528K, reserved 1110016K
  class space    used 8626K, capacity 9082K, committed 9088K, reserved 1048576K
Event: 89.418 GC heap after
Heap after GC invocations=21 (full 3):
 PSYoungGen      total 406528K, used 29243K [0x00000000e0000000, 0x00000000fd180000, 0x0000000100000000)
  eden space 355840K, 0% used [0x00000000e0000000,0x00000000e0000000,0x00000000f5b80000)
  from space 50688K, 57% used [0x00000000fa000000,0x00000000fbc8ecc0,0x00000000fd180000)
  to   space 60416K, 0% used [0x00000000f5b80000,0x00000000f5b80000,0x00000000f9680000)
 ParOldGen       total 299008K, used 84913K [0x00000000a0000000, 0x00000000b2400000, 0x00000000e0000000)
  object space 299008K, 28% used [0x00000000a0000000,0x00000000a52ec5c8,0x00000000b2400000)
 Metaspace       used 68223K, capacity 70474K, committed 70528K, reserved 1110016K
  class space    used 8626K, capacity 9082K, committed 9088K, reserved 1048576K
}
Event: 136.479 GC heap before
{Heap before GC invocations=22 (full 3):
 PSYoungGen      total 406528K, used 385083K [0x00000000e0000000, 0x00000000fd180000, 0x0000000100000000)
  eden space 355840K, 100% used [0x00000000e0000000,0x00000000f5b80000,0x00000000f5b80000)
  from space 50688K, 57% used [0x00000000fa000000,0x00000000fbc8ecc0,0x00000000fd180000)
  to   space 60416K, 0% used [0x00000000f5b80000,0x00000000f5b80000,0x00000000f9680000)
 ParOldGen       total 299008K, used 84913K [0x00000000a0000000, 0x00000000b2400000, 0x00000000e0000000)
  object space 299008K, 28% used [0x00000000a0000000,0x00000000a52ec5c8,0x00000000b2400000)
 Metaspace       used 69757K, capacity 72720K, committed 72832K, reserved 1112064K
  class space    used 8736K, capacity 9267K, committed 9344K, reserved 1048576K
Event: 136.501 GC heap after
Heap after GC invocations=22 (full 3):
 PSYoungGen      total 416256K, used 18811K [0x00000000e0000000, 0x0000000100000000, 0x0000000100000000)
  eden space 355840K, 0% used [0x00000000e0000000,0x00000000e0000000,0x00000000f5b80000)
  from space 60416K, 31% used [0x00000000f5b80000,0x00000000f6ddee48,0x00000000f9680000)
  to   space 57856K, 0% used [0x00000000fc780000,0x00000000fc780000,0x0000000100000000)
 ParOldGen       total 299008K, used 101829K [0x00000000a0000000, 0x00000000b2400000, 0x00000000e0000000)
  object space 299008K, 34% used [0x00000000a0000000,0x00000000a6371520,0x00000000b2400000)
 Metaspace       used 69757K, capacity 72720K, committed 72832K, reserved 1112064K
  class space    used 8736K, capacity 9267K, committed 9344K, reserved 1048576K
}
Event: 141.494 GC heap before
{Heap before GC invocations=23 (full 3):
 PSYoungGen      total 416256K, used 374651K [0x00000000e0000000, 0x0000000100000000, 0x0000000100000000)
  eden space 355840K, 100% used [0x00000000e0000000,0x00000000f5b80000,0x00000000f5b80000)
  from space 60416K, 31% used [0x00000000f5b80000,0x00000000f6ddee48,0x00000000f9680000)
  to   space 57856K, 0% used [0x00000000fc780000,0x00000000fc780000,0x0000000100000000)
 ParOldGen       total 299008K, used 101829K [0x00000000a0000000, 0x00000000b2400000, 0x00000000e0000000)
  object space 299008K, 34% used [0x00000000a0000000,0x00000000a6371520,0x00000000b2400000)
 Metaspace       used 70334K, capacity 73304K, committed 73600K, reserved 1114112K
  class space    used 8794K, capacity 9305K, committed 9344K, reserved 1048576K
Event: 141.522 GC heap after
Heap after GC invocations=23 (full 3):
 PSYoungGen      total 462336K, used 33904K [0x00000000e0000000, 0x00000000ffe80000, 0x0000000100000000)
  eden space 406016K, 0% used [0x00000000e0000000,0x00000000e0000000,0x00000000f8c80000)
  from space 56320K, 60% used [0x00000000fc780000,0x00000000fe89c160,0x00000000ffe80000)
  to   space 58368K, 0% used [0x00000000f8c80000,0x00000000f8c80000,0x00000000fc580000)
 ParOldGen       total 299008K, used 111825K [0x00000000a0000000, 0x00000000b2400000, 0x00000000e0000000)
  object space 299008K, 37% used [0x00000000a0000000,0x00000000a6d34730,0x00000000b2400000)
 Metaspace       used 70334K, capacity 73304K, committed 73600K, reserved 1114112K
  class space    used 8794K, capacity 9305K, committed 9344K, reserved 1048576K
}
Event: 152.301 GC heap before
{Heap before GC invocations=24 (full 3):
 PSYoungGen      total 462336K, used 439547K [0x00000000e0000000, 0x00000000ffe80000, 0x0000000100000000)
  eden space 406016K, 99% used [0x00000000e0000000,0x00000000f8c22b90,0x00000000f8c80000)
  from space 56320K, 60% used [0x00000000fc780000,0x00000000fe89c160,0x00000000ffe80000)
  to   space 58368K, 0% used [0x00000000f8c80000,0x00000000f8c80000,0x00000000fc580000)
 ParOldGen       total 299008K, used 111825K [0x00000000a0000000, 0x00000000b2400000, 0x00000000e0000000)
  object space 299008K, 37% used [0x00000000a0000000,0x00000000a6d34730,0x00000000b2400000)
 Metaspace       used 71144K, capacity 74356K, committed 74496K, reserved 1114112K
  class space    used 8848K, capacity 9415K, committed 9472K, reserved 1048576K
Event: 152.311 GC heap after
Heap after GC invocations=24 (full 3):
 PSYoungGen      total 464384K, used 10299K [0x00000000e0000000, 0x0000000100000000, 0x0000000100000000)
  eden space 406016K, 0% used [0x00000000e0000000,0x00000000e0000000,0x00000000f8c80000)
  from space 58368K, 17% used [0x00000000f8c80000,0x00000000f968ef80,0x00000000fc580000)
  to   space 57344K, 0% used [0x00000000fc800000,0x00000000fc800000,0x0000000100000000)
 ParOldGen       total 299008K, used 111833K [0x00000000a0000000, 0x00000000b2400000, 0x00000000e0000000)
  object space 299008K, 37% used [0x00000000a0000000,0x00000000a6d36730,0x00000000b2400000)
 Metaspace       used 71144K, capacity 74356K, committed 74496K, reserved 1114112K
  class space    used 8848K, capacity 9415K, committed 9472K, reserved 1048576K
}

Deoptimization events (10 events):
Event: 152.384 Thread 0x000000001a1b8800 Uncommon trap: reason=unstable_if action=reinterpret pc=0x0000000002a8bc1c method=org.objectweb.asm.MethodWriter.visitMethodInsn(ILjava/lang/String;Ljava/lang/String;Ljava/lang/String;Z)V @ 37
Event: 152.384 Thread 0x000000001a1b8800 Uncommon trap: reason=unstable_if action=reinterpret pc=0x00000000044bca0c method=org.objectweb.asm.MethodWriter.visitInsn(I)V @ 24
Event: 152.384 Thread 0x000000001a1b8800 Uncommon trap: reason=unstable_if action=reinterpret pc=0x0000000003ab4e1c method=org.objectweb.asm.MethodWriter.visitLocalVariable(Ljava/lang/String;Ljava/lang/String;Ljava/lang/String;Lorg/objectweb/asm/Label;Lorg/objectweb/asm/Label;I)V @ 173
Event: 152.384 Thread 0x000000001a1b8800 Uncommon trap: reason=unstable_if action=reinterpret pc=0x0000000004028978 method=org.objectweb.asm.MethodWriter.visitMaxs(II)V @ 15
Event: 152.384 Thread 0x000000001a1b8800 Uncommon trap: reason=unstable_if action=reinterpret pc=0x00000000030d7b30 method=org.objectweb.asm.MethodWriter.visitLdcInsn(Ljava/lang/Object;)V @ 24
Event: 152.384 Thread 0x000000001a1b8800 Uncommon trap: reason=unstable_if action=reinterpret pc=0x0000000003f971d4 method=org.objectweb.asm.MethodWriter.visitFieldInsn(ILjava/lang/String;Ljava/lang/String;Ljava/lang/String;)V @ 28
Event: 152.384 Thread 0x000000001a1b8800 Uncommon trap: reason=unstable_if action=reinterpret pc=0x0000000005661114 method=org.objectweb.asm.ClassWriter.toByteArray()[B @ 156
Event: 152.400 Thread 0x000000001a1b8800 Uncommon trap: reason=unstable_if action=reinterpret pc=0x000000000301a700 method=java.lang.AbstractStringBuilder.append(I)Ljava/lang/AbstractStringBuilder; @ 16
Event: 152.400 Thread 0x000000001a1b8800 Uncommon trap: reason=unstable_if action=reinterpret pc=0x00000000053c66c8 method=java.lang.Integer.getChars(II[C)V @ 7
Event: 153.839 Thread 0x000000001a1b8800 Uncommon trap: reason=unstable_if action=reinterpret pc=0x0000000004d1db30 method=java.io.FileInputStream.<init>(Ljava/io/File;)V @ 43

Internal exceptions (10 events):
Event: 147.418 Thread 0x000000001a1b8800 Implicit null exception at 0x0000000005522c9f to 0x0000000005522dcd
Event: 152.145 Thread 0x000000001a1b8800 Implicit null exception at 0x00000000029d519b to 0x00000000029d5b69
Event: 152.146 Thread 0x000000001a1b8800 Implicit null exception at 0x0000000002cb895b to 0x0000000002cb9329
Event: 152.148 Thread 0x000000001a1b8800 Implicit null exception at 0x00000000030f9361 to 0x00000000030f9999
Event: 152.148 Thread 0x000000001a1b8800 Implicit null exception at 0x0000000002c3b7bd to 0x0000000002c3bc3d
Event: 152.383 Thread 0x000000001a1b8800 Implicit null exception at 0x0000000003faa850 to 0x0000000003fab081
Event: 152.384 Thread 0x000000001a1b8800 Implicit null exception at 0x0000000002a8a0b2 to 0x0000000002a8bbf9
Event: 152.384 Thread 0x000000001a1b8800 Implicit null exception at 0x00000000044bc723 to 0x00000000044bc9fd
Event: 152.384 Thread 0x000000001a1b8800 Implicit null exception at 0x00000000030d5d90 to 0x00000000030d7b25
Event: 152.384 Thread 0x000000001a1b8800 Implicit null exception at 0x0000000003f962b5 to 0x0000000003f971bd

Events (10 events):
Event: 153.815 loading class android/support/v7/appcompat/R$integer done
Event: 153.818 loading class android/support/v7/appcompat/R$layout
Event: 153.818 loading class android/support/v7/appcompat/R$layout done
Event: 153.825 loading class android/support/v7/appcompat/R$string
Event: 153.825 loading class android/support/v7/appcompat/R$string done
Event: 153.833 loading class android/support/v7/appcompat/R$style
Event: 153.833 loading class android/support/v7/appcompat/R$style done
Event: 153.839 Thread 0x000000001a1b8800 Uncommon trap: trap_request=0xffffff65 fr.pc=0x0000000004d1db30
Event: 153.839 Thread 0x000000001a1b8800 DEOPT PACKING pc=0x0000000004d1db30 sp=0x000000001bacb4a0
Event: 153.839 Thread 0x000000001a1b8800 DEOPT UNPACKING pc=0x00000000027c556a sp=0x000000001bacb468 mode 2


Dynamic libraries:
0x00007ff751a70000 - 0x00007ff751aa1000 	C:\Program Files\Android\Android Studio\jre\bin\java.exe
0x00007ffce68a0000 - 0x00007ffce6a71000 	C:\WINDOWS\SYSTEM32\ntdll.dll
0x00007ffce5ff0000 - 0x00007ffce609b000 	C:\WINDOWS\System32\KERNEL32.DLL
0x00007ffce3a00000 - 0x00007ffce3c1d000 	C:\WINDOWS\System32\KERNELBASE.dll
0x00007ffce5930000 - 0x00007ffce59d2000 	C:\WINDOWS\System32\ADVAPI32.dll
0x00007ffce5ce0000 - 0x00007ffce5d7e000 	C:\WINDOWS\System32\msvcrt.dll
0x00007ffce5c80000 - 0x00007ffce5cd9000 	C:\WINDOWS\System32\sechost.dll
0x00007ffce5d80000 - 0x00007ffce5ea1000 	C:\WINDOWS\System32\RPCRT4.dll
0x00007ffce42b0000 - 0x00007ffce4415000 	C:\WINDOWS\System32\USER32.dll
0x00007ffce2e40000 - 0x00007ffce2e5e000 	C:\WINDOWS\System32\win32u.dll
0x00007ffce5eb0000 - 0x00007ffce5ee4000 	C:\WINDOWS\System32\GDI32.dll
0x00007ffce2f10000 - 0x00007ffce3092000 	C:\WINDOWS\System32\gdi32full.dll
0x00007ffcdbbd0000 - 0x00007ffcdbe49000 	C:\WINDOWS\WinSxS\amd64_microsoft.windows.common-controls_6595b64144ccf1df_6.0.14393.447_none_42191651c6827bb3\COMCTL32.dll
0x00007ffce3fe0000 - 0x00007ffce42a8000 	C:\WINDOWS\System32\combase.dll
0x00007ffce3d30000 - 0x00007ffce3e25000 	C:\WINDOWS\System32\ucrtbase.dll
0x00007ffce3c20000 - 0x00007ffce3c8a000 	C:\WINDOWS\System32\bcryptPrimitives.dll
0x00007ffce61e0000 - 0x00007ffce620e000 	C:\WINDOWS\System32\IMM32.DLL
0x0000000073c10000 - 0x0000000073ce2000 	C:\Program Files\Android\Android Studio\jre\jre\bin\msvcr100.dll
0x0000000073cf0000 - 0x000000007452c000 	C:\Program Files\Android\Android Studio\jre\jre\bin\server\jvm.dll
0x00007ffce61d0000 - 0x00007ffce61d8000 	C:\WINDOWS\System32\PSAPI.DLL
0x00007ffcd7df0000 - 0x00007ffcd7df9000 	C:\WINDOWS\SYSTEM32\WSOCK32.dll
0x00007ffce0f50000 - 0x00007ffce0f73000 	C:\WINDOWS\SYSTEM32\WINMM.dll
0x00007ffcde1d0000 - 0x00007ffcde1da000 	C:\WINDOWS\SYSTEM32\VERSION.dll
0x00007ffce6160000 - 0x00007ffce61ca000 	C:\WINDOWS\System32\WS2_32.dll
0x0000000000cf0000 - 0x0000000000d1b000 	C:\WINDOWS\SYSTEM32\WINMMBASE.dll
0x00007ffce2e60000 - 0x00007ffce2ea2000 	C:\WINDOWS\System32\cfgmgr32.dll
0x00007ffcde2b0000 - 0x00007ffcde2bf000 	C:\Program Files\Android\Android Studio\jre\jre\bin\verify.dll
0x00007ffcdb510000 - 0x00007ffcdb539000 	C:\Program Files\Android\Android Studio\jre\jre\bin\java.dll
0x00007ffcde1e0000 - 0x00007ffcde1f6000 	C:\Program Files\Android\Android Studio\jre\jre\bin\zip.dll
0x00007ffce4420000 - 0x00007ffce5929000 	C:\WINDOWS\System32\SHELL32.dll
0x00007ffce3270000 - 0x00007ffce394a000 	C:\WINDOWS\System32\windows.storage.dll
0x00007ffce2d40000 - 0x00007ffce2d8c000 	C:\WINDOWS\System32\powrprof.dll
0x00007ffce6210000 - 0x00007ffce6262000 	C:\WINDOWS\System32\shlwapi.dll
0x00007ffce2d10000 - 0x00007ffce2d1f000 	C:\WINDOWS\System32\kernel.appcore.dll
0x00007ffce3950000 - 0x00007ffce39f9000 	C:\WINDOWS\System32\shcore.dll
0x00007ffce2d20000 - 0x00007ffce2d34000 	C:\WINDOWS\System32\profapi.dll
0x00007ffcdbe50000 - 0x00007ffcdbe6a000 	C:\Program Files\Android\Android Studio\jre\jre\bin\net.dll
0x00007ffce2560000 - 0x00007ffce25bc000 	C:\WINDOWS\system32\mswsock.dll
0x00007ffcdb6d0000 - 0x00007ffcdb6e1000 	C:\Program Files\Android\Android Studio\jre\jre\bin\nio.dll
0x00007ffcda810000 - 0x00007ffcda82e000 	C:\Users\cngz\.gradle\native\21\windows-amd64\native-platform.dll
0x00007ffce27e0000 - 0x00007ffce27f7000 	C:\WINDOWS\SYSTEM32\CRYPTSP.dll
0x00007ffce26e0000 - 0x00007ffce2713000 	C:\WINDOWS\system32\rsaenh.dll
0x00007ffce28e0000 - 0x00007ffce290b000 	C:\WINDOWS\SYSTEM32\bcrypt.dll
0x00007ffce23e0000 - 0x00007ffce23ff000 	C:\WINDOWS\SYSTEM32\USERENV.dll
0x00007ffce27d0000 - 0x00007ffce27db000 	C:\WINDOWS\SYSTEM32\CRYPTBASE.dll
0x00007ffce22f0000 - 0x00007ffce2328000 	C:\WINDOWS\SYSTEM32\IPHLPAPI.DLL
0x00007ffce6890000 - 0x00007ffce6898000 	C:\WINDOWS\System32\NSI.dll
0x00007ffcdd770000 - 0x00007ffcdd786000 	C:\WINDOWS\SYSTEM32\dhcpcsvc6.DLL
0x00007ffcde790000 - 0x00007ffcde7aa000 	C:\WINDOWS\SYSTEM32\dhcpcsvc.DLL
0x00007ffcde230000 - 0x00007ffcde23d000 	C:\Program Files\Android\Android Studio\jre\jre\bin\management.dll
0x00007ffcda1e0000 - 0x00007ffcda204000 	C:\Program Files\Android\Android Studio\jre\jre\bin\sunec.dll
0x00007ffcdb380000 - 0x00007ffcdb38b000 	C:\Program Files\Android\Android Studio\jre\jre\bin\sunmscapi.dll
0x00007ffce30a0000 - 0x00007ffce3269000 	C:\WINDOWS\System32\CRYPT32.dll
0x00007ffce2d00000 - 0x00007ffce2d10000 	C:\WINDOWS\System32\MSASN1.dll
0x00007ffcd4170000 - 0x00007ffcd4302000 	C:\WINDOWS\SYSTEM32\dbghelp.dll

VM Arguments:
jvm_args: -Xmx1536m -Dfile.encoding=windows-1254 -Duser.country=TR -Duser.language=tr -Duser.variant 
java_command: org.gradle.launcher.daemon.bootstrap.GradleDaemon 3.2
java_class_path (initial): C:\Users\cngz\.gradle\wrapper\dists\gradle-3.2-all\97ld1dyml0oep92x4lyn4g235\gradle-3.2\lib\gradle-launcher-3.2.jar
Launcher Type: SUN_STANDARD

Environment Variables:
PATH=C:\WINDOWS\system32;C:\WINDOWS;C:\WINDOWS\System32\Wbem;C:\WINDOWS\System32\WindowsPowerShell\v1.0\;C:\Program Files\Microsoft\Web Platform Installer\;C:\Program Files (x86)\Microsoft ASP.NET\ASP.NET Web Pages\v1.0\;C:\Program Files (x86)\Windows Kits\8.0\Windows Performance Toolkit\;C:\Program Files\Microsoft SQL Server\110\Tools\Binn\;C:\Program Files (x86)\Microsoft SQL Server\90\Tools\binn\;C:\Users\cngz\AppData\Local\Microsoft\WindowsApps;
USERNAME=cngz
OS=Windows_NT
PROCESSOR_IDENTIFIER=Intel64 Family 6 Model 58 Stepping 9, GenuineIntel



---------------  S Y S T E M  ---------------

OS: Windows 10.0 , 64 bit Build 14393 (10.0.14393.0)

CPU:total 8 (4 cores per cpu, 2 threads per core) family 6 model 58 stepping 9, cmov, cx8, fxsr, mmx, sse, sse2, sse3, ssse3, sse4.1, sse4.2, popcnt, avx, aes, clmul, erms, ht, tsc, tscinvbit, tscinv

Memory: 4k page, physical 16671536k(12322820k free), swap 19161904k(14268228k free)

vm_info: OpenJDK 64-Bit Server VM (25.112-b06) for windows-amd64 JRE (1.8.0_112-release-b06), built on Dec  8 2016 00:54:26 by "builder" with MS VC++ 10.0 (VS2010)

time: Wed Dec 28 11:20:18 2016
elapsed time: 153 seconds (0d 0h 2m 33s)

