#
# A fatal error has been detected by the Java Runtime Environment:
#
#  EXCEPTION_ACCESS_VIOLATION (0xc0000005) at pc=0x000000007477529f, pid=5832, tid=0x0000000000001484
#
# JRE version: OpenJDK Runtime Environment (8.0_112-b06) (build 1.8.0_112-release-b06)
# Java VM: OpenJDK 64-Bit Server VM (25.112-b06 mixed mode windows-amd64 compressed oops)
# Problematic frame:
# V  [jvm.dll+0x4d529f]
#
# Failed to write core dump. Minidumps are not enabled by default on client versions of Windows
#
# If you would like to submit a bug report, please visit:
#   http://bugreport.java.com/bugreport/crash.jsp
#

---------------  T H R E A D  ---------------

Current thread (0x000000001831e800):  JavaThread "C2 CompilerThread0" daemon [_thread_in_native, id=5252, stack(0x0000000018ad0000,0x0000000018bd0000)]

siginfo: ExceptionCode=0xc0000005, reading address 0x0000000000000002

Registers:
RAX=0x00000000c102260d, RBX=0x000000001b16b6c0, RCX=0x0000000018bcd178, RDX=0x0000000000000002
RSP=0x0000000018bcbb20, RBP=0x0000000000010000, RSI=0x00000000000009f1, RDI=0x0000000018bcd178
R8 =0x00000000000002f3, R9 =0x000000000000060d, R10=0x0000000000001fff, R11=0x000000001d7111d0
R12=0x0000000000001000, R13=0x00000000226722c8, R14=0x0000000000000249, R15=0x000000000000003e
RIP=0x000000007477529f, EFLAGS=0x0000000000010202

Top of Stack: (sp=0x0000000018bcbb20)
0x0000000018bcbb20:   0000000018bcd178 00000000000009f4
0x0000000018bcbb30:   000000001837fd90 000000007479863d
0x0000000018bcbb40:   0000000018bcd178 000000007477561c
0x0000000018bcbb50:   000000001b16b6c0 00000000000009f1
0x0000000018bcbb60:   0000000018bceac8 000000007478b248
0x0000000018bcbb70:   0000000000000249 0000000074775e6e
0x0000000018bcbb80:   0000000018bcd178 0000000000000492
0x0000000018bcbb90:   0000000000000003 0000000000000000
0x0000000018bcbba0:   000000001e906ec8 0000000000000000
0x0000000018bcbbb0:   0000000022ae2b00 0000000000000611
0x0000000018bcbbc0:   00000000226722c8 00000000747786b6
0x0000000018bcbbd0:   00000000000001ed 0000000018bcc7f0
0x0000000018bcbbe0:   00000000226722c8 0000000000000000
0x0000000018bcbbf0:   0000000000000611 0000000018bce930
0x0000000018bcbc00:   00000000226722c8 0000000074777fda
0x0000000018bcbc10:   00000000000001ed 0000000022ae2b00 

Instructions: (pc=0x000000007477529f)
0x000000007477527f:   cc 41 b8 50 00 00 00 e9 8b 9c 0c 00 cc cc cc cc
0x000000007477528f:   cc 48 89 5c 24 08 48 89 74 24 10 57 48 83 ec 20
0x000000007477529f:   48 8b 02 48 8b d9 48 8b ca 48 8b fa ff 50 60 8b
0x00000000747752af:   f0 85 c0 74 54 ff 43 0c 44 8b 43 0c 44 3b 43 10 


Register to memory mapping:

RAX=0x00000000c102260d is an unallocated location in the heap
RBX=0x000000001b16b6c0 is an unknown value
RCX=0x0000000018bcd178 is pointing into the stack for thread: 0x000000001831e800
RDX=0x0000000000000002 is an unknown value
RSP=0x0000000018bcbb20 is pointing into the stack for thread: 0x000000001831e800
RBP=0x0000000000010000 is an unknown value
RSI=0x00000000000009f1 is an unknown value
RDI=0x0000000018bcd178 is pointing into the stack for thread: 0x000000001831e800
R8 =0x00000000000002f3 is an unknown value
R9 =0x000000000000060d is an unknown value
R10=0x0000000000001fff is an unknown value
R11=0x000000001d7111d0 is an unknown value
R12=0x0000000000001000 is an unknown value
R13=0x00000000226722c8 is an unknown value
R14=0x0000000000000249 is an unknown value
R15=0x000000000000003e is an unknown value


Stack: [0x0000000018ad0000,0x0000000018bd0000],  sp=0x0000000018bcbb20,  free space=1006k
Native frames: (J=compiled Java code, j=interpreted, Vv=VM code, C=native code)
V  [jvm.dll+0x4d529f]
V  [jvm.dll+0x4d561c]
V  [jvm.dll+0x4d5e6e]
V  [jvm.dll+0x4d86b6]
V  [jvm.dll+0x4d7fda]
V  [jvm.dll+0x43e3ef]
V  [jvm.dll+0x43fef2]
V  [jvm.dll+0x423242]
V  [jvm.dll+0x80b29]
V  [jvm.dll+0x8145f]
V  [jvm.dll+0x21be7f]
V  [jvm.dll+0x26c13a]
C  [msvcr100.dll+0x21d9f]
C  [msvcr100.dll+0x21e3b]
C  [KERNEL32.DLL+0x8364]
C  [ntdll.dll+0x670d1]


Current CompileTask:
C2:  16621 9096       4       org.objectweb.asm.Frame::a (576 bytes)


---------------  P R O C E S S  ---------------

Java Threads: ( => current thread )
  0x0000000019616800 JavaThread "pool-3-thread-8" [_thread_blocked, id=6400, stack(0x0000000024c40000,0x0000000024d40000)]
  0x0000000019619800 JavaThread "pool-3-thread-7" [_thread_blocked, id=10060, stack(0x0000000024b40000,0x0000000024c40000)]
  0x000000001961d800 JavaThread "pool-3-thread-6" [_thread_blocked, id=436, stack(0x0000000024a40000,0x0000000024b40000)]
  0x000000001961b000 JavaThread "pool-3-thread-5" [_thread_blocked, id=7436, stack(0x0000000024940000,0x0000000024a40000)]
  0x000000001961a800 JavaThread "pool-3-thread-4" [_thread_blocked, id=9468, stack(0x0000000024640000,0x0000000024740000)]
  0x0000000019618800 JavaThread "pool-3-thread-3" [_thread_blocked, id=840, stack(0x0000000024540000,0x0000000024640000)]
  0x000000001961c800 JavaThread "pool-3-thread-2" [_thread_blocked, id=2124, stack(0x0000000024440000,0x0000000024540000)]
  0x000000001961c000 JavaThread "pool-3-thread-1" [_thread_blocked, id=460, stack(0x0000000024340000,0x0000000024440000)]
  0x000000001af5e800 JavaThread "Cache update executor" [_thread_blocked, id=2812, stack(0x0000000023e40000,0x0000000023f40000)]
  0x000000001af59800 JavaThread "File lock request listener" [_thread_in_native, id=8756, stack(0x0000000020c60000,0x0000000020d60000)]
  0x000000001a204800 JavaThread "Stdin handler" [_thread_blocked, id=5696, stack(0x000000001caa0000,0x000000001cba0000)]
  0x000000001a1ff800 JavaThread "Asynchronous log dispatcher for org.gradle.launcher.daemon.server.DefaultDaemonConnection@6f8d8fd" [_thread_blocked, id=4468, stack(0x000000001c9a0000,0x000000001caa0000)]
  0x000000001a14f800 JavaThread "Daemon worker" [_thread_in_native, id=7316, stack(0x000000001c8a0000,0x000000001c9a0000)]
  0x000000001a20d000 JavaThread "Cancel handler" [_thread_blocked, id=7832, stack(0x000000001c7a0000,0x000000001c8a0000)]
  0x000000001a020000 JavaThread "pool-1-thread-1" [_thread_blocked, id=1632, stack(0x000000001c6a0000,0x000000001c7a0000)]
  0x000000001a1ba000 JavaThread "Handler for socket connection from /127.0.0.1:59747 to /127.0.0.1:59748" [_thread_in_native, id=3564, stack(0x000000001c5a0000,0x000000001c6a0000)]
  0x000000001a7a0800 JavaThread "Daemon" [_thread_blocked, id=10368, stack(0x000000001c4a0000,0x000000001c5a0000)]
  0x0000000019b71800 JavaThread "Incoming local TCP Connector on port 59747" [_thread_in_native, id=6660, stack(0x000000001abe0000,0x000000001ace0000)]
  0x000000001641e800 JavaThread "Service Thread" daemon [_thread_blocked, id=4516, stack(0x0000000018ed0000,0x0000000018fd0000)]
  0x000000001641b800 JavaThread "C1 CompilerThread3" daemon [_thread_blocked, id=2380, stack(0x0000000018dd0000,0x0000000018ed0000)]
  0x0000000018324000 JavaThread "C2 CompilerThread2" daemon [_thread_in_native, id=6996, stack(0x0000000018cd0000,0x0000000018dd0000)]
  0x0000000018320800 JavaThread "C2 CompilerThread1" daemon [_thread_in_native, id=6308, stack(0x0000000018bd0000,0x0000000018cd0000)]
=>0x000000001831e800 JavaThread "C2 CompilerThread0" daemon [_thread_in_native, id=5252, stack(0x0000000018ad0000,0x0000000018bd0000)]
  0x000000001831c000 JavaThread "Attach Listener" daemon [_thread_blocked, id=3832, stack(0x00000000189d0000,0x0000000018ad0000)]
  0x000000001831a800 JavaThread "Signal Dispatcher" daemon [_thread_blocked, id=9424, stack(0x00000000188d0000,0x00000000189d0000)]
  0x0000000018310800 JavaThread "Finalizer" daemon [_thread_blocked, id=9036, stack(0x00000000186f0000,0x00000000187f0000)]
  0x000000001640b800 JavaThread "Reference Handler" daemon [_thread_blocked, id=2408, stack(0x00000000181f0000,0x00000000182f0000)]
  0x0000000002550800 JavaThread "main" [_thread_blocked, id=7496, stack(0x00000000023b0000,0x00000000024b0000)]

Other Threads:
  0x0000000016407800 VMThread [stack: 0x00000000180f0000,0x00000000181f0000] [id=3540]
  0x00000000183b3800 WatcherThread [stack: 0x0000000018fd0000,0x00000000190d0000] [id=8720]

VM state:not at safepoint (normal execution)

VM Mutex/Monitor currently owned by a thread: None

Heap:
 PSYoungGen      total 194560K, used 114303K [0x00000000e0000000, 0x00000000f1e00000, 0x0000000100000000)
  eden space 169472K, 56% used [0x00000000e0000000,0x00000000e5d59cd8,0x00000000ea580000)
  from space 25088K, 74% used [0x00000000ea580000,0x00000000eb7c6280,0x00000000ebe00000)
  to   space 25600K, 0% used [0x00000000f0500000,0x00000000f0500000,0x00000000f1e00000)
 ParOldGen       total 202240K, used 26224K [0x00000000a0000000, 0x00000000ac580000, 0x00000000e0000000)
  object space 202240K, 12% used [0x00000000a0000000,0x00000000a199c270,0x00000000ac580000)
 Metaspace       used 55549K, capacity 57386K, committed 57728K, reserved 1099776K
  class space    used 7336K, capacity 7728K, committed 7808K, reserved 1048576K

Card table byte_map: [0x0000000011a10000,0x0000000011d20000] byte_map_base: 0x0000000011510000

Marking Bits: (ParMarkBitMap*) 0x0000000074a618f0
 Begin Bits: [0x0000000012720000, 0x0000000013f20000)
 End Bits:   [0x0000000013f20000, 0x0000000015720000)

Polling page: 0x0000000000c50000

CodeCache: size=245760Kb used=28318Kb max_used=28386Kb free=217441Kb
 bounds [0x0000000002650000, 0x0000000004260000, 0x0000000011650000]
 total_blobs=8553 nmethods=7789 adapters=675
 compilation: enabled

Compilation events (10 events):
Event: 16.331 Thread 0x000000001641b800 9101       3       org.objectweb.asm.Type::a (269 bytes)
Event: 16.332 Thread 0x000000001641b800 nmethod 9101 0x000000000393d4d0 code [0x000000000393d6c0, 0x000000000393dfb0]
Event: 16.338 Thread 0x000000001641b800 9102       3       org.objectweb.asm.Frame::a (2252 bytes)
Event: 16.348 Thread 0x000000001641b800 nmethod 9102 0x0000000003d38810 code [0x0000000003d39580, 0x0000000003d3f258]
Event: 16.540 Thread 0x000000001641b800 9104       3       org.objectweb.asm.tree.MethodNode::getLabelNodes (32 bytes)
Event: 16.540 Thread 0x000000001641b800 nmethod 9104 0x00000000029b7bd0 code [0x00000000029b7d80, 0x00000000029b85f0]
Event: 16.556 Thread 0x000000001641b800 9106       3       org.objectweb.asm.tree.LookupSwitchInsnNode::accept (114 bytes)
Event: 16.558 Thread 0x000000001641b800 nmethod 9106 0x0000000003cb77d0 code [0x0000000003cb7a20, 0x0000000003cb8a38]
Event: 16.593 Thread 0x000000001831e800 nmethod 9074 0x0000000004238910 code [0x0000000004239080, 0x000000000423f908]
Event: 16.594 Thread 0x000000001831e800 9096       4       org.objectweb.asm.Frame::a (576 bytes)

GC Heap History (10 events):
Event: 6.662 GC heap before
{Heap before GC invocations=9 (full 2):
 PSYoungGen      total 123904K, used 122580K [0x00000000e0000000, 0x00000000e8980000, 0x0000000100000000)
  eden space 113152K, 100% used [0x00000000e0000000,0x00000000e6e80000,0x00000000e6e80000)
  from space 10752K, 87% used [0x00000000e7f00000,0x00000000e88351f0,0x00000000e8980000)
  to   space 13824K, 0% used [0x00000000e6e80000,0x00000000e6e80000,0x00000000e7c00000)
 ParOldGen       total 202240K, used 17799K [0x00000000a0000000, 0x00000000ac580000, 0x00000000e0000000)
  object space 202240K, 8% used [0x00000000a0000000,0x00000000a1161ed0,0x00000000ac580000)
 Metaspace       used 44745K, capacity 45876K, committed 45952K, reserved 1089536K
  class space    used 5986K, capacity 6219K, committed 6272K, reserved 1048576K
Event: 6.672 GC heap after
Heap after GC invocations=9 (full 2):
 PSYoungGen      total 126976K, used 13795K [0x00000000e0000000, 0x00000000eb280000, 0x0000000100000000)
  eden space 113152K, 0% used [0x00000000e0000000,0x00000000e0000000,0x00000000e6e80000)
  from space 13824K, 99% used [0x00000000e6e80000,0x00000000e7bf8cd8,0x00000000e7c00000)
  to   space 15872K, 0% used [0x00000000ea300000,0x00000000ea300000,0x00000000eb280000)
 ParOldGen       total 202240K, used 18186K [0x00000000a0000000, 0x00000000ac580000, 0x00000000e0000000)
  object space 202240K, 8% used [0x00000000a0000000,0x00000000a11c2878,0x00000000ac580000)
 Metaspace       used 44745K, capacity 45876K, committed 45952K, reserved 1089536K
  class space    used 5986K, capacity 6219K, committed 6272K, reserved 1048576K
}
Event: 8.762 GC heap before
{Heap before GC invocations=10 (full 2):
 PSYoungGen      total 126976K, used 126947K [0x00000000e0000000, 0x00000000eb280000, 0x0000000100000000)
  eden space 113152K, 100% used [0x00000000e0000000,0x00000000e6e80000,0x00000000e6e80000)
  from space 13824K, 99% used [0x00000000e6e80000,0x00000000e7bf8cd8,0x00000000e7c00000)
  to   space 15872K, 0% used [0x00000000ea300000,0x00000000ea300000,0x00000000eb280000)
 ParOldGen       total 202240K, used 18186K [0x00000000a0000000, 0x00000000ac580000, 0x00000000e0000000)
  object space 202240K, 8% used [0x00000000a0000000,0x00000000a11c2878,0x00000000ac580000)
 Metaspace       used 50537K, capacity 52004K, committed 52224K, reserved 1093632K
  class space    used 6809K, capacity 7129K, committed 7168K, reserved 1048576K
Event: 8.778 GC heap after
Heap after GC invocations=10 (full 2):
 PSYoungGen      total 161792K, used 15859K [0x00000000e0000000, 0x00000000eba80000, 0x0000000100000000)
  eden space 145920K, 0% used [0x00000000e0000000,0x00000000e0000000,0x00000000e8e80000)
  from space 15872K, 99% used [0x00000000ea300000,0x00000000eb27cc90,0x00000000eb280000)
  to   space 20992K, 0% used [0x00000000e8e80000,0x00000000e8e80000,0x00000000ea300000)
 ParOldGen       total 202240K, used 26200K [0x00000000a0000000, 0x00000000ac580000, 0x00000000e0000000)
  object space 202240K, 12% used [0x00000000a0000000,0x00000000a1996270,0x00000000ac580000)
 Metaspace       used 50537K, capacity 52004K, committed 52224K, reserved 1093632K
  class space    used 6809K, capacity 7129K, committed 7168K, reserved 1048576K
}
Event: 12.813 GC heap before
{Heap before GC invocations=11 (full 2):
 PSYoungGen      total 161792K, used 161779K [0x00000000e0000000, 0x00000000eba80000, 0x0000000100000000)
  eden space 145920K, 100% used [0x00000000e0000000,0x00000000e8e80000,0x00000000e8e80000)
  from space 15872K, 99% used [0x00000000ea300000,0x00000000eb27cc90,0x00000000eb280000)
  to   space 20992K, 0% used [0x00000000e8e80000,0x00000000e8e80000,0x00000000ea300000)
 ParOldGen       total 202240K, used 26200K [0x00000000a0000000, 0x00000000ac580000, 0x00000000e0000000)
  object space 202240K, 12% used [0x00000000a0000000,0x00000000a1996270,0x00000000ac580000)
 Metaspace       used 52033K, capacity 53698K, committed 53888K, reserved 1095680K
  class space    used 6968K, capacity 7288K, committed 7296K, reserved 1048576K
Event: 12.831 GC heap after
Heap after GC invocations=11 (full 2):
 PSYoungGen      total 166912K, used 20075K [0x00000000e0000000, 0x00000000ed500000, 0x0000000100000000)
  eden space 145920K, 0% used [0x00000000e0000000,0x00000000e0000000,0x00000000e8e80000)
  from space 20992K, 95% used [0x00000000e8e80000,0x00000000ea21af00,0x00000000ea300000)
  to   space 23552K, 0% used [0x00000000ebe00000,0x00000000ebe00000,0x00000000ed500000)
 ParOldGen       total 202240K, used 26208K [0x00000000a0000000, 0x00000000ac580000, 0x00000000e0000000)
  object space 202240K, 12% used [0x00000000a0000000,0x00000000a1998270,0x00000000ac580000)
 Metaspace       used 52033K, capacity 53698K, committed 53888K, reserved 1095680K
  class space    used 6968K, capacity 7288K, committed 7296K, reserved 1048576K
}
Event: 13.062 GC heap before
{Heap before GC invocations=12 (full 2):
 PSYoungGen      total 166912K, used 165984K [0x00000000e0000000, 0x00000000ed500000, 0x0000000100000000)
  eden space 145920K, 99% used [0x00000000e0000000,0x00000000e8e7d288,0x00000000e8e80000)
  from space 20992K, 95% used [0x00000000e8e80000,0x00000000ea21af00,0x00000000ea300000)
  to   space 23552K, 0% used [0x00000000ebe00000,0x00000000ebe00000,0x00000000ed500000)
 ParOldGen       total 202240K, used 26208K [0x00000000a0000000, 0x00000000ac580000, 0x00000000e0000000)
  object space 202240K, 12% used [0x00000000a0000000,0x00000000a1998270,0x00000000ac580000)
 Metaspace       used 52833K, capacity 54634K, committed 54912K, reserved 1097728K
  class space    used 7079K, capacity 7430K, committed 7552K, reserved 1048576K
Event: 13.077 GC heap after
Heap after GC invocations=12 (full 2):
 PSYoungGen      total 193024K, used 19762K [0x00000000e0000000, 0x00000000eeb00000, 0x0000000100000000)
  eden space 169472K, 0% used [0x00000000e0000000,0x00000000e0000000,0x00000000ea580000)
  from space 23552K, 83% used [0x00000000ebe00000,0x00000000ed14c8a0,0x00000000ed500000)
  to   space 25088K, 0% used [0x00000000ea580000,0x00000000ea580000,0x00000000ebe00000)
 ParOldGen       total 202240K, used 26216K [0x00000000a0000000, 0x00000000ac580000, 0x00000000e0000000)
  object space 202240K, 12% used [0x00000000a0000000,0x00000000a199a270,0x00000000ac580000)
 Metaspace       used 52833K, capacity 54634K, committed 54912K, reserved 1097728K
  class space    used 7079K, capacity 7430K, committed 7552K, reserved 1048576K
}
Event: 13.170 GC heap before
{Heap before GC invocations=13 (full 2):
 PSYoungGen      total 193024K, used 189234K [0x00000000e0000000, 0x00000000eeb00000, 0x0000000100000000)
  eden space 169472K, 100% used [0x00000000e0000000,0x00000000ea580000,0x00000000ea580000)
  from space 23552K, 83% used [0x00000000ebe00000,0x00000000ed14c8a0,0x00000000ed500000)
  to   space 25088K, 0% used [0x00000000ea580000,0x00000000ea580000,0x00000000ebe00000)
 ParOldGen       total 202240K, used 26216K [0x00000000a0000000, 0x00000000ac580000, 0x00000000e0000000)
  object space 202240K, 12% used [0x00000000a0000000,0x00000000a199a270,0x00000000ac580000)
 Metaspace       used 52965K, capacity 54750K, committed 54912K, reserved 1097728K
  class space    used 7097K, capacity 7440K, committed 7552K, reserved 1048576K
Event: 13.185 GC heap after
Heap after GC invocations=13 (full 2):
 PSYoungGen      total 194560K, used 18712K [0x00000000e0000000, 0x00000000f1e00000, 0x0000000100000000)
  eden space 169472K, 0% used [0x00000000e0000000,0x00000000e0000000,0x00000000ea580000)
  from space 25088K, 74% used [0x00000000ea580000,0x00000000eb7c6280,0x00000000ebe00000)
  to   space 25600K, 0% used [0x00000000f0500000,0x00000000f0500000,0x00000000f1e00000)
 ParOldGen       total 202240K, used 26224K [0x00000000a0000000, 0x00000000ac580000, 0x00000000e0000000)
  object space 202240K, 12% used [0x00000000a0000000,0x00000000a199c270,0x00000000ac580000)
 Metaspace       used 52965K, capacity 54750K, committed 54912K, reserved 1097728K
  class space    used 7097K, capacity 7440K, committed 7552K, reserved 1048576K
}

Deoptimization events (10 events):
Event: 14.285 Thread 0x000000001a14f800 Uncommon trap: reason=unstable_if action=reinterpret pc=0x00000000040432bc method=org.objectweb.asm.ClassWriter.a(Ljava/lang/Object;)Lorg/objectweb/asm/Item; @ 117
Event: 14.432 Thread 0x000000001a14f800 Uncommon trap: reason=range_check action=make_not_entrant pc=0x0000000004036630 method=org.objectweb.asm.Type.a([CI)Lorg/objectweb/asm/Type; @ 162
Event: 14.512 Thread 0x000000001a14f800 Uncommon trap: reason=unstable_if action=reinterpret pc=0x0000000003ff3aa8 method=org.objectweb.asm.Type.getArgumentsAndReturnSizes(Ljava/lang/String;)I @ 41
Event: 14.781 Thread 0x000000001a14f800 Uncommon trap: reason=unstable_if action=reinterpret pc=0x0000000003fcd1c4 method=org.objectweb.asm.Frame.b(I)V @ 26
Event: 15.476 Thread 0x000000001a14f800 Uncommon trap: reason=unloaded action=reinterpret pc=0x000000000418071c method=org.objectweb.asm.ClassReader.readConst(I[C)Ljava/lang/Object; @ 122
Event: 15.550 Thread 0x000000001a14f800 Uncommon trap: reason=unstable_if action=reinterpret pc=0x0000000004121b4c method=org.objectweb.asm.Item.a(Lorg/objectweb/asm/Item;)Z @ 251
Event: 15.953 Thread 0x000000001a14f800 Uncommon trap: reason=unstable_if action=reinterpret pc=0x00000000041f5f64 method=org.objectweb.asm.Frame.a(Lorg/objectweb/asm/ClassWriter;I[II)Z @ 265
Event: 15.953 Thread 0x000000001a14f800 Uncommon trap: reason=unstable_if action=reinterpret pc=0x000000000414b118 method=org.objectweb.asm.Frame.a(Lorg/objectweb/asm/ClassWriter;I[II)Z @ 265
Event: 16.330 Thread 0x000000001a14f800 Uncommon trap: reason=unstable_if action=reinterpret pc=0x000000000414ce28 method=org.objectweb.asm.Type.a([CI)Lorg/objectweb/asm/Type; @ 165
Event: 16.338 Thread 0x000000001a14f800 Uncommon trap: reason=unstable_if action=reinterpret pc=0x0000000004216acc method=org.objectweb.asm.Frame.a(IILorg/objectweb/asm/ClassWriter;Lorg/objectweb/asm/Item;)V @ 1226

Internal exceptions (10 events):
Event: 7.463 Thread 0x000000001a14f800 Exception <a 'java/lang/NoSuchMethodError': <clinit>> (0x00000000e398d808) thrown at [C:\src\android\AOSP-openjdk\external\jetbrains\jdk\hotspot\src\share\vm\prims\jni.cpp, line 1613]
Event: 8.602 Thread 0x000000001a14f800 Implicit null exception at 0x0000000003b5582e to 0x0000000003b56731
Event: 9.300 Thread 0x000000001a14f800 Implicit null exception at 0x0000000002af52d7 to 0x0000000002af560d
Event: 11.491 Thread 0x000000001a14f800 Implicit null exception at 0x0000000003d36749 to 0x0000000003d346dd
Event: 11.491 Thread 0x000000001a14f800 Implicit null exception at 0x0000000003d36749 to 0x0000000003d346dd
Event: 11.501 Thread 0x000000001a14f800 Implicit null exception at 0x0000000003d36749 to 0x0000000003d346dd
Event: 11.884 Thread 0x000000001a14f800 Exception <a 'java/lang/NoSuchMethodError': java.lang.Object.lambda$negate$1(Ljava/lang/Object;)Z> (0x00000000e6a9a0a8) thrown at [C:\src\android\AOSP-openjdk\external\jetbrains\jdk\hotspot\src\share\vm\interpreter\linkResolver.cpp, line 582]
Event: 13.122 Thread 0x000000001a14f800 Exception <a 'java/io/FileNotFoundException'> (0x00000000ea27b418) thrown at [C:\src\android\AOSP-openjdk\external\jetbrains\jdk\hotspot\src\share\vm\prims\jni.cpp, line 709]
Event: 13.153 Thread 0x000000001af5e800 Exception <a 'java/lang/NoSuchMethodError': <clinit>> (0x00000000ea517560) thrown at [C:\src\android\AOSP-openjdk\external\jetbrains\jdk\hotspot\src\share\vm\prims\jni.cpp, line 1613]
Event: 15.673 Thread 0x000000001a14f800 Exception <a 'java/lang/NoSuchMethodError': <clinit>> (0x00000000e43fa1b0) thrown at [C:\src\android\AOSP-openjdk\external\jetbrains\jdk\hotspot\src\share\vm\prims\jni.cpp, line 1613]

Events (10 events):
Event: 16.330 Thread 0x000000001a14f800 DEOPT UNPACKING pc=0x000000000269556a sp=0x000000001c99ba18 mode 2
Event: 16.338 Thread 0x000000001a14f800 Uncommon trap: trap_request=0xffffff65 fr.pc=0x0000000004216acc
Event: 16.338 Thread 0x000000001a14f800 DEOPT PACKING pc=0x0000000004216acc sp=0x000000001c99b860
Event: 16.338 Thread 0x000000001a14f800 DEOPT UNPACKING pc=0x000000000269556a sp=0x000000001c99b810 mode 2
Event: 16.486 loading class net/sourceforge/jtds/jdbc/TdsData$TypeInfo
Event: 16.486 loading class net/sourceforge/jtds/jdbc/TdsData$TypeInfo done
Event: 16.536 loading class net/sourceforge/jtds/jdbc/TdsData
Event: 16.536 loading class net/sourceforge/jtds/jdbc/TdsData done
Event: 16.539 Thread 0x000000001a14f800 DEOPT PACKING pc=0x000000000393de1c sp=0x000000001c99b7a0
Event: 16.539 Thread 0x000000001a14f800 DEOPT UNPACKING pc=0x00000000026975bf sp=0x000000001c99b4f8 mode 0


Dynamic libraries:
0x00007ff791a30000 - 0x00007ff791a61000 	C:\Program Files\Android\Android Studio\jre\bin\java.exe
0x00007ff9cde00000 - 0x00007ff9cdfd1000 	C:\WINDOWS\SYSTEM32\ntdll.dll
0x00007ff9cc930000 - 0x00007ff9cc9db000 	C:\WINDOWS\System32\KERNEL32.DLL
0x00007ff9cafc0000 - 0x00007ff9cb1dd000 	C:\WINDOWS\System32\KERNELBASE.dll
0x00007ff9ccb10000 - 0x00007ff9ccbb2000 	C:\WINDOWS\System32\ADVAPI32.dll
0x00007ff9cdbc0000 - 0x00007ff9cdc5e000 	C:\WINDOWS\System32\msvcrt.dll
0x00007ff9ccaa0000 - 0x00007ff9ccaf9000 	C:\WINDOWS\System32\sechost.dll
0x00007ff9cd6b0000 - 0x00007ff9cd7d1000 	C:\WINDOWS\System32\RPCRT4.dll
0x00007ff9ccff0000 - 0x00007ff9cd155000 	C:\WINDOWS\System32\USER32.dll
0x00007ff9ca5e0000 - 0x00007ff9ca5fe000 	C:\WINDOWS\System32\win32u.dll
0x00007ff9cc9e0000 - 0x00007ff9cca14000 	C:\WINDOWS\System32\GDI32.dll
0x00007ff9ca3a0000 - 0x00007ff9ca522000 	C:\WINDOWS\System32\gdi32full.dll
0x00007ff9c2a20000 - 0x00007ff9c2c99000 	C:\WINDOWS\WinSxS\amd64_microsoft.windows.common-controls_6595b64144ccf1df_6.0.14393.447_none_42191651c6827bb3\COMCTL32.dll
0x00007ff9ccbc0000 - 0x00007ff9cce88000 	C:\WINDOWS\System32\combase.dll
0x00007ff9cb1e0000 - 0x00007ff9cb2d5000 	C:\WINDOWS\System32\ucrtbase.dll
0x00007ff9ca7d0000 - 0x00007ff9ca83a000 	C:\WINDOWS\System32\bcryptPrimitives.dll
0x00007ff9cda20000 - 0x00007ff9cda4e000 	C:\WINDOWS\System32\IMM32.DLL
0x00000000741c0000 - 0x0000000074292000 	C:\Program Files\Android\Android Studio\jre\jre\bin\msvcr100.dll
0x00000000742a0000 - 0x0000000074adc000 	C:\Program Files\Android\Android Studio\jre\jre\bin\server\jvm.dll
0x00007ff9cca20000 - 0x00007ff9cca28000 	C:\WINDOWS\System32\PSAPI.DLL
0x00007ff9c84f0000 - 0x00007ff9c8513000 	C:\WINDOWS\SYSTEM32\WINMM.dll
0x00007ff9bc610000 - 0x00007ff9bc619000 	C:\WINDOWS\SYSTEM32\WSOCK32.dll
0x00007ff9c60f0000 - 0x00007ff9c60fa000 	C:\WINDOWS\SYSTEM32\VERSION.dll
0x00007ff9cdb50000 - 0x00007ff9cdbba000 	C:\WINDOWS\System32\WS2_32.dll
0x00007ff9c8370000 - 0x00007ff9c839b000 	C:\WINDOWS\SYSTEM32\WINMMBASE.dll
0x00007ff9cb340000 - 0x00007ff9cb382000 	C:\WINDOWS\System32\cfgmgr32.dll
0x00007ff9c50c0000 - 0x00007ff9c50cf000 	C:\Program Files\Android\Android Studio\jre\jre\bin\verify.dll
0x00007ff9c2100000 - 0x00007ff9c2129000 	C:\Program Files\Android\Android Studio\jre\jre\bin\java.dll
0x00007ff9c2f20000 - 0x00007ff9c2f36000 	C:\Program Files\Android\Android Studio\jre\jre\bin\zip.dll
0x00007ff9cb420000 - 0x00007ff9cc929000 	C:\WINDOWS\System32\SHELL32.dll
0x00007ff9ca840000 - 0x00007ff9caf1a000 	C:\WINDOWS\System32\windows.storage.dll
0x00007ff9ca270000 - 0x00007ff9ca2bc000 	C:\WINDOWS\System32\powrprof.dll
0x00007ff9cd650000 - 0x00007ff9cd6a2000 	C:\WINDOWS\System32\shlwapi.dll
0x00007ff9ca2e0000 - 0x00007ff9ca2ef000 	C:\WINDOWS\System32\kernel.appcore.dll
0x00007ff9ca530000 - 0x00007ff9ca5d9000 	C:\WINDOWS\System32\shcore.dll
0x00007ff9ca2c0000 - 0x00007ff9ca2d4000 	C:\WINDOWS\System32\profapi.dll
0x00007ff9c2710000 - 0x00007ff9c272a000 	C:\Program Files\Android\Android Studio\jre\jre\bin\net.dll
0x00007ff9c9ac0000 - 0x00007ff9c9b1c000 	C:\WINDOWS\system32\mswsock.dll
0x00007ff9c13e0000 - 0x00007ff9c13f1000 	C:\Program Files\Android\Android Studio\jre\jre\bin\nio.dll
0x00007ff9b5070000 - 0x00007ff9b508e000 	C:\Users\cngz\.gradle\native\21\windows-amd64\native-platform.dll
0x00007ff9c9d40000 - 0x00007ff9c9d57000 	C:\WINDOWS\SYSTEM32\CRYPTSP.dll
0x00007ff9c9c40000 - 0x00007ff9c9c73000 	C:\WINDOWS\system32\rsaenh.dll
0x00007ff9c9e40000 - 0x00007ff9c9e6b000 	C:\WINDOWS\SYSTEM32\bcrypt.dll
0x00007ff9c9940000 - 0x00007ff9c995f000 	C:\WINDOWS\SYSTEM32\USERENV.dll
0x00007ff9c9d30000 - 0x00007ff9c9d3b000 	C:\WINDOWS\SYSTEM32\CRYPTBASE.dll
0x00007ff9c9850000 - 0x00007ff9c9888000 	C:\WINDOWS\SYSTEM32\IPHLPAPI.DLL
0x00007ff9cb410000 - 0x00007ff9cb418000 	C:\WINDOWS\System32\NSI.dll
0x00007ff9c3d50000 - 0x00007ff9c3d66000 	C:\WINDOWS\SYSTEM32\dhcpcsvc6.DLL
0x00007ff9c5390000 - 0x00007ff9c53aa000 	C:\WINDOWS\SYSTEM32\dhcpcsvc.DLL
0x00007ff9c13b0000 - 0x00007ff9c13bd000 	C:\Program Files\Android\Android Studio\jre\jre\bin\management.dll
0x00007ff9bb7b0000 - 0x00007ff9bb942000 	C:\WINDOWS\SYSTEM32\dbghelp.dll

VM Arguments:
jvm_args: -Xmx1536m -Dfile.encoding=windows-1254 -Duser.country=TR -Duser.language=tr -Duser.variant 
java_command: org.gradle.launcher.daemon.bootstrap.GradleDaemon 3.2
java_class_path (initial): C:\Users\cngz\.gradle\wrapper\dists\gradle-3.2-all\97ld1dyml0oep92x4lyn4g235\gradle-3.2\lib\gradle-launcher-3.2.jar
Launcher Type: SUN_STANDARD

Environment Variables:
PATH=C:\WINDOWS\system32;C:\WINDOWS;C:\WINDOWS\System32\Wbem;C:\WINDOWS\System32\WindowsPowerShell\v1.0\;C:\Program Files\Microsoft\Web Platform Installer\;C:\Program Files (x86)\Microsoft ASP.NET\ASP.NET Web Pages\v1.0\;C:\Program Files (x86)\Windows Kits\8.0\Windows Performance Toolkit\;C:\Program Files\Microsoft SQL Server\110\Tools\Binn\;C:\Program Files (x86)\Microsoft SQL Server\90\Tools\binn\;C:\Users\cngz\AppData\Local\Microsoft\WindowsApps;
USERNAME=cngz
OS=Windows_NT
PROCESSOR_IDENTIFIER=Intel64 Family 6 Model 58 Stepping 9, GenuineIntel



---------------  S Y S T E M  ---------------

OS: Windows 10.0 , 64 bit Build 14393 (10.0.14393.0)

CPU:total 8 (4 cores per cpu, 2 threads per core) family 6 model 58 stepping 9, cmov, cx8, fxsr, mmx, sse, sse2, sse3, ssse3, sse4.1, sse4.2, popcnt, avx, aes, clmul, erms, ht, tsc, tscinvbit, tscinv

Memory: 4k page, physical 16671536k(9695772k free), swap 19161904k(11368140k free)

vm_info: OpenJDK 64-Bit Server VM (25.112-b06) for windows-amd64 JRE (1.8.0_112-release-b06), built on Dec  8 2016 00:54:26 by "builder" with MS VC++ 10.0 (VS2010)

time: Fri Dec 23 13:25:59 2016
elapsed time: 16 seconds (0d 0h 0m 16s)

