#
# A fatal error has been detected by the Java Runtime Environment:
#
#  EXCEPTION_ACCESS_VIOLATION (0xc0000005) at pc=0x00000000669a42d8, pid=1260, tid=0x0000000000001cbc
#
# JRE version: OpenJDK Runtime Environment (8.0_112-b06) (build 1.8.0_112-release-b06)
# Java VM: OpenJDK 64-Bit Server VM (25.112-b06 mixed mode windows-amd64 compressed oops)
# Problematic frame:
# V  [jvm.dll+0x1142d8]
#
# Failed to write core dump. Minidumps are not enabled by default on client versions of Windows
#
# If you would like to submit a bug report, please visit:
#   http://bugreport.java.com/bugreport/crash.jsp
#

---------------  T H R E A D  ---------------

Current thread (0x0000000002f2d800):  GCTaskThread [stack: 0x0000000012ce0000,0x0000000012de0000] [id=7356]

siginfo: ExceptionCode=0xc0000005, reading address 0xffffffffffffffff

Registers:
RAX=0x00000000130e0000, RBX=0x0000000000000008, RCX=0x0000000000000000, RDX=0x0000000000000000
RSP=0x0000000012ddf8d0, RBP=0x0000000003003ae0, RSI=0x00000000e4dde6d8, RDI=0x0000000000000002
R8 =0x007fffffffb00000, R9 =0x0000000000000000, R10=0x000000000000000c, R11=0x0000000000000000
R12=0x00000000e4dde6f0, R13=0x0000000000000010, R14=0x00000000e4dde6a0, R15=0x0000000000000010
RIP=0x00000000669a42d8, EFLAGS=0x0000000000010246

Top of Stack: (sp=0x0000000012ddf8d0)
0x0000000012ddf8d0:   0000000003003ae0 000000006697e90a
0x0000000012ddf8e0:   0000000100019c40 00000000e4dde724
0x0000000012ddf8f0:   0000000003003ae0 00000000669a43f3
0x0000000012ddf900:   0000000000000000 0000000002f2daa0
0x0000000012ddf910:   0000000002f20ed0 0000000000000000
0x0000000012ddf920:   0000000000000008 0000000066c51fc0
0x0000000012ddf930:   0000000003003ae0 0000000000000004
0x0000000012ddf940:   0000000066ea0fe8 0000000066ea0fe8
0x0000000012ddf950:   00000000e4a98178 000000001ddef9d0
0x0000000012ddf960:   00000000e4dde670 00000000e4a981cc
0x0000000012ddf970:   0000000066ea1080 0000000003003a00
0x0000000012ddf980:   0000000003003ae0 0000000066ea10a8
0x0000000012ddf990:   0000000002f20e00 0000000002f20ed0
0x0000000012ddf9a0:   0000000002f2dab0 0000000002f2daa0
0x0000000012ddf9b0:   0000000066ea0fe8 0000000000000004
0x0000000012ddf9c0:   000000001ddef9d0 0000000000000000 

Instructions: (pc=0x00000000669a42d8)
0x00000000669a42b8:   05 33 d6 6a 00 49 c1 e8 03 49 d3 e8 41 0f b6 c0
0x00000000669a42c8:   49 c1 e8 06 24 3f 0f b6 d0 48 8b 05 48 d6 6a 00
0x00000000669a42d8:   4a 8b 0c c0 48 0f a3 d1 72 3e 48 8b cf e8 d6 0e
0x00000000669a42e8:   fd ff 84 c0 74 32 48 8b d7 48 8b cd e8 07 dd fc 


Register to memory mapping:

RAX=0x00000000130e0000 is an unknown value
RBX=0x0000000000000008 is an unknown value
RCX=0x0000000000000000 is an unknown value
RDX=0x0000000000000000 is an unknown value
RSP=0x0000000012ddf8d0 is an unknown value
RBP=0x0000000003003ae0 is an unknown value
RSI=0x00000000e4dde6d8 is an oop

[error occurred during error reporting (printing register info), id 0xc0000005]

Stack: [0x0000000012ce0000,0x0000000012de0000],  sp=0x0000000012ddf8d0,  free space=1022k
Native frames: (J=compiled Java code, j=interpreted, Vv=VM code, C=native code)
V  [jvm.dll+0x1142d8]
V  [jvm.dll+0x3c1fc0]
V  [jvm.dll+0x3bf95f]
V  [jvm.dll+0x3bce6e]
V  [jvm.dll+0x26c13a]
C  [msvcr100.dll+0x21d9f]
C  [msvcr100.dll+0x21e3b]
C  [KERNEL32.DLL+0x8364]
C  [ntdll.dll+0x670d1]


---------------  P R O C E S S  ---------------

Java Threads: ( => current thread )
  0x000000001ac13800 JavaThread "Stdin handler" [_thread_blocked, id=8444, stack(0x000000001d410000,0x000000001d510000)]
  0x000000001ac11800 JavaThread "Asynchronous log dispatcher for org.gradle.launcher.daemon.server.DefaultDaemonConnection@4c0c4072" [_thread_blocked, id=11544, stack(0x000000001d310000,0x000000001d410000)]
  0x000000001ac29000 JavaThread "Daemon worker" [_thread_blocked, id=11632, stack(0x000000001d210000,0x000000001d310000)]
  0x000000001b10e000 JavaThread "Cancel handler" [_thread_blocked, id=6928, stack(0x000000001d110000,0x000000001d210000)]
  0x000000001abd1800 JavaThread "pool-1-thread-1" [_thread_blocked, id=11664, stack(0x000000001d010000,0x000000001d110000)]
  0x000000001abd3800 JavaThread "Handler for socket connection from /127.0.0.1:59454 to /127.0.0.1:59455" [_thread_in_native, id=11416, stack(0x000000001cf10000,0x000000001d010000)]
  0x000000001a973800 JavaThread "Daemon" [_thread_blocked, id=7836, stack(0x000000001ce10000,0x000000001cf10000)]
  0x000000001aa5e800 JavaThread "Incoming local TCP Connector on port 59454" [_thread_in_native, id=11312, stack(0x000000001c750000,0x000000001c850000)]
  0x0000000018d53000 JavaThread "Service Thread" daemon [_thread_blocked, id=7992, stack(0x0000000019870000,0x0000000019970000)]
  0x0000000018cc5800 JavaThread "C1 CompilerThread3" daemon [_thread_blocked, id=7724, stack(0x0000000019770000,0x0000000019870000)]
  0x0000000018cc0800 JavaThread "C2 CompilerThread2" daemon [_thread_in_native, id=11592, stack(0x0000000019670000,0x0000000019770000)]
  0x0000000018cbf000 JavaThread "C2 CompilerThread1" daemon [_thread_blocked, id=9864, stack(0x0000000019570000,0x0000000019670000)]
  0x0000000018cbd000 JavaThread "C2 CompilerThread0" daemon [_thread_in_native, id=10900, stack(0x0000000019470000,0x0000000019570000)]
  0x0000000018cba800 JavaThread "Attach Listener" daemon [_thread_blocked, id=12208, stack(0x0000000019370000,0x0000000019470000)]
  0x0000000018cba000 JavaThread "Signal Dispatcher" daemon [_thread_blocked, id=3260, stack(0x0000000019270000,0x0000000019370000)]
  0x0000000003008800 JavaThread "Finalizer" daemon [_thread_blocked, id=11888, stack(0x0000000019090000,0x0000000019190000)]
  0x0000000016dcb000 JavaThread "Reference Handler" daemon [_thread_blocked, id=4524, stack(0x0000000018b90000,0x0000000018c90000)]
  0x0000000002f10800 JavaThread "main" [_thread_blocked, id=6340, stack(0x0000000002e10000,0x0000000002f10000)]

Other Threads:
  0x0000000016dc7000 VMThread [stack: 0x0000000018a90000,0x0000000018b90000] [id=11760]
  0x0000000018d58000 WatcherThread [stack: 0x0000000019970000,0x0000000019a70000] [id=12132]

=>0x0000000002f2d800 (exited) GCTaskThread [stack: 0x0000000012ce0000,0x0000000012de0000] [id=7356]

VM state:at safepoint (normal execution)

VM Mutex/Monitor currently owned by a thread:  ([mutex/lock_event])
[0x0000000002e0c000] Threads_lock - owner thread: 0x0000000016dc7000
[0x0000000002e0c580] Heap_lock - owner thread: 0x000000001ac29000

Heap:
 PSYoungGen      total 76288K, used 10724K [0x00000000e0000000, 0x00000000e5500000, 0x0000000100000000)
  eden space 65536K, 0% used [0x00000000e0000000,0x00000000e0000000,0x00000000e4000000)
  from space 10752K, 99% used [0x00000000e4a80000,0x00000000e54f9068,0x00000000e5500000)
  to   space 10752K, 0% used [0x00000000e4000000,0x00000000e4000000,0x00000000e4a80000)
 ParOldGen       total 175104K, used 2122K [0x00000000a0000000, 0x00000000aab00000, 0x00000000e0000000)
  object space 175104K, 1% used [0x00000000a0000000,0x00000000a0212b48,0x00000000aab00000)
 Metaspace       used 20781K, capacity 21096K, committed 21296K, reserved 1067008K
  class space    used 2771K, capacity 2869K, committed 2944K, reserved 1048576K

Card table byte_map: [0x00000000123d0000,0x00000000126e0000] byte_map_base: 0x0000000011ed0000

Marking Bits: (ParMarkBitMap*) 0x00000000670518f0
 Begin Bits: [0x00000000130e0000, 0x00000000148e0000)
 End Bits:   [0x00000000148e0000, 0x00000000160e0000)

Polling page: 0x0000000002d70000

CodeCache: size=245760Kb used=5694Kb max_used=5694Kb free=240066Kb
 bounds [0x0000000003010000, 0x00000000035b0000, 0x0000000012010000]
 total_blobs=2104 nmethods=1684 adapters=333
 compilation: enabled

Compilation events (10 events):
Event: 1.897 Thread 0x0000000018cbf000 1684       4       org.codehaus.groovy.reflection.CachedMethod::getModifiers (8 bytes)
Event: 1.898 Thread 0x0000000018cc5800 1685       3       org.codehaus.groovy.reflection.CachedMethod$MyComparator::compare (43 bytes)
Event: 1.898 Thread 0x0000000018cbf000 nmethod 1684 0x0000000003573fd0 code [0x0000000003574100, 0x0000000003574178]
Event: 1.898 Thread 0x0000000018cc5800 nmethod 1685 0x00000000035a0a50 code [0x00000000035a0c80, 0x00000000035a1a88]
Event: 1.898 Thread 0x0000000018cc5800 1686       3       org.codehaus.groovy.reflection.CachedMethod::compareToMethod (125 bytes)
Event: 1.899 Thread 0x0000000018cc5800 nmethod 1686 0x00000000035a1d90 code [0x00000000035a2000, 0x00000000035a34c8]
Event: 1.899 Thread 0x0000000018cc5800 1687       1       groovy.lang.MetaProperty::getType (5 bytes)
Event: 1.899 Thread 0x0000000018cc5800 nmethod 1687 0x00000000035a0790 code [0x00000000035a08e0, 0x00000000035a09f0]
Event: 1.899 Thread 0x0000000018cc5800 1688       3       groovy.lang.MetaBeanProperty::<init> (18 bytes)
Event: 1.899 Thread 0x0000000018cc5800 nmethod 1688 0x00000000035a0290 code [0x00000000035a0400, 0x00000000035a0670]

GC Heap History (5 events):
Event: 1.129 GC heap before
{Heap before GC invocations=1 (full 0):
 PSYoungGen      total 76288K, used 65536K [0x00000000e0000000, 0x00000000e5500000, 0x0000000100000000)
  eden space 65536K, 100% used [0x00000000e0000000,0x00000000e4000000,0x00000000e4000000)
  from space 10752K, 0% used [0x00000000e4a80000,0x00000000e4a80000,0x00000000e5500000)
  to   space 10752K, 0% used [0x00000000e4000000,0x00000000e4000000,0x00000000e4a80000)
 ParOldGen       total 175104K, used 0K [0x00000000a0000000, 0x00000000aab00000, 0x00000000e0000000)
  object space 175104K, 0% used [0x00000000a0000000,0x00000000a0000000,0x00000000aab00000)
 Metaspace       used 12807K, capacity 13156K, committed 13440K, reserved 1060864K
  class space    used 1687K, capacity 1805K, committed 1920K, reserved 1048576K
Event: 1.136 GC heap after
Heap after GC invocations=1 (full 0):
 PSYoungGen      total 76288K, used 8152K [0x00000000e0000000, 0x00000000e5500000, 0x0000000100000000)
  eden space 65536K, 0% used [0x00000000e0000000,0x00000000e0000000,0x00000000e4000000)
  from space 10752K, 75% used [0x00000000e4000000,0x00000000e47f6308,0x00000000e4a80000)
  to   space 10752K, 0% used [0x00000000e4a80000,0x00000000e4a80000,0x00000000e5500000)
 ParOldGen       total 175104K, used 16K [0x00000000a0000000, 0x00000000aab00000, 0x00000000e0000000)
  object space 175104K, 0% used [0x00000000a0000000,0x00000000a0004000,0x00000000aab00000)
 Metaspace       used 12807K, capacity 13156K, committed 13440K, reserved 1060864K
  class space    used 1687K, capacity 1805K, committed 1920K, reserved 1048576K
}
Event: 1.909 GC heap before
{Heap before GC invocations=2 (full 0):
 PSYoungGen      total 76288K, used 65460K [0x00000000e0000000, 0x00000000e5500000, 0x0000000100000000)
  eden space 65536K, 87% used [0x00000000e0000000,0x00000000e37f6f88,0x00000000e4000000)
  from space 10752K, 75% used [0x00000000e4000000,0x00000000e47f6308,0x00000000e4a80000)
  to   space 10752K, 0% used [0x00000000e4a80000,0x00000000e4a80000,0x00000000e5500000)
 ParOldGen       total 175104K, used 16K [0x00000000a0000000, 0x00000000aab00000, 0x00000000e0000000)
  object space 175104K, 0% used [0x00000000a0000000,0x00000000a0004000,0x00000000aab00000)
 Metaspace       used 20781K, capacity 21096K, committed 21296K, reserved 1067008K
  class space    used 2771K, capacity 2869K, committed 2944K, reserved 1048576K
Event: 1.919 GC heap after
Heap after GC invocations=2 (full 0):
 PSYoungGen      total 76288K, used 10724K [0x00000000e0000000, 0x00000000e5500000, 0x0000000100000000)
  eden space 65536K, 0% used [0x00000000e0000000,0x00000000e0000000,0x00000000e4000000)
  from space 10752K, 99% used [0x00000000e4a80000,0x00000000e54f9068,0x00000000e5500000)
  to   space 10752K, 0% used [0x00000000e4000000,0x00000000e4000000,0x00000000e4a80000)
 ParOldGen       total 175104K, used 2122K [0x00000000a0000000, 0x00000000aab00000, 0x00000000e0000000)
  object space 175104K, 1% used [0x00000000a0000000,0x00000000a0212b48,0x00000000aab00000)
 Metaspace       used 20781K, capacity 21096K, committed 21296K, reserved 1067008K
  class space    used 2771K, capacity 2869K, committed 2944K, reserved 1048576K
}
Event: 1.919 GC heap before
{Heap before GC invocations=3 (full 1):
 PSYoungGen      total 76288K, used 10724K [0x00000000e0000000, 0x00000000e5500000, 0x0000000100000000)
  eden space 65536K, 0% used [0x00000000e0000000,0x00000000e0000000,0x00000000e4000000)
  from space 10752K, 99% used [0x00000000e4a80000,0x00000000e54f9068,0x00000000e5500000)
  to   space 10752K, 0% used [0x00000000e4000000,0x00000000e4000000,0x00000000e4a80000)
 ParOldGen       total 175104K, used 2122K [0x00000000a0000000, 0x00000000aab00000, 0x00000000e0000000)
  object space 175104K, 1% used [0x00000000a0000000,0x00000000a0212b48,0x00000000aab00000)
 Metaspace       used 20781K, capacity 21096K, committed 21296K, reserved 1067008K
  class space    used 2771K, capacity 2869K, committed 2944K, reserved 1048576K

Deoptimization events (10 events):
Event: 1.612 Thread 0x000000001ac29000 Uncommon trap: reason=bimorphic action=maybe_recompile pc=0x00000000034550b0 method=java.lang.ClassLoader.loadClass(Ljava/lang/String;Z)Ljava/lang/Class; @ 38
Event: 1.613 Thread 0x000000001ac29000 Uncommon trap: reason=bimorphic action=maybe_recompile pc=0x00000000034550b0 method=java.lang.ClassLoader.loadClass(Ljava/lang/String;Z)Ljava/lang/Class; @ 38
Event: 1.614 Thread 0x000000001ac29000 Uncommon trap: reason=unstable_if action=reinterpret pc=0x00000000033326bc method=java.io.WinNTFileSystem.normalize(Ljava/lang/String;II)Ljava/lang/String; @ 90
Event: 1.614 Thread 0x000000001ac29000 Uncommon trap: reason=class_check action=maybe_recompile pc=0x000000000320d35c method=sun.misc.URLClassPath.getLoader(I)Lsun/misc/URLClassPath$Loader; @ 94
Event: 1.614 Thread 0x000000001ac29000 Uncommon trap: reason=class_check action=maybe_recompile pc=0x00000000032e882c method=sun.misc.URLClassPath.getResource(Ljava/lang/String;Z)Lsun/misc/Resource; @ 62
Event: 1.616 Thread 0x000000001ac29000 Uncommon trap: reason=bimorphic action=maybe_recompile pc=0x00000000034550b0 method=java.lang.ClassLoader.loadClass(Ljava/lang/String;Z)Ljava/lang/Class; @ 38
Event: 1.616 Thread 0x000000001ac29000 Uncommon trap: reason=bimorphic action=maybe_recompile pc=0x00000000034550b0 method=java.lang.ClassLoader.loadClass(Ljava/lang/String;Z)Ljava/lang/Class; @ 38
Event: 1.860 Thread 0x000000001ac29000 Uncommon trap: reason=class_check action=maybe_recompile pc=0x000000000320d4ec method=sun.misc.URLClassPath.getLoader(I)Lsun/misc/URLClassPath$Loader; @ 193
Event: 1.869 Thread 0x000000001ac29000 Uncommon trap: reason=class_check action=maybe_recompile pc=0x000000000320d4ec method=sun.misc.URLClassPath.getLoader(I)Lsun/misc/URLClassPath$Loader; @ 193
Event: 1.888 Thread 0x000000001ac29000 Uncommon trap: reason=class_check action=maybe_recompile pc=0x000000000320d4ec method=sun.misc.URLClassPath.getLoader(I)Lsun/misc/URLClassPath$Loader; @ 193

Internal exceptions (10 events):
Event: 1.864 Thread 0x000000001ac29000 Exception <a 'java/lang/ClassNotFoundException': org/gradle/groovy/scripts/BasicScriptCustomizer> (0x00000000e32594e8) thrown at [C:\src\android\AOSP-openjdk\external\jetbrains\jdk\hotspot\src\share\vm\classfile\systemDictionary.cpp, line 210]
Event: 1.865 Thread 0x000000001ac29000 Exception <a 'java/lang/ClassNotFoundException': org/gradle/groovy/scripts/DefaultScriptCustomizer> (0x00000000e32744c0) thrown at [C:\src\android\AOSP-openjdk\external\jetbrains\jdk\hotspot\src\share\vm\classfile\systemDictionary.cpp, line 210]
Event: 1.869 Thread 0x000000001ac29000 Exception <a 'java/lang/ClassNotFoundException': org/gradle/initialization/InitScriptCustomizer> (0x00000000e32b9c30) thrown at [C:\src\android\AOSP-openjdk\external\jetbrains\jdk\hotspot\src\share\vm\classfile\systemDictionary.cpp, line 210]
Event: 1.870 Thread 0x000000001ac29000 Exception <a 'java/lang/ClassNotFoundException': asLocalRepo1890_1slv6iwwj8njsj5vp562u0hk0Customizer> (0x00000000e32ccc20) thrown at [C:\src\android\AOSP-openjdk\external\jetbrains\jdk\hotspot\src\share\vm\classfile\systemDictionary.cpp, line 210]
Event: 1.882 Thread 0x000000001ac29000 Exception <a 'java/lang/ClassNotFoundException': org/gradle/api/internal/plugins/DefaultExtraPropertiesExtensionBeanInfo> (0x00000000e3377bb8) thrown at [C:\src\android\AOSP-openjdk\external\jetbrains\jdk\hotspot\src\share\vm\classfile\systemDictionary.cppxÅ@ã²þ?
Event: 1.882 Thread 0x000000001ac29000 Exception <a 'java/lang/ClassNotFoundException': org/gradle/api/internal/plugins/DefaultExtraPropertiesExtensionCustomizer> (0x00000000e338a308) thrown at [C:\src\android\AOSP-openjdk\external\jetbrains\jdk\hotspot\src\share\vm\classfile\systemDictionary.ceª©“‰?þ?
Event: 1.891 Thread 0x000000001ac29000 Exception <a 'java/lang/ClassNotFoundException': groovy/lang/Closure$1BeanInfo> (0x00000000e34214c0) thrown at [C:\src\android\AOSP-openjdk\external\jetbrains\jdk\hotspot\src\share\vm\classfile\systemDictionary.cpp, line 210]
Event: 1.891 Thread 0x000000001ac29000 Exception <a 'java/lang/ClassNotFoundException': groovy/lang/ClosureBeanInfo> (0x00000000e3435980) thrown at [C:\src\android\AOSP-openjdk\external\jetbrains\jdk\hotspot\src\share\vm\classfile\systemDictionary.cpp, line 210]
Event: 1.891 Thread 0x000000001ac29000 Exception <a 'java/lang/ClassNotFoundException': groovy/lang/ClosureCustomizer> (0x00000000e344a628) thrown at [C:\src\android\AOSP-openjdk\external\jetbrains\jdk\hotspot\src\share\vm\classfile\systemDictionary.cpp, line 210]
Event: 1.894 Thread 0x000000001ac29000 Exception <a 'java/lang/ClassNotFoundException': groovy/lang/Closure$1Customizer> (0x00000000e3488320) thrown at [C:\src\android\AOSP-openjdk\external\jetbrains\jdk\hotspot\src\share\vm\classfile\systemDictionary.cpp, line 210]

Events (10 events):
Event: 1.895 loading class org/codehaus/groovy/runtime/metaclass/ClosureMetaClass done
Event: 1.896 loading class org/codehaus/groovy/runtime/metaclass/ClosureMetaClass$1
Event: 1.896 loading class org/codehaus/groovy/runtime/metaclass/ClosureMetaClass$1 done
Event: 1.897 loading class org/codehaus/groovy/runtime/metaclass/ClosureMetaClass$MethodChooser
Event: 1.897 loading class org/codehaus/groovy/runtime/metaclass/ClosureMetaClass$MethodChooser done
Event: 1.898 loading class org/codehaus/groovy/runtime/metaclass/ClosureMetaClass$StandardClosureChooser
Event: 1.898 loading class org/codehaus/groovy/runtime/metaclass/ClosureMetaClass$StandardClosureChooser done
Event: 1.899 loading class org/codehaus/groovy/runtime/ArrayUtil
Event: 1.899 loading class org/codehaus/groovy/runtime/ArrayUtil done
Event: 1.909 Executing VM operation: CollectForMetadataAllocation


Dynamic libraries:
0x00007ff7f5040000 - 0x00007ff7f5071000 	C:\Program Files\Android\Android Studio\jre\bin\java.exe
0x00007ffe9f980000 - 0x00007ffe9fb51000 	C:\WINDOWS\SYSTEM32\ntdll.dll
0x00007ffe9d350000 - 0x00007ffe9d3fb000 	C:\WINDOWS\System32\KERNEL32.DLL
0x00007ffe9be70000 - 0x00007ffe9c08d000 	C:\WINDOWS\System32\KERNELBASE.dll
0x00007ffe9eec0000 - 0x00007ffe9ef62000 	C:\WINDOWS\System32\ADVAPI32.dll
0x00007ffe9d8b0000 - 0x00007ffe9d94e000 	C:\WINDOWS\System32\msvcrt.dll
0x00007ffe9d070000 - 0x00007ffe9d0c9000 	C:\WINDOWS\System32\sechost.dll
0x00007ffe9cf40000 - 0x00007ffe9d061000 	C:\WINDOWS\System32\RPCRT4.dll
0x00007ffe9d400000 - 0x00007ffe9d565000 	C:\WINDOWS\System32\USER32.dll
0x00007ffe9c470000 - 0x00007ffe9c48e000 	C:\WINDOWS\System32\win32u.dll
0x00007ffe9f670000 - 0x00007ffe9f6a4000 	C:\WINDOWS\System32\GDI32.dll
0x00007ffe9cd10000 - 0x00007ffe9ce92000 	C:\WINDOWS\System32\gdi32full.dll
0x00007ffe94fb0000 - 0x00007ffe95229000 	C:\WINDOWS\WinSxS\amd64_microsoft.windows.common-controls_6595b64144ccf1df_6.0.14393.447_none_42191651c6827bb3\COMCTL32.dll
0x00007ffe9f6b0000 - 0x00007ffe9f978000 	C:\WINDOWS\System32\combase.dll
0x00007ffe9cc10000 - 0x00007ffe9cd05000 	C:\WINDOWS\System32\ucrtbase.dll
0x00007ffe9cea0000 - 0x00007ffe9cf0a000 	C:\WINDOWS\System32\bcryptPrimitives.dll
0x00007ffe9cf10000 - 0x00007ffe9cf3e000 	C:\WINDOWS\System32\IMM32.DLL
0x00000000667b0000 - 0x0000000066882000 	C:\Program Files\Android\Android Studio\jre\jre\bin\msvcr100.dll
0x0000000066890000 - 0x00000000670cc000 	C:\Program Files\Android\Android Studio\jre\jre\bin\server\jvm.dll
0x00007ffe9f660000 - 0x00007ffe9f668000 	C:\WINDOWS\System32\PSAPI.DLL
0x00007ffe88ae0000 - 0x00007ffe88ae9000 	C:\WINDOWS\SYSTEM32\WSOCK32.dll
0x00007ffe981a0000 - 0x00007ffe981aa000 	C:\WINDOWS\SYSTEM32\VERSION.dll
0x00007ffe9a0f0000 - 0x00007ffe9a113000 	C:\WINDOWS\SYSTEM32\WINMM.dll
0x00007ffe9f1c0000 - 0x00007ffe9f22a000 	C:\WINDOWS\System32\WS2_32.dll
0x0000000002d00000 - 0x0000000002d2b000 	C:\WINDOWS\SYSTEM32\WINMMBASE.dll
0x00007ffe9c140000 - 0x00007ffe9c182000 	C:\WINDOWS\System32\cfgmgr32.dll
0x00007ffe99720000 - 0x00007ffe9972f000 	C:\Program Files\Android\Android Studio\jre\jre\bin\verify.dll
0x00007ffe93ca0000 - 0x00007ffe93cc9000 	C:\Program Files\Android\Android Studio\jre\jre\bin\java.dll
0x00007ffe98ad0000 - 0x00007ffe98ae6000 	C:\Program Files\Android\Android Studio\jre\jre\bin\zip.dll
0x00007ffe9d950000 - 0x00007ffe9ee59000 	C:\WINDOWS\System32\SHELL32.dll
0x00007ffe9c530000 - 0x00007ffe9cc0a000 	C:\WINDOWS\System32\windows.storage.dll
0x00007ffe9be10000 - 0x00007ffe9be5c000 	C:\WINDOWS\System32\powrprof.dll
0x00007ffe9d790000 - 0x00007ffe9d7e2000 	C:\WINDOWS\System32\shlwapi.dll
0x00007ffe9be60000 - 0x00007ffe9be6f000 	C:\WINDOWS\System32\kernel.appcore.dll
0x00007ffe9c090000 - 0x00007ffe9c139000 	C:\WINDOWS\System32\shcore.dll
0x00007ffe9bdf0000 - 0x00007ffe9be04000 	C:\WINDOWS\System32\profapi.dll
0x00007ffe969f0000 - 0x00007ffe96a0a000 	C:\Program Files\Android\Android Studio\jre\jre\bin\net.dll
0x00007ffe9b640000 - 0x00007ffe9b69c000 	C:\WINDOWS\system32\mswsock.dll
0x00007ffe93c80000 - 0x00007ffe93c91000 	C:\Program Files\Android\Android Studio\jre\jre\bin\nio.dll
0x00007ffe8b260000 - 0x00007ffe8b27e000 	C:\Users\cngz\.gradle\native\21\windows-amd64\native-platform.dll
0x00007ffe9b8c0000 - 0x00007ffe9b8d7000 	C:\WINDOWS\SYSTEM32\CRYPTSP.dll
0x00007ffe9b7c0000 - 0x00007ffe9b7f3000 	C:\WINDOWS\system32\rsaenh.dll
0x00007ffe9b9c0000 - 0x00007ffe9b9eb000 	C:\WINDOWS\SYSTEM32\bcrypt.dll
0x00007ffe9b4c0000 - 0x00007ffe9b4df000 	C:\WINDOWS\SYSTEM32\USERENV.dll
0x00007ffe9b8b0000 - 0x00007ffe9b8bb000 	C:\WINDOWS\SYSTEM32\CRYPTBASE.dll
0x00007ffe9b3d0000 - 0x00007ffe9b408000 	C:\WINDOWS\SYSTEM32\IPHLPAPI.DLL
0x00007ffe9d780000 - 0x00007ffe9d788000 	C:\WINDOWS\System32\NSI.dll
0x00007ffe97400000 - 0x00007ffe97416000 	C:\WINDOWS\SYSTEM32\dhcpcsvc6.DLL
0x00007ffe976c0000 - 0x00007ffe976da000 	C:\WINDOWS\SYSTEM32\dhcpcsvc.DLL
0x00007ffe92530000 - 0x00007ffe9253d000 	C:\Program Files\Android\Android Studio\jre\jre\bin\management.dll
0x00007ffe8f000000 - 0x00007ffe8f192000 	C:\WINDOWS\SYSTEM32\dbghelp.dll

VM Arguments:
jvm_args: -Xmx1536m -Dfile.encoding=windows-1254 -Duser.country=TR -Duser.language=tr -Duser.variant 
java_command: org.gradle.launcher.daemon.bootstrap.GradleDaemon 3.2
java_class_path (initial): C:\Users\cngz\.gradle\wrapper\dists\gradle-3.2-all\97ld1dyml0oep92x4lyn4g235\gradle-3.2\lib\gradle-launcher-3.2.jar
Launcher Type: SUN_STANDARD

Environment Variables:
PATH=C:\WINDOWS\system32;C:\WINDOWS;C:\WINDOWS\System32\Wbem;C:\WINDOWS\System32\WindowsPowerShell\v1.0\;C:\Program Files\Microsoft\Web Platform Installer\;C:\Program Files (x86)\Microsoft ASP.NET\ASP.NET Web Pages\v1.0\;C:\Program Files (x86)\Windows Kits\8.0\Windows Performance Toolkit\;C:\Program Files\Microsoft SQL Server\110\Tools\Binn\;C:\Program Files (x86)\Microsoft SQL Server\90\Tools\binn\;C:\Users\cngz\AppData\Local\Microsoft\WindowsApps;
USERNAME=cngz
OS=Windows_NT
PROCESSOR_IDENTIFIER=Intel64 Family 6 Model 58 Stepping 9, GenuineIntel



---------------  S Y S T E M  ---------------

OS: Windows 10.0 , 64 bit Build 14393 (10.0.14393.0)

CPU:total 8 (4 cores per cpu, 2 threads per core) family 6 model 58 stepping 9, cmov, cx8, fxsr, mmx, sse, sse2, sse3, ssse3, sse4.1, sse4.2, popcnt, avx, aes, clmul, erms, ht, tsc, tscinvbit, tscinv

Memory: 4k page, physical 16671536k(6799060k free), swap 19161904k(8354640k free)

vm_info: OpenJDK 64-Bit Server VM (25.112-b06) for windows-amd64 JRE (1.8.0_112-release-b06), built on Dec  8 2016 00:54:26 by "builder" with MS VC++ 10.0 (VS2010)

time: Thu Dec 22 11:00:12 2016
elapsed time: 1 seconds (0d 0h 0m 1s)

